0.7960873	583.936854	583.934808	-290.464374	-290.466421	
0.8012711	583.937563	583.934808	-290.463665	-290.466421	
0.8113038	583.939688	583.943534	-290.461541	-290.466421	
0.8214184	583.942446	583.943534	-290.458783	-290.457694	
0.8315611	583.945831	583.943534	-290.455398	-290.457694	
0.8417628	583.949862	583.952261	-290.451366	-290.448967	
0.8519114	583.954487	583.952261	-290.446742	-290.448967	
0.8620551	583.959727	583.952261	-290.441502	-290.440241	
0.8722218	583.965602	583.960988	-290.435626	-290.431514	
0.8823655	583.972079	583.969714	-290.429149	-290.422788	
0.8925491	583.979205	583.987168	-290.422024	-290.414061	
0.9030088	583.987192	583.987168	-290.414037	-290.405334	
0.9128865	583.995296	583.995894	-290.405933	-290.405334	
0.9230801	584.004296	584.013348	-290.396933	-290.396608	
0.9331858	584.013828	584.022074	-290.387401	-290.387881	
0.9433075	584.023989	584.022074	-290.37724	-290.387881	
0.9534972	584.034852	584.039528	-290.366376	-290.379154	
0.9636488	584.046281	584.056981	-290.354947	-290.370428	
0.9737695	584.058292	584.056981	-290.342936	-290.370428	
0.9840602	584.071152	584.065708	-290.330076	-290.370428	
0.9941088	584.084296	584.074434	-290.316932	-290.370428	
1.004452	584.098489	584.091887	-290.30274	-290.370428	
1.014571	584.11297	584.091887	-290.288259	-290.370428	
1.024704	584.128094	584.091887	-290.273135	-290.370428	
1.034921	584.143973	584.100614	-290.257256	-290.370428	
1.044955	584.16017	584.109341	-290.241059	-290.370428	
1.055157	584.177254	584.118067	-290.223975	-290.370428	
1.065331	584.194931	584.126794	-290.206298	-290.370428	
1.075415	584.213039	584.126794	-290.18819	-290.370428	
1.085603	584.231967	584.126794	-290.169262	-290.361701	
1.096119	584.252255	584.126794	-290.148974	-290.352974	
1.106237	584.272243	584.135521	-290.128986	-290.344248	
1.116332	584.292846	584.144247	-290.108383	-290.326794	
1.126473	584.314174	584.152974	-290.087055	-290.309341	
1.136597	584.336087	584.161701	-290.065142	-290.291888	
1.147043	584.359355	584.179154	-290.041873	-290.265708	
1.156968	584.382034	584.196607	-290.019195	-290.239528	
1.167069	584.405737	584.214061	-289.995492	-290.213348	
1.177303	584.430387	584.231514	-289.970842	-290.178441	
1.187314	584.455089	584.257694	-289.946139	-290.152261	
1.19772	584.481436	584.275147	-289.919792	-290.117355	
1.207946	584.507953	584.301327	-289.893276	-290.073722	
1.218054	584.534754	584.336234	-289.866475	-290.038815	
1.228295	584.562552	584.37114	-289.838677	-289.995182	
1.238412	584.590623	584.406047	-289.810605	-289.960275	
1.248956	584.62056	584.440953	-289.780668	-289.916642	
1.258904	584.64939	584.47586	-289.751839	-289.873009	
1.269036	584.679357	584.519493	-289.721872	-289.820649	
1.279179	584.709973	584.571853	-289.691256	-289.777016	
1.289317	584.741209	584.615486	-289.660019	-289.733382	
1.299505	584.773218	584.659119	-289.628011	-289.689749	
1.309699	584.805866	584.711479	-289.595363	-289.637389	
1.319833	584.838932	584.755113	-289.562296	-289.593756	
1.329993	584.872697	584.798746	-289.528531	-289.550123	
1.340169	584.907158	584.851106	-289.494071	-289.497763	
1.350299	584.942077	584.894739	-289.459152	-289.462856	
1.360458	584.977688	584.947099	-289.423541	-289.410497	
1.370711	585.01428	584.999459	-289.386949	-289.366863	
1.380724	585.050613	585.034365	-289.350616	-289.32323	
1.390885	585.088107	585.086725	-289.313121	-289.288324	
1.40106	585.126283	585.139085	-289.274946	-289.24469	
1.411271	585.165205	585.173992	-289.236024	-289.201057	
1.421379	585.20434	585.226351	-289.196888	-289.157424	
1.431532	585.244277	585.269985	-289.156951	-289.113791	
1.441658	585.284731	585.313618	-289.116498	-289.078884	
1.451787	585.3258	585.348525	-289.075429	-289.035251	
1.461956	585.367644	585.400884	-289.033584	-288.991618	
1.472158	585.410412	585.435791	-288.990817	-288.956711	
1.482285	585.453202	585.488151	-288.948027	-288.913078	
1.492401	585.496661	585.523057	-288.904568	-288.878171	
1.502555	585.540946	585.557964	-288.860282	-288.834538	
1.51277	585.586122	585.592871	-288.815107	-288.799631	
1.522958	585.631764	585.627777	-288.769465	-288.764725	
1.53306	585.677666	585.662684	-288.723562	-288.721092	
1.543225	585.724449	585.706317	-288.676779	-288.686185	
1.55336	585.771723	585.74995	-288.629505	-288.642552	
1.56536	585.828647	585.80231	-288.572581	-288.590192	
1.579292	585.896008	585.863397	-288.50522	-288.537832	
1.589449	585.945576	585.90703	-288.455652	-288.494199	
1.599554	585.995511	585.941936	-288.405718	-288.450565	
1.610516	586.050409	585.994296	-288.350819	-288.415659	
1.620095	586.098925	586.03793	-288.302303	-288.363299	
1.630267	586.151073	586.081563	-288.250156	-288.319666	
1.640391	586.203583	586.125196	-288.197646	-288.276033	
1.650597	586.257135	586.177556	-288.144094	-288.223673	
1.660749	586.311025	586.221189	-288.090204	-288.171313	
1.671076	586.366484	586.282276	-288.034745	-288.12768	
1.681171	586.421351	586.325909	-287.979878	-288.07532	
1.691593	586.476684	586.386995	-287.924544	-288.02296	
1.701665	586.529591	586.430629	-287.871638	-287.961873	
1.711932	586.582915	586.500442	-287.818313	-287.909513	
1.722315	586.636208	586.552802	-287.76502	-287.848427	
1.74083	586.728798	586.657521	-287.672431	-287.743707	
1.745767	586.753533	586.692428	-287.647696	-287.717527	
1.756269	586.805372	586.744788	-287.595857	-287.656441	
1.766129	586.853488	586.805874	-287.54774	-287.595354	
1.776272	586.902368	586.866961	-287.498861	-287.534268	
1.786442	586.950821	586.919321	-287.450408	-287.473181	
1.796861	586.999777	586.980407	-287.401452	-287.412095	
1.806894	587.046362	587.032767	-287.354867	-287.351008	
1.817267	587.093908	587.093854	-287.307321	-287.289922	
1.827428	587.139873	587.15494	-287.261355	-287.228835	
1.8376	587.185317	587.198574	-287.215911	-287.176475	
1.847939	587.230867	587.25966	-287.170361	-287.115389	
1.857995	587.274573	587.303293	-287.126655	-287.063029	
1.86837	587.319062	587.36438	-287.082167	-287.001942	
1.878416	587.361571	587.408013	-287.039657	-286.949582	
1.897226	587.438634	587.49528	-286.962594	-286.862316	
1.902056	587.458479	587.521459	-286.94275	-286.836136	
1.913783	587.505653	587.573819	-286.895575	-286.783776	
1.922896	587.541881	587.617453	-286.859347	-286.740143	
1.932869	587.580957	587.652359	-286.820272	-286.69651	
1.94309	587.620395	587.695992	-286.780834	-286.652876	
1.953259	587.659025	587.739626	-286.742204	-286.61797	
1.963509	587.697361	587.783259	-286.703868	-286.574337	
1.973639	587.734662	587.826892	-286.666566	-286.53943	
1.984064	587.772428	587.861799	-286.6288	-286.504523	
1.994081	587.808156	587.896705	-286.593072	-286.469617	
2.004466	587.84456	587.931612	-286.556669	-286.43471	
2.015179	587.881429	587.966518	-286.5198	-286.399804	
2.025484	587.91632	588.001425	-286.484908	-286.373624	
2.035703	587.95031	588.036332	-286.450919	-286.347444	
2.04596	587.983826	588.071238	-286.417403	-286.321264	
2.056446	588.017452	588.097418	-286.383776	-286.295084	
2.066264	588.048411	588.123598	-286.352818	-286.268904	
2.07659	588.080357	588.149778	-286.320872	-286.251451	
2.086778	588.111276	588.175958	-286.289953	-286.225271	
2.105264	588.164993	588.202138	-286.236235	-286.207817	
2.110063	588.178993	588.237044	-286.222235	-286.181637	
2.120508	588.208694	588.254498	-286.192534	-286.164184	
2.130459	588.23642	588.280678	-286.164808	-286.146731	
2.140711	588.264394	588.298131	-286.136834	-286.129278	
2.15092	588.291664	588.315584	-286.109565	-286.111824	
2.161147	588.318386	588.333038	-286.082843	-286.094371	
2.171397	588.344563	588.350491	-286.056666	-286.076918	
2.181578	588.369994	588.376671	-286.031234	-286.068191	
2.191704	588.394697	588.385397	-286.006532	-286.050738	
2.202023	588.419272	588.411577	-285.981957	-286.042011	
2.212541	588.443687	588.420304	-285.957542	-286.015831	
2.222422	588.466107	588.446484	-285.935122	-286.007105	
2.232639	588.488686	588.455211	-285.912543	-285.980925	
2.242915	588.510787	588.481391	-285.890442	-285.963471	
2.253085	588.532095	588.498844	-285.869134	-285.937291	
2.263294	588.552901	588.525024	-285.848328	-285.919838	
2.273542	588.573199	588.542477	-285.82803	-285.902385	
2.283754	588.592844	588.55993	-285.808384	-285.876205	
2.293977	588.61192	588.577384	-285.789309	-285.858752	
2.304251	588.630572	588.594837	-285.770657	-285.841298	
2.316026	588.651007	588.61229	-285.750222	-285.823845	
2.324644	588.665663	588.629744	-285.735565	-285.797665	
2.334866	588.682432	588.655923	-285.718796	-285.780212	
2.345065	588.698583	588.66465	-285.702645	-285.762758	
2.355349	588.71429	588.699557	-285.686938	-285.736578	
2.365468	588.729186	588.71701	-285.672043	-285.710399	
2.375692	588.743665	588.734463	-285.657564	-285.684219	
2.385963	588.757637	588.760643	-285.643592	-285.658039	
2.396514	588.771375	588.786823	-285.629854	-285.631859	
2.406342	588.783665	588.804276	-285.617564	-285.614405	
2.417825	588.797269	588.830456	-285.60396	-285.588226	
2.426616	588.807328	588.84791	-285.5939	-285.562046	
2.436891	588.818491	588.87409	-285.582738	-285.544592	
2.447414	588.82932	588.891543	-285.571909	-285.518412	
2.457522	588.839195	588.908996	-285.562034	-285.509686	
2.46784	588.848709	588.92645	-285.55252	-285.483506	
2.477748	588.857343	588.943903	-285.543886	-285.474779	
2.487981	588.865709	588.961356	-285.535519	-285.457326	
2.498148	588.873495	588.978809	-285.527734	-285.448599	
2.517653	588.886022	588.996263	-285.515207	-285.422419	
2.531089	588.89399	589.013716	-285.507238	-285.404966	
2.535892	588.89683	589.013716	-285.504398	-285.404966	
2.546122	588.902248	589.013716	-285.498981	-285.396239	
2.564744	588.910115	589.013716	-285.491114	-285.378786	
2.56958	588.912214	589.013716	-285.489015	-285.378786	
2.579683	588.916038	589.013716	-285.48519	-285.370059	
2.589913	588.919468	589.013716	-285.481761	-285.370059	
2.600402	588.922526	589.004989	-285.478703	-285.370059	
2.610428	588.925065	588.996263	-285.476163	-285.370059	
2.621222	588.927346	588.987536	-285.473883	-285.378786	
2.631232	588.929125	588.978809	-285.472104	-285.378786	
2.641453	588.934808	588.978809	-285.466421	-285.387513	
2.651611	588.934808	588.978809	-285.466421	-285.396239	
2.66175	588.934808	588.978809	-285.466421	-285.404966	
2.671943	588.934808	588.978809	-285.466421	-285.413693	
2.682207	588.934808	588.978809	-285.466421	-285.422419	
2.692525	588.934808	588.987536	-285.466421	-285.431146	
2.702674	588.934808	588.996263	-285.466421	-285.431146	
2.712909	588.934808	588.996263	-285.466421	-285.439873	
2.73168	588.934808	588.996263	-285.466421	-285.439873	
2.736474	588.934808	588.996263	-285.466421	-285.431146	
2.758684	588.934808	588.987536	-285.466421	-285.422419	
2.763501	588.934808	588.978809	-285.466421	-285.413693	
2.773765	588.934808	588.978809	-285.466421	-285.413693	
2.783902	588.934808	588.978809	-285.466421	-285.404966	
2.794228	588.934808	588.978809	-285.466421	-285.404966	
2.804562	588.934808	588.970083	-285.466421	-285.404966	
2.81476	588.934808	588.970083	-285.466421	-285.404966	
2.833317	588.934808	588.961356	-285.466421	-285.413693	
2.838083	588.934808	588.943903	-285.466421	-285.413693	
2.848331	588.934808	588.943903	-285.466421	-285.413693	
2.875016	588.934808	588.943903	-285.466421	-285.431146	
2.87977	588.934808	588.943903	-285.466421	-285.431146	
2.889995	588.934808	588.943903	-285.466421	-285.431146	
2.900174	588.934808	588.943903	-285.466421	-285.431146	
2.910381	588.934808	588.943903	-285.466421	-285.431146	
2.921282	588.934808	588.943903	-285.466421	-285.431146	
2.930779	588.934808	588.943903	-285.466421	-285.431146	
2.940983	588.934808	588.943903	-285.466421	-285.431146	
2.951174	588.934808	588.943903	-285.466421	-285.439873	
2.961325	588.934808	588.943903	-285.466421	-285.439873	
2.971568	588.934808	588.943903	-285.466421	-285.439873	
2.981754	588.934808	588.943903	-285.466421	-285.431146	
2.991979	588.934808	588.943903	-285.466421	-285.431146	
3.002175	588.934808	588.943903	-285.466421	-285.422419	
3.012433	588.934808	588.943903	-285.466421	-285.422419	
3.023395	588.934808	588.943903	-285.466421	-285.431146	
3.032973	588.934808	588.943903	-285.466421	-285.431146	
3.043046	588.934808	588.943903	-285.466421	-285.439873	
3.053198	588.934808	588.943903	-285.466421	-285.439873	
3.063376	588.934808	588.943903	-285.466421	-285.448599	
3.073617	588.934808	588.943903	-285.466421	-285.448599	
3.083957	588.934808	588.943903	-285.466421	-285.457326	
3.093951	588.934808	588.943903	-285.466421	-285.466052	
3.104162	588.934808	588.943903	-285.466421	-285.466052	
3.11434	588.934808	588.943903	-285.466421	-285.474779	
3.124928	588.934808	588.943903	-285.466421	-285.474779	
3.135085	588.934808	588.943903	-285.466421	-285.474779	
3.145318	588.934808	588.943903	-285.466421	-285.474779	
3.155472	588.934808	588.943903	-285.466421	-285.474779	
3.166026	588.934808	588.943903	-285.466421	-285.474779	
3.175888	588.934808	588.943903	-285.466421	-285.474779	
3.186221	588.934808	588.943903	-285.466421	-285.474779	
3.196454	588.934808	588.943903	-285.466421	-285.474779	
3.206776	588.934808	588.943903	-285.466421	-285.474779	
3.216798	588.934808	588.943903	-285.466421	-285.474779	
3.227264	588.934808	588.943903	-285.466421	-285.474779	
3.23721	588.934808	588.943903	-285.466421	-285.474779	
3.247631	588.934808	588.943903	-285.466421	-285.474779	
3.257597	588.934808	588.943903	-285.466421	-285.474779	
3.267778	588.934808	588.943903	-285.466421	-285.474779	
3.277949	588.934808	588.943903	-285.466421	-285.474779	
3.288175	588.934808	588.943903	-285.466421	-285.474779	
3.298341	588.934808	588.943903	-285.466421	-285.474779	
3.317119	588.934808	588.943903	-285.466421	-285.474779	
3.321904	588.934808	588.943903	-285.466421	-285.474779	
3.332095	588.934808	588.943903	-285.466421	-285.474779	
3.342248	588.934808	588.943903	-285.466421	-285.474779	
3.352504	588.934808	588.943903	-285.466421	-285.474779	
3.36265	588.934808	588.943903	-285.466421	-285.474779	
3.373035	588.934808	588.943903	-285.466421	-285.474779	
3.383027	588.934808	588.943903	-285.466421	-285.474779	
3.393246	588.934808	588.943903	-285.466421	-285.474779	
3.403671	588.934808	588.943903	-285.466421	-285.474779	
3.413644	588.934808	588.943903	-285.466421	-285.474779	
3.423867	588.934808	588.943903	-285.466421	-285.474779	
3.434032	588.934808	588.943903	-285.466421	-285.474779	
3.444432	588.934808	588.943903	-285.466421	-285.474779	
3.454488	588.934808	588.943903	-285.466421	-285.474779	
3.464625	588.934808	588.943903	-285.466421	-285.474779	
3.474918	588.934808	588.943903	-285.466421	-285.474779	
3.485064	588.934808	588.943903	-285.466421	-285.474779	
3.495228	588.934808	588.943903	-285.466421	-285.474779	
3.505735	588.934808	588.943903	-285.466421	-285.474779	
3.515696	588.934808	588.943903	-285.466421	-285.474779	
3.525872	588.934808	588.943903	-285.466421	-285.474779	
3.536021	588.934808	588.943903	-285.466421	-285.474779	
3.546232	588.934808	588.943903	-285.466421	-285.474779	
3.556464	588.934808	588.943903	-285.466421	-285.474779	
3.566633	588.934808	588.943903	-285.466421	-285.474779	
3.57685	588.934808	588.943903	-285.466421	-285.474779	
3.587204	588.934808	588.943903	-285.466421	-285.474779	
3.597694	588.934808	588.943903	-285.466421	-285.474779	
3.607443	588.934808	588.943903	-285.466421	-285.474779	
3.617678	588.934808	588.943903	-285.466421	-285.474779	
3.628083	588.934808	588.943903	-285.466421	-285.474779	
3.638204	588.934808	588.943903	-285.466421	-285.474779	
3.648272	588.934808	588.943903	-285.466421	-285.474779	
3.6585	588.934808	588.943903	-285.466421	-285.474779	
3.668838	588.934808	588.943903	-285.466421	-285.474779	
3.678957	588.934808	588.943903	-285.466421	-285.474779	
3.689961	588.934808	588.943903	-285.466421	-285.474779	
3.699515	588.934808	588.943903	-285.466421	-285.474779	
3.709532	588.934808	588.943903	-285.466421	-285.474779	
3.719724	588.934808	588.943903	-285.466421	-285.474779	
3.729983	588.934808	588.943903	-285.466421	-285.474779	
3.740181	588.934808	588.943903	-285.466421	-285.474779	
3.750395	588.934808	588.943903	-285.466421	-285.474779	
3.760544	588.934808	588.943903	-285.466421	-285.474779	
3.770748	588.934808	588.943903	-285.466421	-285.474779	
3.780966	588.934808	588.943903	-285.466421	-285.474779	
3.791157	588.934808	588.943903	-285.466421	-285.474779	
3.801303	588.934808	588.943903	-285.466421	-285.474779	
3.811535	588.934808	588.943903	-285.466421	-285.474779	
3.821687	588.934808	588.943903	-285.466421	-285.474779	
3.832091	588.934808	588.943903	-285.466421	-285.474779	
3.842104	588.934808	588.943903	-285.466421	-285.474779	
3.852315	588.935747	588.943903	-285.465482	-285.474779	
3.862465	588.937296	588.943903	-285.463932	-285.474779	
3.872693	588.939487	588.943903	-285.461741	-285.474779	
3.882891	588.942294	588.943903	-285.458934	-285.474779	
3.89306	588.945715	588.943903	-285.455514	-285.466052	
3.903292	588.949787	588.943903	-285.451442	-285.466052	
3.913451	588.954443	588.952629	-285.446785	-285.466052	
3.923668	588.959759	588.961356	-285.441469	-285.457326	
3.933834	588.965662	588.961356	-285.435567	-285.457326	
3.944073	588.972242	588.961356	-285.428986	-285.448599	
3.954256	588.979405	588.970083	-285.421823	-285.439873	
3.964511	588.987251	588.978809	-285.413978	-285.431146	
3.974632	588.995609	588.978809	-285.40562	-285.422419	
3.984859	589.004682	588.978809	-285.396547	-285.413693	
3.995128	589.014428	588.996263	-285.386801	-285.404966	
4.005229	589.024617	589.004989	-285.376611	-285.396239	
4.023919	589.046062	589.013716	-285.355167	-285.378786	
4.028858	589.051664	589.013716	-285.349565	-285.370059	
4.039017	589.063973	589.031169	-285.337255	-285.361333	
4.050419	589.078617	589.039896	-285.322611	-285.352606	
4.06773	589.10295	589.048623	-285.298279	-285.343879	
4.072558	589.109706	589.048623	-285.291523	-285.343879	
4.082776	589.124765	589.066076	-285.276463	-285.335153	
4.092971	589.140423	589.074802	-285.260806	-285.335153	
4.103167	589.156707	589.074802	-285.244522	-285.335153	
4.11338	589.173643	589.083529	-285.227585	-285.335153	
4.123598	589.191215	589.083529	-285.210014	-285.335153	
4.133821	589.209424	589.100982	-285.191805	-285.335153	
4.144057	589.228287	589.109709	-285.172942	-285.335153	
4.154253	589.247689	589.118436	-285.15354	-285.326426	
4.164539	589.26791	589.118436	-285.133318	-285.326426	
4.174663	589.288415	589.135889	-285.112814	-285.317699	
4.184895	589.309774	589.153342	-285.091455	-285.308973	
4.195162	589.331837	589.153342	-285.069392	-285.29152	
4.205249	589.35412	589.179522	-285.047108	-285.274066	
4.215472	589.377341	589.188249	-285.023888	-285.256613	
4.225758	589.401328	589.214429	-284.9999	-285.23916	
4.235933	589.425687	589.231882	-284.975541	-285.204253	
4.246237	589.450994	589.258062	-284.950235	-285.178073	
4.256426	589.476637	589.284242	-284.924591	-285.151893	
4.266577	589.502805	589.310422	-284.898424	-285.116987	
4.276864	589.529943	589.345329	-284.871285	-285.08208	
4.287157	589.557755	589.380235	-284.843473	-285.047173	
4.297496	589.586318	589.415142	-284.814911	-285.00354	
4.307571	589.614765	589.450048	-284.786463	-284.959907	
4.31773	589.64407	589.493682	-284.757159	-284.916274	
4.32814	589.674741	589.537315	-284.726488	-284.872641	
4.338274	589.705212	589.572221	-284.696017	-284.829007	
4.348583	589.736884	589.624581	-284.664345	-284.785374	
4.367434	589.797352	589.711848	-284.603877	-284.689381	
4.37266	589.814076	589.729301	-284.587152	-284.671928	
4.382474	589.846191	589.781661	-284.555037	-284.619568	
4.392683	589.880223	589.825294	-284.521006	-284.575935	
4.402882	589.914848	589.877654	-284.486381	-284.523575	
4.413094	589.950157	589.921287	-284.451072	-284.471215	
4.423309	589.986082	589.96492	-284.415147	-284.427582	
4.433521	590.022625	590.026007	-284.378604	-284.375222	
4.443723	590.059786	590.060914	-284.341443	-284.331588	
4.455755	590.104506	590.113273	-284.296723	-284.279229	
4.464164	590.136107	590.165633	-284.265121	-284.235595	
4.474645	590.176207	590.209267	-284.225021	-284.191962	
4.484901	590.216082	590.2529	-284.185146	-284.148329	
4.495124	590.256463	590.296533	-284.144766	-284.104696	
4.505346	590.297459	590.340166	-284.10377	-284.061062	
4.515674	590.339498	590.375073	-284.06173	-284.017429	
4.525872	590.381666	590.418706	-284.019563	-283.973796	
4.535996	590.424119	590.462339	-283.97711	-283.938889	
4.546323	590.468061	590.505972	-283.933168	-283.895256	
4.556663	590.512717	590.549606	-283.888511	-283.851623	
4.566776	590.557005	590.584512	-283.844224	-283.816716	
4.585333	590.640796	590.619419	-283.760433	-283.773083	
4.590152	590.662486	590.671779	-283.738743	-283.72945	
4.600553	590.710124	590.706685	-283.691105	-283.685817	
4.610563	590.756583	590.750319	-283.644646	-283.65091	
4.620782	590.80464	590.793952	-283.596589	-283.607277	
4.632329	590.859808	590.828858	-283.541421	-283.57237	
4.641107	590.902082	590.863765	-283.499147	-283.528737	
4.651136	590.951051	590.907398	-283.450177	-283.49383	
4.66128	591.001228	590.959758	-283.400001	-283.450197	
4.671686	591.053364	591.003391	-283.347865	-283.406564	
4.681568	591.103399	591.038298	-283.297829	-283.354204	
4.691688	591.155293	591.081931	-283.245936	-283.319297	
4.701811	591.207811	591.134291	-283.193417	-283.266938	
4.711999	591.261313	591.177924	-283.139915	-283.223304	
4.72217	591.315325	591.221557	-283.085904	-283.170944	
4.73229	591.369678	591.282644	-283.03155	-283.118585	
4.742587	591.425657	591.326277	-282.975571	-283.074951	
4.752613	591.480709	591.378637	-282.92052	-283.013865	
4.763165	591.539385	591.430997	-282.861844	-282.961505	
4.773518	591.597575	591.492084	-282.803653	-282.909145	
4.78308	591.651789	591.535717	-282.749439	-282.848059	
4.793206	591.709888	591.596803	-282.691341	-282.786972	
4.803417	591.76909	591.65789	-282.632139	-282.725886	
4.813558	591.828513	591.718976	-282.572716	-282.664799	
4.823677	591.888409	591.771336	-282.51282	-282.603712	
4.833845	591.949223	591.841149	-282.452006	-282.533899	
4.844004	592.010608	591.910963	-282.390621	-282.472813	
4.854143	592.072495	591.972049	-282.328734	-282.403	
4.864604	592.13702	592.033136	-282.264209	-282.341913	
4.874578	592.199112	592.102949	-282.202117	-282.2721	
4.884705	592.262738	592.172762	-282.13849	-282.202287	
4.894811	592.32687	592.242575	-282.074359	-282.132474	
4.904917	592.391666	592.312388	-282.009562	-282.06266	
4.915181	592.458014	592.382201	-281.943214	-281.992847	
4.925244	592.523702	592.452015	-281.877526	-281.923034	
4.935391	592.590585	592.530554	-281.810643	-281.844494	
4.945609	592.658565	592.609094	-281.742663	-281.774681	
4.956021	592.728506	592.678907	-281.672723	-281.704868	
4.965876	592.795239	592.748721	-281.605989	-281.626328	
4.976626	592.868776	592.818534	-281.532452	-281.556515	
4.986166	592.934501	592.897074	-281.466728	-281.477975	
4.996295	593.004953	592.975613	-281.396276	-281.408162	
5.006442	593.076156	593.054153	-281.325073	-281.329622	
5.016618	593.148163	593.123966	-281.253066	-281.259809	
5.026713	593.220213	593.202506	-281.181016	-281.189996	
5.036938	593.293829	593.272319	-281.1074	-281.120183	
5.047037	593.367154	593.342133	-281.034075	-281.041643	
5.057747	593.445637	593.411946	-280.955592	-280.97183	
5.067361	593.516592	593.481759	-280.884637	-280.89329	
5.087589	593.669043	593.551572	-280.732186	-280.823477	
5.092374	593.704992	593.656292	-280.696237	-280.718757	
5.102627	593.782844	593.734832	-280.618384	-280.640217	
5.1129	593.861514	593.813371	-280.539715	-280.561677	
5.123207	593.941059	593.891911	-280.46017	-280.491864	
5.133329	594.019777	593.970451	-280.381452	-280.413324	
5.143568	594.100086	594.040264	-280.301143	-280.334784	
5.153867	594.1814	594.118804	-280.219829	-280.247518	
5.173424	594.338767	594.275884	-280.062462	-280.099165	
5.177982	594.375298	594.31079	-280.02593	-280.064258	
5.188163	594.457834	594.38933	-279.943394	-279.985719	
5.198252	594.540232	594.46787	-279.860996	-279.907179	
5.216699	594.693446	594.616223	-279.707783	-279.758826	
5.221231	594.730942	594.651129	-279.670286	-279.723919	
5.231398	594.815993	594.738396	-279.585236	-279.645379	
5.241559	594.901655	594.816936	-279.499573	-279.56684	
5.251698	594.987715	594.904202	-279.413514	-279.479573	
5.263119	595.085534	594.982742	-279.315695	-279.401033	
5.272089	595.162676	595.078735	-279.238552	-279.313767	
5.282225	595.250549	595.166002	-279.15068	-279.235227	
5.292381	595.339232	595.261995	-279.061997	-279.147961	
5.302487	595.428081	595.340535	-278.973148	-279.060694	
5.312675	595.518311	595.436528	-278.882917	-278.973428	
5.322842	595.60894	595.532521	-278.792289	-278.886161	
5.332976	595.699899	595.611061	-278.70133	-278.798895	
5.34313	595.791647	595.707054	-278.609582	-278.711628	
5.353248	595.883692	595.803047	-278.517537	-278.615635	
5.364734	595.989113	595.890313	-278.412115	-278.528369	
5.373604	596.070791	595.995033	-278.330438	-278.432376	
5.383724	596.164667	596.091026	-278.236561	-278.336382	
5.393923	596.25995	596.187019	-278.141278	-278.240389	
5.404009	596.354794	596.283012	-278.046434	-278.153123	
5.414189	596.451099	596.379005	-277.95013	-278.048403	
5.424314	596.545688	596.483725	-277.85554	-277.95241	
5.43451	596.64034	596.588445	-277.760889	-277.84769	
5.444715	596.734464	596.693165	-277.666765	-277.751697	
5.45487	596.827479	596.797884	-277.573749	-277.646977	
5.466254	596.931022	596.893878	-277.470206	-277.550984	
5.475434	597.013948	596.998597	-277.387281	-277.446265	
5.485293	597.10247	597.103317	-277.298759	-277.341545	
5.495426	597.192852	597.19931	-277.208377	-277.245552	
5.505632	597.283264	597.30403	-277.117964	-277.140832	
5.516015	597.374616	597.400023	-277.026612	-277.036112	
5.52589	597.460901	597.496016	-276.940328	-276.931392	
5.535982	597.548496	597.600736	-276.852733	-276.826673	
5.546149	597.636109	597.705456	-276.765119	-276.73068	
5.556288	597.722889	597.792722	-276.67834	-276.62596	
5.567762	597.820316	597.879989	-276.580912	-276.529967	
5.576892	597.897346	597.984708	-276.503883	-276.425247	
5.586765	597.980012	598.071975	-276.421217	-276.33798	
5.60476	598.128427	598.159241	-276.272802	-276.233261	
5.6093	598.165944	598.263961	-276.235284	-276.119814	
5.619543	598.249765	598.359954	-276.151464	-276.023821	
5.629804	598.333091	598.438494	-276.068137	-275.936555	
5.63979	598.413601	598.534487	-275.987627	-275.849288	
5.649915	598.494636	598.613027	-275.906593	-275.753295	
5.660041	598.575046	598.700293	-275.826182	-275.674755	
5.670691	598.658977	598.778833	-275.742252	-275.587489	
5.680366	598.734668	598.857373	-275.66656	-275.508949	
5.690544	598.813635	598.935913	-275.587594	-275.430409	
5.700735	598.89214	599.014453	-275.509089	-275.351869	
5.710822	598.969199	599.084266	-275.43203	-275.27333	
5.721002	599.046412	599.162806	-275.354817	-275.203516	
5.731254	599.123478	599.232619	-275.277751	-275.124977	
5.741292	599.198359	599.302432	-275.202869	-275.055163	
5.751474	599.273712	599.372245	-275.127517	-274.994077	
5.761561	599.347761	599.433332	-275.053467	-274.924264	
5.772281	599.425815	599.494418	-274.975414	-274.854451	
5.78194	599.495526	599.555505	-274.905703	-274.793364	
5.792096	599.568244	599.625318	-274.832985	-274.732278	
5.802242	599.640295	599.695131	-274.760934	-274.662464	
5.81238	599.711653	599.756218	-274.689576	-274.601378	
5.822553	599.782638	599.817304	-274.618591	-274.540291	
5.832722	599.853017	599.869664	-274.548212	-274.479205	
5.842853	599.92252	599.939477	-274.478708	-274.418118	
5.853015	599.991611	600.000564	-274.409618	-274.357032	
5.863093	600.059533	600.06165	-274.341696	-274.295945	
5.87387	600.131536	600.122737	-274.269693	-274.243585	
5.883523	600.195386	600.183823	-274.205843	-274.173772	
5.893628	600.26169	600.253636	-274.139538	-274.121412	
5.903769	600.32759	600.314723	-274.073639	-274.060326	
5.913905	600.392843	600.367083	-274.008385	-273.999239	
5.924062	600.45766	600.428169	-273.943568	-273.938153	
5.934184	600.521625	600.497982	-273.879604	-273.877066	
5.944337	600.585484	600.567796	-273.815745	-273.824706	
5.954463	600.647964	600.637609	-273.753264	-273.754893	
5.964789	600.711817	600.698695	-273.689411	-273.693807	
5.97539	600.775791	600.759782	-273.625437	-273.63272	
5.985333	600.835609	600.829595	-273.565619	-273.571634	
5.995578	600.896629	600.899408	-273.5046	-273.510547	
6.005614	600.955815	600.960495	-273.445413	-273.440734	
6.016041	601.016689	601.021581	-273.384539	-273.379647	
6.025925	601.073794	601.091394	-273.327434	-273.318561	
6.036019	601.131529	601.161208	-273.2697	-273.257474	
6.046172	601.188969	601.222294	-273.21226	-273.196388	
6.056352	601.245984	601.292107	-273.155245	-273.135301	
6.066434	601.301837	601.353194	-273.099391	-273.074215	
6.078204	601.366194	601.41428	-273.035034	-273.013128	
6.086779	601.412693	601.475367	-272.988535	-272.952042	
6.104828	601.508179	601.54518	-272.893049	-272.899682	
6.109551	601.533209	601.614993	-272.868019	-272.829869	
6.119531	601.585381	601.67608	-272.815847	-272.768782	
6.12975	601.638166	601.72844	-272.763062	-272.707696	
6.139847	601.689746	601.789526	-272.711483	-272.655336	
6.150025	601.741127	601.841886	-272.660101	-272.602976	
6.160186	601.791807	601.894246	-272.609422	-272.541889	
6.170314	601.84173	601.955332	-272.559498	-272.498256	
6.181253	601.894941	601.998966	-272.506287	-272.43717	
6.191359	601.94347	602.060052	-272.457759	-272.38481	
6.201475	601.991488	602.103685	-272.40974	-272.33245	
6.211699	602.039393	602.156045	-272.361835	-272.288817	
6.221772	602.085987	602.208405	-272.315242	-272.236457	
6.232018	602.132787	602.243312	-272.268441	-272.184097	
6.242174	602.178579	602.295672	-272.22265	-272.140464	
6.252329	602.223726	602.339305	-272.177502	-272.09683	
6.262745	602.269426	602.382938	-272.131802	-272.053197	
6.272553	602.312015	602.417845	-272.089213	-272.009564	
6.282852	602.355862	602.452751	-272.045367	-271.965931	
6.292933	602.398279	602.505111	-272.00295	-271.922297	
6.303086	602.440415	602.540018	-271.960813	-271.887391	
6.313413	602.482669	602.583651	-271.918559	-271.843758	
6.323409	602.522956	602.618557	-271.878273	-271.800124	
6.333549	602.563257	602.662191	-271.837971	-271.765218	
6.343668	602.602843	602.697097	-271.798385	-271.730311	
6.353859	602.642115	602.732004	-271.759114	-271.695405	
6.363976	602.680514	602.76691	-271.720715	-271.660498	
6.374069	602.718224	602.801817	-271.683004	-271.625591	
6.384335	602.756597	602.827997	-271.644632	-271.590685	
6.394492	602.792705	602.862904	-271.608523	-271.555778	
6.412524	602.855614	602.906537	-271.545615	-271.494692	
6.417101	602.871663	602.932717	-271.529566	-271.485965	
6.427683	602.907891	602.958897	-271.493338	-271.451059	
6.437364	602.940486	602.993803	-271.460742	-271.416152	
6.447485	602.973984	603.019983	-271.427245	-271.389972	
6.457628	603.006953	603.046163	-271.394275	-271.355065	
6.46776	603.039292	603.08107	-271.361936	-271.328886	
6.477938	603.071183	603.115976	-271.330046	-271.302706	
6.49633	603.126416	603.150883	-271.274813	-271.250346	
6.501014	603.140515	603.168336	-271.260714	-271.241619	
6.511143	603.170309	603.194516	-271.230919	-271.206712	
6.521287	603.199559	603.220696	-271.201669	-271.180533	
6.53149	603.228358	603.255603	-271.172871	-271.154353	
6.541622	603.25637	603.273056	-271.144858	-271.136899	
6.551741	603.283766	603.299236	-271.117462	-271.101993	
6.561937	603.310771	603.325416	-271.090458	-271.075813	
6.572018	603.336883	603.360322	-271.064346	-271.049633	
6.58311	603.364908	603.395229	-271.03632	-271.023453	
6.592381	603.387847	603.421409	-271.013382	-270.997273	
6.612657	603.43507	603.465042	-270.966159	-270.944913	
6.617215	603.445769	603.491222	-270.95546	-270.92746	
6.62775	603.469689	603.508675	-270.93154	-270.90128	
6.639629	603.495824	603.534855	-270.905405	-270.883827	
6.647627	603.513127	603.561035	-270.888102	-270.857647	
6.657796	603.534495	603.587215	-270.866733	-270.831467	
6.667897	603.555144	603.604669	-270.846085	-270.814013	
6.678069	603.575352	603.630848	-270.825877	-270.787833	
6.688899	603.596192	603.648302	-270.805037	-270.77038	
6.698991	603.615038	603.674482	-270.786191	-270.752927	
6.709181	603.633493	603.691935	-270.767735	-270.726747	
6.719303	603.651251	603.709388	-270.749977	-270.71802	
6.737425	603.680811	603.726842	-270.720418	-270.69184	
6.741974	603.688279	603.744295	-270.71295	-270.674387	
6.752094	603.704183	603.770475	-270.697045	-270.656934	
6.76228	603.719615	603.779201	-270.681613	-270.63948	
6.772389	603.734365	603.796655	-270.666864	-270.622027	
6.782573	603.748655	603.814108	-270.652574	-270.613301	
6.792801	603.762434	603.814108	-270.638795	-270.595847	
6.802923	603.775504	603.831561	-270.625725	-270.578394	
6.813071	603.788045	603.840288	-270.613184	-270.569667	
6.82321	603.800023	603.849015	-270.601206	-270.552214	
6.833341	603.81144	603.849015	-270.589788	-270.543487	
6.843548	603.822368	603.857741	-270.578861	-270.534761	
6.853651	603.832649	603.866468	-270.56858	-270.526034	
6.863799	603.842421	603.875195	-270.558808	-270.517307	
6.874011	603.851705	603.875195	-270.549524	-270.508581	
6.884087	603.860337	603.883921	-270.540891	-270.508581	
6.89433	603.868598	603.883921	-270.532631	-270.499854	
6.904472	603.876167	603.883921	-270.525062	-270.499854	
6.914616	603.883252	603.883921	-270.517977	-270.491127	
6.924848	603.889867	603.883921	-270.511362	-270.491127	
6.934895	603.895861	603.883921	-270.505368	-270.491127	
6.945063	603.901414	603.883921	-270.499815	-270.491127	
6.955265	603.90648	603.883921	-270.494749	-270.491127	
6.965352	603.911007	603.883921	-270.490222	-270.491127	
6.975559	603.915102	603.883921	-270.486127	-270.491127	
6.986036	603.918801	603.883921	-270.482427	-270.491127	
6.995885	603.92187	603.883921	-270.479359	-270.491127	
7.005974	603.924576	603.883921	-270.476653	-270.491127	
7.016115	603.926883	603.883921	-270.474346	-270.491127	
7.026259	603.928801	603.883921	-270.472427	-270.491127	
7.036414	603.930361	603.883921	-270.470868	-270.491127	
7.046576	603.934808	603.883921	-270.466421	-270.491127	
7.05675	603.934808	603.883921	-270.466421	-270.491127	
7.066929	603.934808	603.883921	-270.466421	-270.491127	
7.077023	603.934808	603.883921	-270.466421	-270.491127	
7.087488	603.934808	603.883921	-270.466421	-270.491127	
7.09735	603.934808	603.883921	-270.466421	-270.491127	
7.107513	603.934808	603.883921	-270.466421	-270.491127	
7.117637	603.934808	603.883921	-270.466421	-270.491127	
7.127718	603.934808	603.883921	-270.466421	-270.491127	
7.137952	603.934808	603.883921	-270.466421	-270.491127	
7.148065	603.934808	603.883921	-270.466421	-270.491127	
7.158197	603.934808	603.883921	-270.466421	-270.491127	
7.1684	603.934808	603.883921	-270.466421	-270.491127	
7.178501	603.934808	603.883921	-270.466421	-270.491127	
7.188993	603.934808	603.883921	-270.466421	-270.491127	
7.199186	603.934808	603.883921	-270.466421	-270.491127	
7.209352	603.934808	603.883921	-270.466421	-270.491127	
7.219539	603.934808	603.883921	-270.466421	-270.491127	
7.229617	603.934808	603.883921	-270.466421	-270.491127	
7.239818	603.934808	603.883921	-270.466421	-270.491127	
7.250003	603.934808	603.883921	-270.466421	-270.491127	
7.260143	603.934808	603.883921	-270.466421	-270.491127	
7.270273	603.934808	603.883921	-270.466421	-270.491127	
7.280407	603.934808	603.883921	-270.466421	-270.491127	
7.290571	603.934808	603.883921	-270.466421	-270.491127	
7.300878	603.934808	603.883921	-270.466421	-270.491127	
7.310901	603.934808	603.883921	-270.466421	-270.491127	
7.321056	603.934808	603.883921	-270.466421	-270.491127	
7.33126	603.934808	603.883921	-270.466421	-270.491127	
7.341371	603.934808	603.883921	-270.466421	-270.491127	
7.3515	603.934808	603.883921	-270.466421	-270.491127	
7.36168	603.934808	603.883921	-270.466421	-270.491127	
7.371837	603.934808	603.883921	-270.466421	-270.491127	
7.381953	603.934808	603.883921	-270.466421	-270.491127	
7.392117	603.934808	603.883921	-270.466421	-270.491127	
7.403013	603.934808	603.883921	-270.466421	-270.491127	
7.413095	603.934808	603.883921	-270.466421	-270.491127	
7.423237	603.934808	603.883921	-270.466421	-270.491127	
7.433379	603.934808	603.883921	-270.466421	-270.491127	
7.443554	603.934808	603.883921	-270.466421	-270.491127	
7.453656	603.934808	603.883921	-270.466421	-270.491127	
7.463825	603.934808	603.883921	-270.466421	-270.491127	
7.474012	603.934808	603.883921	-270.466421	-270.491127	
7.484194	603.934808	603.883921	-270.466421	-270.491127	
7.494287	603.934808	603.883921	-270.466421	-270.491127	
7.512726	603.934808	603.883921	-270.466421	-270.491127	
7.51734	603.934808	603.883921	-270.466421	-270.491127	
7.527484	603.934808	603.883921	-270.466421	-270.491127	
7.5376	603.934808	603.883921	-270.466421	-270.491127	
7.547803	603.934808	603.892648	-270.466421	-270.491127	
7.557922	603.934808	603.901374	-270.466421	-270.491127	
7.568083	603.934808	603.901374	-270.466421	-270.491127	
7.578242	603.934808	603.910101	-270.466421	-270.491127	
7.5884	603.934808	603.910101	-270.466421	-270.491127	
7.600243	603.934808	603.910101	-270.466421	-270.491127	
7.608908	603.934808	603.918828	-270.466421	-270.491127	
7.619054	603.934808	603.918828	-270.466421	-270.491127	
7.629195	603.934808	603.918828	-270.466421	-270.491127	
7.641479	603.934808	603.918828	-270.466421	-270.491127	
7.649462	603.934808	603.918828	-270.466421	-270.491127	
7.659612	603.934808	603.918828	-270.466421	-270.491127	
7.669884	603.934808	603.918828	-270.466421	-270.491127	
7.679901	603.934808	603.918828	-270.466421	-270.491127	
7.690069	603.934808	603.918828	-270.466421	-270.491127	
7.701642	603.934808	603.918828	-270.466421	-270.491127	
7.710381	603.934808	603.918828	-270.466421	-270.491127	
7.720527	603.934808	603.918828	-270.466421	-270.491127	
7.730693	603.934808	603.918828	-270.466421	-270.491127	
7.740904	603.934808	603.918828	-270.466421	-270.482401	
7.751056	603.934808	603.918828	-270.466421	-270.482401	
7.761256	603.934808	603.918828	-270.466421	-270.482401	
7.771461	603.934808	603.918828	-270.466421	-270.482401	
7.781522	603.934808	603.918828	-270.466421	-270.482401	
7.791633	603.934808	603.918828	-270.466421	-270.482401	
7.804164	603.934808	603.918828	-270.466421	-270.482401	
7.811941	603.934808	603.918828	-270.466421	-270.482401	
7.82242	603.934808	603.918828	-270.466421	-270.482401	
7.832286	603.934808	603.918828	-270.466421	-270.482401	
7.842404	603.934808	603.918828	-270.466421	-270.482401	
7.852653	603.934808	603.918828	-270.466421	-270.482401	
7.862814	603.934808	603.918828	-270.466421	-270.482401	
7.872943	603.934808	603.918828	-270.466421	-270.482401	
7.883124	603.934808	603.918828	-270.466421	-270.482401	
7.893205	603.934808	603.918828	-270.466421	-270.482401	
7.9034	603.934808	603.918828	-270.466421	-270.482401	
7.913545	603.934808	603.918828	-270.466421	-270.482401	
7.923765	603.934808	603.918828	-270.466421	-270.482401	
7.933852	603.934808	603.918828	-270.466421	-270.482401	
7.943996	603.934808	603.918828	-270.466421	-270.482401	
7.954142	603.934808	603.918828	-270.466421	-270.482401	
7.964296	603.934808	603.918828	-270.466421	-270.482401	
7.974463	603.934808	603.918828	-270.466421	-270.482401	
7.984601	603.934808	603.918828	-270.466421	-270.482401	
7.99476	603.934808	603.918828	-270.466421	-270.482401	
8.004977	603.934808	603.918828	-270.466421	-270.482401	
8.01508	603.934808	603.918828	-270.466421	-270.482401	
8.02522	603.934808	603.918828	-270.466421	-270.482401	
8.035438	603.934808	603.918828	-270.466421	-270.482401	
8.045571	603.934808	603.918828	-270.466421	-270.482401	
8.055657	603.934808	603.918828	-270.466421	-270.482401	
8.065769	603.934808	603.918828	-270.466421	-270.482401	
8.075922	603.934808	603.918828	-270.466421	-270.482401	
8.086231	603.934808	603.918828	-270.466421	-270.482401	
8.096218	603.934808	603.918828	-270.466421	-270.482401	
8.106362	603.934808	603.918828	-270.466421	-270.482401	
8.11653	603.934808	603.918828	-270.466421	-270.482401	
8.126648	603.934808	603.918828	-270.466421	-270.482401	
8.136851	603.934808	603.918828	-270.466421	-270.482401	
8.147022	603.934808	603.918828	-270.466421	-270.482401	
8.157117	603.934808	603.918828	-270.466421	-270.482401	
8.167262	603.934808	603.918828	-270.466421	-270.482401	
8.177391	603.934808	603.918828	-270.466421	-270.482401	
8.187568	603.934808	603.918828	-270.466421	-270.482401	
8.197658	603.934808	603.918828	-270.466421	-270.482401	
8.208028	603.934808	603.918828	-270.466421	-270.482401	
8.218122	603.934808	603.918828	-270.466421	-270.482401	
8.228237	603.934808	603.918828	-270.466421	-270.482401	
8.238413	603.934808	603.918828	-270.466421	-270.482401	
8.248544	603.934808	603.918828	-270.466421	-270.482401	
8.258739	603.934808	603.918828	-270.466421	-270.482401	
8.268981	603.934808	603.918828	-270.466421	-270.482401	
8.279176	603.934808	603.918828	-270.466421	-270.482401	
8.28931	603.934808	603.918828	-270.466421	-270.482401	
8.29952	603.934808	603.918828	-270.466421	-270.482401	
8.309582	603.934808	603.918828	-270.466421	-270.482401	
8.31978	603.934808	603.918828	-270.466421	-270.482401	
8.329954	603.934808	603.918828	-270.466421	-270.482401	
8.340081	603.934808	603.918828	-270.466421	-270.482401	
8.350228	603.934808	603.918828	-270.466421	-270.482401	
8.360342	603.934808	603.918828	-270.466421	-270.482401	
8.37055	603.934808	603.918828	-270.466421	-270.482401	
8.380697	603.934808	603.918828	-270.466421	-270.482401	
8.390871	603.934808	603.918828	-270.466421	-270.482401	
8.402245	603.934808	603.918828	-270.466421	-270.482401	
8.411207	603.934808	603.918828	-270.466421	-270.482401	
8.421329	603.934808	603.918828	-270.466421	-270.482401	
8.431436	603.934808	603.918828	-270.466421	-270.482401	
8.441573	603.934808	603.918828	-270.466421	-270.482401	
8.451766	603.934808	603.918828	-270.466421	-270.482401	
8.461909	603.934808	603.918828	-270.466421	-270.482401	
8.472033	603.934808	603.918828	-270.466421	-270.482401	
8.482222	603.934808	603.918828	-270.466421	-270.482401	
8.49232	603.934808	603.918828	-270.466421	-270.482401	
8.502516	603.934808	603.918828	-270.466421	-270.482401	
8.512661	603.934808	603.918828	-270.466421	-270.482401	
8.522824	603.934808	603.918828	-270.466421	-270.482401	
8.533063	603.934808	603.918828	-270.466421	-270.482401	
8.54316	603.934808	603.918828	-270.466421	-270.482401	
8.553303	603.934808	603.918828	-270.466421	-270.482401	
8.563541	603.934808	603.918828	-270.466421	-270.482401	
8.573602	603.934808	603.918828	-270.466421	-270.482401	
8.58376	603.934808	603.918828	-270.466421	-270.482401	
8.593859	603.934808	603.918828	-270.466421	-270.482401	
8.612708	603.934808	603.918828	-270.466421	-270.482401	
8.617311	603.934808	603.918828	-270.466421	-270.482401	
8.627483	603.934808	603.918828	-270.466421	-270.482401	
8.637575	603.934808	603.918828	-270.466421	-270.482401	
8.647744	603.934808	603.918828	-270.466421	-270.482401	
8.661408	603.936489	603.918828	-270.464739	-270.482401	
8.67623	603.939681	603.918828	-270.461548	-270.482401	
8.68074	603.940634	603.918828	-270.460595	-270.482401	
8.692626	603.94426	603.918828	-270.456969	-270.482401	
8.702726	603.947896	603.918828	-270.453333	-270.482401	
8.713081	603.952279	603.918828	-270.44895	-270.482401	
8.723004	603.957053	603.918828	-270.444175	-270.482401	
8.73313	603.962548	603.918828	-270.438681	-270.482401	
8.743264	603.968665	603.918828	-270.432564	-270.482401	
8.753447	603.975436	603.918828	-270.425793	-270.482401	
8.764278	603.983364	603.918828	-270.417865	-270.482401	
8.774414	603.991373	603.918828	-270.409856	-270.482401	
8.784517	603.999967	603.918828	-270.401261	-270.482401	
8.79472	604.009276	603.918828	-270.391952	-270.482401	
8.8049	604.01919	603.918828	-270.382038	-270.482401	
8.81501	604.02964	603.918828	-270.371589	-270.482401	
8.82516	604.040756	603.918828	-270.360473	-270.482401	
8.835333	604.052515	603.918828	-270.348713	-270.482401	
8.845421	604.064783	603.918828	-270.336446	-270.482401	
8.85599	604.078329	603.918828	-270.3229	-270.482401	
8.865869	604.091557	603.918828	-270.309672	-270.482401	
8.87592	604.105611	603.918828	-270.295617	-270.482401	
8.886058	604.12042	603.927554	-270.280808	-270.482401	
8.89617	604.135793	603.936281	-270.265435	-270.473674	
8.906367	604.151937	603.945008	-270.249292	-270.473674	
8.916473	604.168529	603.953734	-270.232699	-270.464948	
8.926616	604.185809	603.971188	-270.215419	-270.456221	
8.936763	604.203714	603.988641	-270.197514	-270.438768	
8.946951	604.222321	604.006094	-270.178907	-270.421314	
8.957487	604.242235	604.023548	-270.158994	-270.395134	
8.967292	604.261335	604.049727	-270.139894	-270.368954	
8.977387	604.281588	604.067181	-270.11964	-270.342774	
8.987605	604.302738	604.093361	-270.098491	-270.316595	
8.997644	604.324116	604.128267	-270.077113	-270.281688	
9.007841	604.346466	604.163174	-270.054763	-270.246781	
9.018024	604.369396	604.19808	-270.031833	-270.211875	
9.028164	604.392849	604.232987	-270.00838	-270.168242	
9.038274	604.41684	604.267894	-269.984389	-270.133335	
9.056361	604.462181	604.337707	-269.939048	-270.054795	
9.060982	604.47369	604.363887	-269.927539	-270.037342	
9.071402	604.500516	604.40752	-269.900713	-269.993709	
9.081224	604.526346	604.442427	-269.874883	-269.950075	
9.091474	604.553945	604.48606	-269.847284	-269.906442	
9.101511	604.581565	604.529693	-269.819663	-269.854082	
9.111777	604.610476	604.582053	-269.790753	-269.810449	
9.12191	604.639615	604.616959	-269.761614	-269.766816	
9.132206	604.669861	604.669319	-269.731367	-269.714456	
9.142188	604.699761	604.721679	-269.701468	-269.670823	
9.152283	604.73062	604.756586	-269.670608	-269.627189	
9.16251	604.762527	604.808946	-269.638701	-269.583556	
9.172692	604.794921	604.843852	-269.606307	-269.539923	
9.182792	604.827638	604.887486	-269.573591	-269.505016	
9.192959	604.861326	604.931119	-269.539903	-269.461383	
9.203069	604.8952	604.966025	-269.506029	-269.426477	
9.213216	604.929942	605.000932	-269.471286	-269.39157	
9.223402	604.965428	605.035838	-269.4358	-269.356663	
9.233542	605.00138	605.070745	-269.399848	-269.321757	
9.243759	605.038234	605.105652	-269.362995	-269.28685	
9.253848	605.075229	605.140558	-269.326	-269.251944	
9.263962	605.112919	605.175465	-269.28831	-269.217037	
9.274262	605.151979	605.210371	-269.24925	-269.182131	
9.284418	605.191061	605.245278	-269.210167	-269.147224	
9.29449	605.230458	605.280185	-269.170771	-269.121044	
9.30467	605.270889	605.315091	-269.130339	-269.086137	
9.31486	605.312009	605.341271	-269.08922	-269.059957	
9.325017	605.353568	605.367451	-269.047661	-269.025051	
9.335089	605.395409	605.402358	-269.005819	-268.998871	
9.345233	605.438187	605.428538	-268.963042	-268.963964	
9.355421	605.481744	605.454718	-268.919484	-268.937784	
9.365971	605.527555	605.489624	-268.873674	-268.902878	
9.37577	605.570647	605.524531	-268.830582	-268.867971	
9.385894	605.615792	605.559437	-268.785436	-268.833065	
9.396018	605.661539	605.594344	-268.73969	-268.798158	
9.406147	605.707933	605.62925	-268.693295	-268.763252	
9.416308	605.755108	605.664157	-268.64612	-268.728345	
9.426447	605.802788	605.699064	-268.59844	-268.684712	
9.436588	605.85108	605.742697	-268.550148	-268.641078	
9.446723	605.899984	605.78633	-268.501245	-268.597445	
9.456945	605.949937	605.829963	-268.451292	-268.553812	
9.46753	606.002333	605.873597	-268.398896	-268.501452	
9.477295	606.051232	605.925956	-268.349997	-268.457819	
9.487383	606.102354	605.978316	-268.298875	-268.405459	
9.497532	606.154399	606.02195	-268.246829	-268.353099	
9.507675	606.207036	606.074309	-268.194192	-268.309466	
9.517821	606.260333	606.117943	-268.140896	-268.248379	
9.527972	606.314242	606.179029	-268.086986	-268.19602	
9.538181	606.369092	606.231389	-268.032136	-268.134933	
9.548487	606.425126	606.292476	-267.976103	-268.073846	
9.566267	606.524074	606.397195	-267.877155	-267.969127	
9.572182	606.557004	606.432102	-267.844225	-267.942947	
9.581113	606.607225	606.501915	-267.794004	-267.873134	
9.591186	606.664531	606.554275	-267.736697	-267.812047	
9.601338	606.722926	606.624088	-267.678303	-267.750961	
9.611543	606.782263	606.685175	-267.618966	-267.681147	
9.62167	606.84176	606.754988	-267.559468	-267.611334	
9.631804	606.901891	606.833528	-267.499338	-267.550248	
9.643302	606.971018	606.903341	-267.430211	-267.480435	
9.652098	607.024232	606.973154	-267.376997	-267.419348	
9.662209	607.086045	607.03424	-267.315184	-267.349535	
9.673743	607.157516	607.104054	-267.243713	-267.279722	
9.682597	607.212683	607.182593	-267.188546	-267.209908	
9.692726	607.276473	607.252407	-267.124756	-267.140095	
9.702828	607.340749	607.32222	-267.06048	-267.079009	
9.712995	607.406035	607.392033	-266.995194	-267.009196	
9.723164	607.47198	607.461846	-266.929248	-266.939382	
9.733298	607.538275	607.531659	-266.862954	-266.878296	
9.743433	607.605205	607.610199	-266.796024	-266.808483	
9.75356	607.672711	607.680012	-266.728518	-266.73867	
9.763748	607.741248	607.758552	-266.659981	-266.668856	
9.775315	607.819967	607.819639	-266.581262	-266.60777	
9.784098	607.880027	607.889452	-266.521202	-266.537957	
9.794241	607.950102	607.967992	-266.451126	-266.468144	
9.804399	608.020936	608.029078	-266.380293	-266.407057	
9.814503	608.091933	608.107618	-266.309296	-266.337244	
9.824854	608.165389	608.177431	-266.23584	-266.267431	
9.834818	608.23664	608.247244	-266.164589	-266.197618	
9.844962	608.309802	608.308331	-266.091427	-266.136531	
9.855114	608.383669	608.378144	-266.01756	-266.057991	
9.865261	608.458095	608.456684	-265.943134	-265.988178	
9.87675	608.543271	608.526497	-265.857957	-265.918365	
9.885823	608.610887	608.59631	-265.790342	-265.848552	
9.895736	608.685387	608.666123	-265.715842	-265.770012	
9.906123	608.764151	608.735937	-265.637078	-265.700199	
9.916007	608.839649	608.80575	-265.561579	-265.621659	
9.926256	608.918585	608.893016	-265.482644	-265.551846	
9.936318	608.996651	608.971556	-265.404577	-265.473306	
9.946446	609.075902	609.050096	-265.325327	-265.394766	
9.956583	609.155816	609.119909	-265.245412	-265.316226	
9.966728	609.23642	609.189722	-265.164809	-265.237686	
9.985398	609.387359	609.276989	-265.01387	-265.159147	
9.98998	609.42425	609.381708	-264.976979	-265.054427	
10.00015	609.507108	609.460248	-264.89412	-264.96716	
10.01033	609.590588	609.538788	-264.810641	-264.888621	
10.02044	609.674179	609.626054	-264.72705	-264.801354	
10.03058	609.758677	609.713321	-264.642551	-264.714088	
10.04075	609.843938	609.800587	-264.55729	-264.626821	
10.0509	609.929691	609.887854	-264.471538	-264.539555	
10.06116	610.017051	609.966394	-264.384178	-264.443562	
10.07121	610.103171	610.05366	-264.298057	-264.365022	
10.08277	610.203166	610.140927	-264.198062	-264.269029	
10.09161	610.279957	610.23692	-264.121271	-264.181762	
10.10982	610.440681	610.315459	-263.960548	-264.085769	
10.11455	610.482447	610.428906	-263.918782	-263.972323	
10.12471	610.573844	610.516172	-263.827385	-263.87633	
10.13471	610.662212	610.612165	-263.739017	-263.780337	
10.14482	610.753358	610.699432	-263.64787	-263.684343	
10.15515	610.847126	610.795425	-263.554103	-263.58835	
10.17298	611.011184	610.952505	-263.390045	-263.422544	
10.17773	611.054939	611.004865	-263.34629	-263.378911	
10.18797	611.149904	611.100858	-263.251325	-263.282918	
10.19798	611.243237	611.188124	-263.157992	-263.178198	
10.20815	611.338791	611.284117	-263.062437	-263.082205	
10.21832	611.434948	611.38011	-262.966281	-262.986212	
10.23677	611.611825	611.56337	-262.789403	-262.802952	
10.2413	611.655161	611.598276	-262.746067	-262.759319	
10.25157	611.754412	611.702996	-262.646816	-262.663326	
10.26163	611.852081	611.807716	-262.549148	-262.567333	
10.27174	611.95084	611.903709	-262.450389	-262.462613	
10.28291	612.060912	611.999702	-262.340317	-262.36662	
10.2923	612.153771	612.095695	-262.247458	-262.270627	
10.30239	612.254269	612.191688	-262.14696	-262.165907	
10.31253	612.355842	612.296408	-262.045386	-262.061187	
10.32265	612.45786	612.401128	-261.943369	-261.965194	
10.33288	612.561577	612.505848	-261.839652	-261.860474	
10.34299	612.664696	612.601841	-261.736533	-261.755755	
10.35315	612.768967	612.706561	-261.632262	-261.659761	
10.36328	612.873617	612.81128	-261.527611	-261.555042	
10.37339	612.978602	612.916	-261.422627	-261.450322	
10.38463	613.09619	613.011993	-261.305038	-261.345602	
10.39382	613.192659	613.12544	-261.208569	-261.240882	
10.404	613.3002	613.238886	-261.101029	-261.136163	
10.41411	613.407675	613.343606	-260.993553	-261.031443	
10.4242	613.515506	613.448325	-260.885723	-260.926723	
10.43444	613.625606	613.553045	-260.775623	-260.822003	
10.44455	613.734939	613.657765	-260.66629	-260.717284	
10.45466	613.844809	613.771211	-260.556419	-260.612564	
10.46484	613.95613	613.884658	-260.445098	-260.507844	
10.47496	614.067364	613.998104	-260.333865	-260.394398	
10.48617	614.191438	614.111551	-260.209791	-260.280951	
10.49538	614.293759	614.224997	-260.107469	-260.176232	
10.50556	614.407545	614.34717	-259.993683	-260.062785	
10.51576	614.522191	614.460616	-259.879037	-259.949339	
10.52578	614.635332	614.565336	-259.765897	-259.835892	
10.53612	614.752853	614.687509	-259.648376	-259.722446	
10.54604	614.866123	614.809682	-259.535106	-259.609	
10.55621	614.982876	614.923129	-259.418353	-259.495553	
10.56634	615.099796	615.045302	-259.301433	-259.37338	
10.57647	615.217355	615.158748	-259.183874	-259.259934	
10.58768	615.348317	615.289648	-259.052911	-259.146487	
10.59844	615.476555	615.403094	-258.924674	-259.024314	
10.60704	615.575857	615.533994	-258.825371	-258.902141	
10.61717	615.695915	615.64744	-258.705314	-258.779968	
10.62727	615.816108	615.77834	-258.58512	-258.666522	
10.63772	615.941195	615.891786	-258.460033	-258.544349	
10.65754	616.179131	616.144859	-258.222097	-258.300003	
10.66209	616.233599	616.205946	-258.167629	-258.238916	
10.67222	616.355159	616.328119	-258.046069	-258.116743	
10.6824	616.477331	616.450292	-257.923897	-257.99457	
10.69448	616.622483	616.589918	-257.778745	-257.854944	
10.70403	616.736927	616.712091	-257.664301	-257.724044	
10.7143	616.860215	616.834264	-257.541013	-257.601871	
10.72445	616.981907	616.965164	-257.419321	-257.470971	
10.73465	617.107235	617.07861	-257.293993	-257.348798	
10.74471	617.225123	617.20951	-257.176105	-257.209172	
10.75493	617.347691	617.34041	-257.053537	-257.086999	
10.76507	617.469395	617.462583	-256.931833	-256.956099	
10.77521	617.591075	617.584756	-256.810153	-256.825199	
10.78528	617.711939	617.706929	-256.689289	-256.6943	
10.79582	617.838527	617.837829	-256.562701	-256.572127	
10.80567	617.956667	617.951275	-256.444561	-256.441227	
10.81581	618.078335	618.082175	-256.322893	-256.319054	
10.82593	618.199691	618.204348	-256.201537	-256.188154	
10.83623	618.323387	618.326521	-256.077841	-256.057255	
10.8462	618.442943	618.439967	-255.958285	-255.935082	
10.85634	618.564611	618.570867	-255.836617	-255.812908	
10.8665	618.686579	618.684313	-255.714649	-255.690735	
10.87663	618.808127	618.806486	-255.593101	-255.568562	
10.88676	618.929759	618.928659	-255.471469	-255.437663	
10.89709	619.053695	619.050832	-255.347533	-255.31549	
10.90717	619.174619	619.173005	-255.226609	-255.193317	
10.91732	619.296467	619.286452	-255.104761	-255.071144	
10.92739	619.417187	619.408625	-254.984041	-254.94897	
10.93775	619.541603	619.522071	-254.859625	-254.826797	
10.94775	619.661543	619.644244	-254.739685	-254.704624	
10.95785	619.782755	619.766417	-254.618473	-254.591178	
10.968	619.904579	619.879864	-254.496649	-254.469005	
10.97809	620.025707	620.002037	-254.375521	-254.346832	
10.98838	620.149223	620.115483	-254.252005	-254.233385	
10.99869	620.273003	620.246383	-254.128225	-254.111212	
11.00875	620.393495	620.359829	-254.007733	-253.997766	
11.01895	620.515967	620.482002	-253.885261	-253.875593	
11.02908	620.637491	620.604175	-253.763737	-253.75342	
11.03924	620.759471	620.735075	-253.641757	-253.639974	
11.04938	620.881115	620.848522	-253.520113	-253.5178	
11.05962	621.004007	620.979421	-253.397221	-253.404354	
11.06965	621.124403	621.101594	-253.276825	-253.282181	
11.07978	621.245867	621.223767	-253.155361	-253.160008	
11.08996	621.368015	621.34594	-253.033213	-253.046562	
11.10016	621.490571	621.47684	-252.910657	-252.924389	
11.11033	621.612515	621.599013	-252.788713	-252.802216	
11.12047	621.734147	621.721186	-252.667081	-252.680042	
11.13065	621.856331	621.852086	-252.544897	-252.566596	
11.14075	621.976643	621.982986	-252.424586	-252.435696	
11.15094	622.097428	622.105159	-252.303801	-252.32225	
11.16112	622.217394	622.227332	-252.183834	-252.200077	
11.17125	622.336127	622.349505	-252.065101	-252.077904	
11.18143	622.454955	622.480404	-251.946273	-251.955731	
11.19158	622.572739	622.593851	-251.82849	-251.833558	
11.20988	622.782802	622.733477	-251.618427	-251.711385	
11.21449	622.83572	622.873103	-251.565508	-251.563032	
11.22465	622.951641	622.995276	-251.449588	-251.440859	
11.2348	623.066755	623.11745	-251.334474	-251.318686	
11.2449	623.180897	623.239623	-251.220331	-251.196513	
11.25509	623.295166	623.361796	-251.106062	-251.07434	
11.26523	623.40853	623.475242	-250.992698	-250.952166	
11.27536	623.520994	623.597415	-250.880234	-250.829993	
11.28552	623.633242	623.710861	-250.767987	-250.716547	
11.29601	623.748502	623.815581	-250.652727	-250.594374	
11.30587	623.856184	623.937754	-250.545044	-250.472201	
11.31602	623.966478	624.059927	-250.434751	-250.358755	
11.32612	624.075633	624.164647	-250.325595	-250.245308	
11.33624	624.184341	624.269367	-250.216888	-250.123135	
11.34643	624.293244	624.382813	-250.107985	-250.018415	
11.35655	624.40077	624.49626	-250.000458	-249.904969	
11.36669	624.507875	624.600979	-249.893353	-249.791523	
11.37686	624.614681	624.714426	-249.786548	-249.678076	
11.38713	624.721937	624.819146	-249.679291	-249.573356	
11.39748	624.829347	624.923865	-249.571881	-249.45991	
11.40732	624.930985	625.019858	-249.470244	-249.35519	
11.41748	625.035148	625.124578	-249.366081	-249.25047	
11.42766	625.139042	625.220571	-249.262187	-249.145751	
11.43772	625.241002	625.325291	-249.160227	-249.041031	
11.44785	625.34314	625.421284	-249.058089	-248.936311	
11.458	625.444816	625.526004	-248.956413	-248.831591	
11.46816	625.546067	625.61327	-248.855162	-248.735598	
11.47833	625.646733	625.71799	-248.754496	-248.639605	
11.48843	625.746101	625.805257	-248.655127	-248.543612	
11.49894	625.848854	625.90125	-248.552375	-248.447619	
11.5091	625.947571	625.997243	-248.453657	-248.360353	
11.51924	626.045455	626.084509	-248.355773	-248.273086	
11.52941	626.143004	626.189229	-248.258225	-248.177093	
11.53959	626.240099	626.276495	-248.16113	-248.089827	
11.54972	626.336127	626.363762	-248.065102	-248.00256	
11.55988	626.431674	626.468482	-247.969554	-247.915294	
11.57003	626.526675	626.555748	-247.874554	-247.828027	
11.58018	626.621043	626.643015	-247.780185	-247.749487	
11.59034	626.714836	626.739008	-247.686392	-247.662221	
11.60048	626.80787	626.826274	-247.593358	-247.574954	
11.61068	626.900826	626.922267	-247.500403	-247.487688	
11.62088	626.993118	627.01826	-247.408111	-247.400421	
11.63097	627.083885	627.0968	-247.317344	-247.313155	
11.64111	627.174683	627.20152	-247.226546	-247.225889	
11.65237	627.274269	627.297513	-247.126959	-247.129895	
11.66164	627.355899	627.376053	-247.04533	-247.051356	
11.67176	627.444412	627.480773	-246.956816	-246.964089	
11.6819	627.532559	627.559312	-246.86867	-246.876823	
11.69207	627.620316	627.655306	-246.780912	-246.789556	
11.7022	627.707129	627.751299	-246.6941	-246.70229	
11.71241	627.794006	627.829839	-246.607223	-246.606297	
11.72256	627.879712	627.934558	-246.521516	-246.527757	
11.73274	627.965181	628.013098	-246.436047	-246.431764	
11.74289	628.049713	628.109091	-246.351516	-246.344497	
11.75299	628.133134	628.196358	-246.268095	-246.257231	
11.76313	628.216381	628.283624	-246.184847	-246.169964	
11.77342	628.300187	628.370891	-246.101042	-246.082698	
11.78351	628.381781	628.458157	-246.019448	-245.995431	
11.79365	628.463168	628.536697	-245.938061	-245.908165	
11.80385	628.544418	628.623963	-245.856811	-245.820898	
11.81402	628.624871	628.702503	-245.776358	-245.733632	
11.82415	628.704268	628.78977	-245.696961	-245.655092	
11.83432	628.783896	628.868309	-245.617332	-245.567826	
11.84444	628.861653	628.946849	-245.539576	-245.480559	
11.85477	628.941353	629.025389	-245.459876	-245.402019	
11.86474	629.016656	629.103929	-245.384573	-245.32348	
11.87489	629.093204	629.182469	-245.308024	-245.236213	
11.88504	629.16921	629.252282	-245.232019	-245.157673	
11.89517	629.244377	629.330822	-245.156852	-245.079134	
11.90526	629.318987	629.400635	-245.082241	-245.000594	
11.91559	629.394245	629.470448	-245.006983	-244.922054	
11.92565	629.467015	629.540261	-244.934214	-244.852241	
11.93579	629.539839	629.610074	-244.861389	-244.773701	
11.9459	629.611915	629.679888	-244.789314	-244.703888	
11.95624	629.684919	629.749701	-244.71631	-244.625348	
11.96621	629.754725	629.819514	-244.646503	-244.555535	
11.97634	629.825075	629.889327	-244.576153	-244.485722	
11.98654	629.895287	629.95914	-244.505942	-244.415908	
11.9966	629.963974	630.028953	-244.437255	-244.346095	
12.00678	630.032849	630.09004	-244.36838	-244.285009	
12.01703	630.103775	630.151126	-244.297454	-244.215196	
12.02716	630.168811	630.22094	-244.232418	-244.154109	
12.03732	630.235723	630.282026	-244.165506	-244.084296	
12.04737	630.301245	630.343113	-244.099983	-244.023209	
12.0578	630.368696	630.412926	-244.032533	-243.953396	
12.0677	630.432087	630.482739	-243.969142	-243.89231	
12.07784	630.496401	630.543826	-243.904827	-243.831223	
12.08797	630.56004	630.604912	-243.841189	-243.770137	
12.09809	630.623018	630.674725	-243.778211	-243.70905	
12.10827	630.685798	630.727085	-243.71543	-243.647964	
12.11865	630.749193	630.796898	-243.652036	-243.586877	
12.12862	630.809373	630.857985	-243.591856	-243.525791	
12.13877	630.87017	630.910345	-243.531058	-243.473431	
12.1489	630.930155	630.971431	-243.471074	-243.412344	
12.15909	630.989921	631.023791	-243.411307	-243.351258	
12.16926	631.048926	631.076151	-243.352302	-243.298898	
12.17939	631.107119	631.145964	-243.29411	-243.246538	
12.18955	631.164863	631.189597	-243.236366	-243.185451	
12.19966	631.221738	631.250684	-243.17949	-243.133091	
12.20983	631.278335	631.294317	-243.122894	-243.080732	
12.22015	631.335199	631.355404	-243.06603	-243.028372	
12.23018	631.389796	631.407763	-243.011433	-242.967285	
12.2403	631.444288	631.460123	-242.956941	-242.914925	
12.25048	631.498487	631.512483	-242.902742	-242.862565	
12.26062	631.551869	631.564843	-242.84936	-242.810206	
12.27077	631.604697	631.62593	-242.796532	-242.757846	
12.28091	631.656905	631.67829	-242.744324	-242.705486	
12.29109	631.708687	631.730649	-242.692542	-242.653126	
12.30126	631.759801	631.774283	-242.641428	-242.600766	
12.31137	631.810044	631.844096	-242.591185	-242.548406	
12.3216	631.860254	631.887729	-242.540975	-242.504773	
12.33185	631.909901	631.948816	-242.491327	-242.452413	
12.34191	631.958106	631.983722	-242.443123	-242.40878	
12.35203	632.005938	632.044809	-242.395291	-242.35642	
12.36225	632.053651	632.088442	-242.347578	-242.312787	
12.37257	632.101239	632.140802	-242.29999	-242.269153	
12.38249	632.146363	632.193162	-242.254865	-242.216794	
12.39265	632.191982	632.228068	-242.209247	-242.17316	
12.40319	632.238687	632.280428	-242.162542	-242.129527	
12.41296	632.281359	632.332788	-242.119869	-242.085894	
12.42318	632.325447	632.367695	-242.075782	-242.042261	
12.4333	632.36859	632.420054	-242.032639	-241.998627	
12.44344	632.411007	632.472414	-241.990222	-241.954994	
12.45353	632.452696	632.507321	-241.948533	-241.911361	
12.4637	632.494141	632.550954	-241.907088	-241.867728	
12.47391	632.535146	632.603314	-241.866082	-241.832821	
12.48411	632.575457	632.638221	-241.825772	-241.789188	
12.49419	632.614735	632.681854	-241.786494	-241.745555	
12.5044	632.653937	632.71676	-241.747292	-241.710648	
12.51473	632.693274	632.760394	-241.707954	-241.667015	
12.52472	632.730088	632.804027	-241.67114	-241.632108	
12.53484	632.767114	632.838933	-241.634115	-241.588475	
12.54498	632.803603	632.882567	-241.597626	-241.553568	
12.55514	632.839587	632.917473	-241.561642	-241.518662	
12.56529	632.874922	632.95238	-241.526306	-241.483755	
12.57541	632.909566	632.987286	-241.491663	-241.448849	
12.58558	632.943794	633.022193	-241.457435	-241.413942	
12.59719	632.982548	633.0571	-241.418681	-241.379036	
12.60588	633.01023	633.08328	-241.390999	-241.352856	
12.61622	633.043194	633.118186	-241.358034	-241.317949	
12.62622	633.074484	633.144366	-241.326745	-241.291769	
12.63635	633.105561	633.170546	-241.295668	-241.256863	
12.6465	633.136124	633.205453	-241.265105	-241.221956	
12.6567	633.166268	633.240359	-241.234961	-241.195776	
12.66703	633.196109	633.266539	-241.205119	-241.169596	
12.67701	633.224397	633.292719	-241.176832	-241.143416	
12.68712	633.252478	633.310172	-241.148751	-241.117236	
12.69728	633.280085	633.345079	-241.121143	-241.08233	
12.70736	633.306882	633.371259	-241.094346	-241.05615	
12.71776	633.333916	633.397439	-241.067312	-241.02997	
12.72771	633.359237	633.414892	-241.041992	-241.00379	
12.73788	633.384475	633.449799	-241.016753	-240.97761	
12.74804	633.409128	633.467252	-240.9921	-240.95143	
12.75814	633.433037	633.484705	-240.968192	-240.92525	
12.76868	633.457368	633.519612	-240.943861	-240.907797	
12.77854	633.479573	633.537065	-240.921655	-240.881617	
12.78863	633.501692	633.554518	-240.899536	-240.864163	
12.79878	633.523376	633.580698	-240.877853	-240.837983	
12.8089	633.54441	633.598152	-240.856818	-240.82053	
12.81913	633.565066	633.624332	-240.836162	-240.803077	
12.82941	633.585243	633.641785	-240.815985	-240.776897	
12.83946	633.604397	633.659238	-240.796831	-240.759444	
12.84963	633.623172	633.685418	-240.778056	-240.74199	
12.85982	633.641415	633.694145	-240.759813	-240.724537	
12.86997	633.659004	633.720325	-240.742224	-240.707084	
12.8801	633.675976	633.737778	-240.725252	-240.68963	
12.89025	633.69241	633.755231	-240.708818	-240.672177	
12.90043	633.708306	633.763958	-240.692922	-240.654724	
12.91058	633.723584	633.790138	-240.677645	-240.637271	
12.92074	633.738314	633.798865	-240.662914	-240.628544	
12.93099	633.752584	633.816318	-240.648644	-240.611091	
12.94923	633.775722	633.833771	-240.625507	-240.584911	
12.95376	633.781524	633.833771	-240.619705	-240.584911	
12.96399	633.793914	633.859951	-240.607314	-240.567457	
12.97408	633.805582	633.868678	-240.595647	-240.558731	
12.98423	633.81676	633.868678	-240.584468	-240.541278	
12.99447	633.827468	633.886131	-240.573761	-240.532551	
13.00455	633.837469	633.894858	-240.56376	-240.523824	
13.01486	633.847127	633.903584	-240.554102	-240.515098	
13.02633	633.85714	633.912311	-240.544089	-240.506371	
13.0352	633.864536	633.921038	-240.536693	-240.497644	
13.04536	633.87243	633.929764	-240.528799	-240.488918	
13.05545	633.879749	633.938491	-240.52148	-240.488918	
13.06561	633.886593	633.938491	-240.514635	-240.480191	
13.07618	633.893134	633.938491	-240.508095	-240.471464	
13.08588	633.89869	633.947218	-240.502539	-240.471464	
13.09601	633.903982	633.955944	-240.497246	-240.462738	
13.10619	633.908796	633.964671	-240.492432	-240.462738	
13.11632	633.913106	633.964671	-240.488123	-240.454011	
13.12783	633.917358	633.973397	-240.483871	-240.454011	
13.13666	633.920326	633.973397	-240.480903	-240.454011	
13.14682	633.923266	633.973397	-240.477962	-240.454011	
13.15698	633.925784	633.973397	-240.475445	-240.454011	
13.16706	633.927883	633.973397	-240.473346	-240.454011	
13.17755	633.929658	633.973397	-240.47157	-240.454011	
13.18736	633.934808	633.973397	-240.466421	-240.454011	
13.19752	633.934808	633.973397	-240.466421	-240.454011	
13.20768	633.934808	633.973397	-240.466421	-240.454011	
13.21777	633.934808	633.973397	-240.466421	-240.454011	
13.22934	633.934808	633.973397	-240.466421	-240.462738	
13.23817	633.934808	633.973397	-240.466421	-240.462738	
13.24833	633.934808	633.973397	-240.466421	-240.462738	
13.25856	633.934808	633.973397	-240.466421	-240.462738	
13.26857	633.934808	633.973397	-240.466421	-240.462738	
13.27902	633.934808	633.964671	-240.466421	-240.462738	
13.28909	633.934808	633.964671	-240.466421	-240.462738	
13.29924	633.934808	633.955944	-240.466421	-240.462738	
13.3095	633.934808	633.955944	-240.466421	-240.462738	
13.31953	633.934808	633.955944	-240.466421	-240.462738	
13.33131	633.934808	633.955944	-240.466421	-240.462738	
13.34001	633.934808	633.955944	-240.466421	-240.462738	
13.35006	633.934808	633.955944	-240.466421	-240.462738	
13.36021	633.934808	633.955944	-240.466421	-240.462738	
13.37033	633.934808	633.964671	-240.466421	-240.462738	
13.38053	633.934808	633.964671	-240.466421	-240.462738	
13.39067	633.934808	633.964671	-240.466421	-240.462738	
13.40081	633.934808	633.955944	-240.466421	-240.462738	
13.41098	633.934808	633.955944	-240.466421	-240.462738	
13.42113	633.934808	633.947218	-240.466421	-240.462738	
13.43133	633.934808	633.947218	-240.466421	-240.462738	
13.44148	633.934808	633.938491	-240.466421	-240.462738	
13.45159	633.934808	633.938491	-240.466421	-240.462738	
13.46177	633.934808	633.938491	-240.466421	-240.462738	
13.47192	633.934808	633.938491	-240.466421	-240.462738	
13.48208	633.934808	633.938491	-240.466421	-240.462738	
13.49229	633.934808	633.938491	-240.466421	-240.462738	
13.50239	633.934808	633.938491	-240.466421	-240.462738	
13.51254	633.934808	633.938491	-240.466421	-240.462738	
13.52275	633.934808	633.938491	-240.466421	-240.462738	
13.53286	633.934808	633.938491	-240.466421	-240.462738	
13.54299	633.934808	633.938491	-240.466421	-240.462738	
13.55313	633.934808	633.938491	-240.466421	-240.462738	
13.56328	633.934808	633.938491	-240.466421	-240.462738	
13.57351	633.934808	633.938491	-240.466421	-240.462738	
13.58359	633.934808	633.938491	-240.466421	-240.462738	
13.59373	633.934808	633.938491	-240.466421	-240.462738	
13.60397	633.934808	633.938491	-240.466421	-240.462738	
13.61403	633.934808	633.938491	-240.466421	-240.462738	
13.62427	633.934808	633.938491	-240.466421	-240.462738	
13.63442	633.934808	633.938491	-240.466421	-240.462738	
13.64455	633.934808	633.938491	-240.466421	-240.462738	
13.66474	633.934808	633.938491	-240.466421	-240.462738	
13.66936	633.934808	633.938491	-240.466421	-240.462738	
13.67943	633.934808	633.938491	-240.466421	-240.462738	
13.70751	633.934808	633.938491	-240.466421	-240.462738	
13.71232	633.934808	633.938491	-240.466421	-240.462738	
