3.217215	0.00147363854	0	0.00147363854	0	
3.227376	0.0031827131	0	0.0031827131	0	
3.237526	0.00550761558	0	0.00550761558	0	
3.247618	0.00842844544	0	0.00842844544	0	
3.257799	0.012000876	0	0.012000876	0	
3.268024	0.0162166333	0	0.0162166333	0	
3.278116	0.0209863088	0	0.0209863088	0	
3.288246	0.0263861637	0	0.0263861637	0	
3.29837	0.0324004271	0	0.0324004271	0	
3.308576	0.0390923836	0	0.0390923836	0	
3.318843	0.0464589227	0	0.0464589227	0	
3.328931	0.0543007487	0	0.0543007487	0	
3.339088	0.0628145122	0	0.0628145122	0	
3.349263	0.0719686993	0	0.0719686993	0	
3.359357	0.0816600719	0	0.0816600719	0	
3.369605	0.0921310405	0	0.0921310405	0	
3.379703	0.103058229	0	0.103058229	0	
3.389877	0.11468745	0	0.11468745	0	
3.400214	0.127151546	0	0.127151546	0	
3.410135	0.139690862	0	0.139690862	0	
3.420381	0.153287836	0	0.153287836	0	
3.430509	0.167330289	0	0.167330289	0	
3.440676	0.182049403	0.00872664626	0.182049403	0.00872664626	
3.450813	0.197398082	0.0174532925	0.197398082	0.00872664626	
3.460953	0.213264471	0.0174532925	0.213264471	0.00872664626	
3.471241	0.230054113	0.034906585	0.230054113	0.00872664626	
3.481262	0.24699199	0.0436332313	0.24699199	0.00872664626	
3.491466	0.264885655	0.0523598776	0.264885655	0.0174532925	
3.501625	0.283307355	0.0698131701	0.283307355	0.0174532925	
3.511729	0.302241902	0.0872664626	0.302241902	0.0174532925	
3.521982	0.322099016	0.104719755	0.322099016	0.0261799388	
3.532163	0.342430544	0.122173048	0.342430544	0.034906585	
3.542234	0.36314548	0.13962634	0.36314548	0.0523598776	
3.55243	0.384745005	0.157079633	0.384745005	0.0523598776	
3.562821	0.407486542	0.183259571	0.407486542	0.0785398163	
3.572772	0.429706073	0.200712864	0.429706073	0.0872664626	
3.582982	0.453216695	0.226892803	0.453216695	0.113446401	
3.593123	0.477166604	0.244346095	0.477166604	0.130899694	
3.603248	0.50170792	0.270526034	0.50170792	0.157079633	
3.613428	0.527003663	0.296705973	0.527003663	0.191986218	
3.623625	0.55296616	0.322885912	0.55296616	0.218166156	
3.633776	0.579417734	0.34906585	0.579417734	0.253072742	
3.643956	0.606581009	0.375245789	0.606581009	0.287979327	
3.654039	0.634081543	0.401425728	0.634081543	0.322885912	
3.664207	0.662462559	0.436332313	0.662462559	0.357792497	
3.674324	0.691276512	0.471238898	0.691276512	0.401425728	
3.684509	0.720926015	0.506145483	0.720926015	0.436332313	
3.702783	0.776580083	0.541052068	0.776580083	0.471238898	
3.707241	0.790080056	0.584685299	0.790080056	0.532325422	
3.717513	0.822016406	0.619591884	0.822016406	0.575958653	
3.727633	0.854102925	0.654498469	0.854102925	0.610865238	
3.73781	0.88698036	0.698131701	0.88698036	0.654498469	
3.747976	0.920445266	0.741764932	0.920445266	0.698131701	
3.758068	0.954261654	0.776671517	0.954261654	0.750491578	
3.76828	0.989147757	0.820304748	0.989147757	0.785398163	
3.778424	1.02437868	0.86393798	1.02437868	0.829031395	
3.78855	1.0601685	0.907571211	1.0601685	0.881391272	
3.798829	1.09714868	0.951204442	1.09714868	0.925024504	
3.808849	1.13379565	0.994837674	1.13379565	0.968657735	
3.819047	1.17171556	1.0384709	1.17171556	1.02101761	
3.82941	1.21091399	1.08210414	1.21091399	1.06465084	
3.839385	1.24919193	1.12573737	1.24919193	1.10828408	
3.850675	1.2933717	1.1693706	1.2933717	1.16064395	
3.859665	1.32893815	1.22173048	1.32893815	1.20427718	
3.869869	1.37000019	1.26536371	1.37000019	1.25663706	
3.879949	1.41115695	1.30899694	1.41115695	1.30027029	
3.890128	1.45335102	1.35263017	1.45335102	1.34390352	
3.901276	1.50036549	1.3962634	1.50036549	1.3962634	
3.910412	1.53927259	1.44862328	1.53927259	1.43989663	
3.920553	1.58315488	1.49225651	1.58315488	1.48352986	
3.931033	1.62920961	1.54461639	1.62920961	1.5271631	
3.940985	1.67347531	1.58824962	1.67347531	1.57952297	
3.951075	1.71896047	1.63188285	1.71896047	1.6231562	
3.961223	1.76534957	1.68424273	1.76534957	1.68424273	
3.971737	1.81411022	1.72787596	1.81411022	1.72787596	
3.981926	1.86193481	1.78023584	1.86193481	1.78023584	
3.992051	1.91008609	1.83259571	1.91008609	1.83259571	
4.002257	1.9592696	1.87622895	1.9592696	1.87622895	
4.012461	2.00904364	1.92858882	2.00904364	1.93731547	
4.022808	2.06018709	1.97222205	2.06018709	1.97222205	
4.03319	2.11370718	2.02458193	2.11370718	2.03330858	
4.043041	2.16199317	2.07694181	2.16199317	2.08566846	
4.053212	2.21409159	2.12057504	2.21409159	2.14675498	
4.063297	2.26636736	2.17293492	2.26636736	2.19038821	
4.073813	2.32155968	2.2252948	2.32155968	2.25147474	
4.08364	2.37370081	2.27765467	2.37370081	2.29510797	
4.093829	2.42835827	2.33001455	2.42835827	2.35619449	
4.103914	2.48308614	2.38237443	2.48308614	2.40855437	
4.114145	2.53741467	2.43473431	2.53741467	2.46091425	
4.124319	2.59082765	2.49582083	2.59082765	2.52200077	
4.134544	2.64390724	2.54818071	2.64390724	2.57436065	
4.144612	2.69555499	2.60054059	2.69555499	2.63544717	
4.154764	2.7472457	2.65290046	2.7472457	2.68780705	
4.164968	2.79823309	2.71398699	2.79823309	2.74016693	
4.175458	2.85018975	2.76634686	2.85018975	2.7925268	
4.18524	2.89810231	2.82743339	2.89810231	2.84488668	
4.195356	2.9470648	2.87979327	2.9470648	2.9059732	
4.205575	2.99591034	2.93215314	2.99591034	2.95833308	
4.215855	3.04443127	2.99323967	3.04443127	3.01941961	
4.225815	3.09089252	3.04559954	3.09089252	3.07177948	
4.236224	3.13881837	3.09795942	3.13881837	3.12413936	
4.246151	3.18393097	3.15904595	3.18393097	3.17649924	
4.256343	3.22966026	3.21140582	3.22966026	3.22885912	
4.266485	3.27458727	3.2637657	3.27458727	3.28121899	
4.276901	3.3200903	3.31612558	3.3200903	3.33357887	
4.287052	3.36382492	3.36848546	3.36382492	3.38593875	
4.297222	3.40706713	3.42084533	3.40706713	3.43829863	
4.307375	3.44965282	3.47320521	3.44965282	3.48193186	
4.317544	3.49170224	3.51683844	3.49170224	3.53429174	
4.327705	3.53312141	3.56919832	3.53312141	3.57792497	
4.33822	3.57536541	3.61283155	3.57536541	3.6215582	
4.3481	3.6144778	3.66519143	3.6144778	3.66519143	
4.358207	3.65390051	3.70882466	3.65390051	3.71755131	
4.368316	3.69275248	3.75245789	3.69275248	3.76118454	
4.378512	3.731355	3.80481777	3.731355	3.80481777	
4.388679	3.76924479	3.848451	3.76924479	3.85717765	
4.398906	3.80676791	3.89208423	3.80676791	3.89208423	
4.408992	3.84316683	3.92699082	3.84316683	3.92699082	
4.419113	3.87912619	3.97062405	3.87912619	3.97062405	
4.429318	3.91479243	4.01425728	3.91479243	4.01425728	
4.447684	3.97661794	4.05789051	3.97661794	4.05789051	
4.452264	3.99206985	4.10152374	3.99206985	4.10152374	
4.46239	4.02553934	4.13643033	4.02553934	4.13643033	
4.472839	4.05945368	4.18006356	4.05945368	4.18006356	
4.482631	4.09069231	4.21497014	4.09069231	4.22369679	
4.492818	4.12259821	4.24987673	4.12259821	4.25860337	
4.503037	4.15400597	4.28478331	4.15400597	4.29350996	
4.513147	4.18448886	4.31096325	4.18448886	4.32841654	
4.523237	4.21435973	4.34586984	4.21435973	4.35459648	
4.534484	4.24689537	4.38077642	4.24689537	4.38077642	
4.543613	4.27286026	4.40695636	4.27286026	4.41568301	
4.553768	4.30114519	4.44186295	4.30114519	4.45058959	
4.563875	4.32872189	4.46804289	4.32872189	4.48549618	
4.574215	4.3563353	4.49422282	4.3563353	4.51167612	
4.584187	4.38239124	4.52040276	4.38239124	4.53785606	
4.594322	4.40829867	4.55530935	4.40829867	4.56403599	
4.604487	4.43369882	4.58148929	4.43369882	4.59021593	
4.614606	4.45840811	4.60766923	4.45840811	4.62512252	
4.624751	4.48260287	4.62512252	4.48260287	4.65130246	
4.636183	4.50910555	4.65130246	4.50910555	4.6774824	
4.645122	4.52941307	4.6774824	4.52941307	4.69493569	
4.655228	4.55178119	4.69493569	4.55178119	4.72984227	
4.665336	4.57358337	4.72111563	4.57358337	4.74729557	
4.67548	4.59488436	4.74729557	4.59488436	4.76474886	
4.685814	4.61599402	4.76474886	4.61599402	4.79965544	
4.695803	4.63583081	4.78220215	4.63583081	4.81710874	
4.705944	4.65540795	4.79965544	4.65540795	4.83456203	
4.716135	4.67449533	4.82583538	4.67449533	4.86074197	
4.726273	4.69292337	4.83456203	4.69292337	4.86946861	
4.744884	4.72439559	4.86946861	4.72439559	4.9043752	
4.749489	4.73222959	4.87819526	4.73222959	4.91310184	
4.759551	4.74866832	4.89564855	4.74866832	4.93928178	
4.76971	4.76470118	4.91310184	4.76470118	4.94800843	
4.779818	4.7800841	4.93055514	4.7800841	4.97418837	
4.789972	4.79498473	4.94800843	4.79498473	4.98291501	
4.800141	4.80933991	4.96546172	4.80933991	5.00036831	
4.810325	4.82315574	4.97418837	4.82315574	5.00909495	
4.820505	4.83639957	4.99164166	4.83639957	5.02654825	
4.830602	4.84899334	5.00909495	4.84899334	5.04400154	
4.842275	4.86277906	5.02654825	4.86277906	5.04400154	
4.85339	4.87524846	5.04400154	4.87524846	5.05272818	
4.862222	4.88479986	5.04400154	4.88479986	5.05272818	
4.872386	4.89521245	5.05272818	4.89521245	5.06145483	
4.882612	4.90536569	5.05272818	4.90536569	5.06145483	
4.892678	4.91437484	5.05272818	4.91437484	5.06145483	
4.911545	4.92942003	5.05272818	4.92942003	5.06145483	
4.916076	4.93309436	5.05272818	4.93309436	5.06145483	
4.92616	4.94062327	5.04400154	4.94062327	5.06145483	
4.944626	4.95231822	5.04400154	4.95231822	5.05272818	
4.949586	4.95550668	5.04400154	4.95550668	5.05272818	
4.959625	4.96135559	5.03527489	4.96135559	5.04400154	
4.969776	4.96678012	5.03527489	4.96678012	5.04400154	
4.979938	4.97172937	5.02654825	4.97172937	5.04400154	
4.990115	4.97621308	5.02654825	4.97621308	5.04400154	
5.000232	4.98021087	5.02654825	4.98021087	5.03527489	
5.010388	4.9837738	5.02654825	4.9837738	5.02654825	
5.02055	4.9869018	5.02654825	4.9869018	5.0178216	
5.03066	4.98959901	5.02654825	4.98959901	5.00909495	
5.042407	4.99215625	5.03527489	4.99215625	5.00909495	
5.051074	4.99382646	5.03527489	4.99382646	5.00909495	
5.061193	4.99539721	5.03527489	4.99539721	5.00909495	
5.071319	5	5.03527489	5	5.00909495	
5.081443	5	5.02654825	5	5.00909495	
5.091646	5	5.02654825	5	5.00909495	
5.101804	5	5.0178216	5	5.0178216	
5.111934	5	5.0178216	5	5.0178216	
5.122078	5	5.00909495	5	5.02654825	
5.132236	5	5.00909495	5	5.02654825	
5.144312	5	5.00909495	5	5.0178216	
5.152631	5	5.00909495	5	5.00909495	
5.162747	5	5.00909495	5	5.00909495	
5.172901	5	5.00909495	5	5.00909495	
5.191077	5	5.00909495	5	5.00909495	
5.195551	5	5.00909495	5	5.00909495	
5.205735	5	5.00909495	5	5.00909495	
5.215846	5	5.00909495	5	5.00036831	
5.225958	5	5.00909495	5	5.00036831	
5.2362	5	5.00909495	5	5.00036831	
5.24634	5	5.00909495	5	5.00036831	
5.256468	5	5.00909495	5	4.99164166	
5.266683	5	5.00909495	5	5.00036831	
5.27678	5	5.00909495	5	5.00036831	
5.294844	5	5.00909495	5	5.00036831	
5.299323	5	5.00909495	5	5.00036831	
5.309553	5	5.00909495	5	5.00036831	
5.31963	5	5.00909495	5	5.00036831	
5.329763	5	5.00909495	5	5.00036831	
5.339925	5	5.00909495	5	5.00036831	
5.350055	5	5.00909495	5	5.00036831	
5.360234	5	5.00909495	5	5.00036831	
5.370411	5	5.00909495	5	5.00036831	
5.380549	5	5.00909495	5	5.00036831	
5.390706	5	5.00909495	5	5.00036831	
5.400907	5	5.00909495	5	5.00036831	
5.411022	5	5.00909495	5	5.00036831	
5.421187	5	5.00909495	5	5.00036831	
5.431277	5	5.00909495	5	5.00036831	
5.441469	5	5.00909495	5	5.00036831	
5.451597	5	5.00909495	5	5.00036831	
5.461806	5	5.00909495	5	5.00036831	
5.472098	5	5.00909495	5	5.00036831	
5.482091	5	5.00909495	5	5.00036831	
5.492377	5	5.00909495	5	5.00036831	
5.502453	5	5.00909495	5	5.00036831	
5.512595	5	5.00909495	5	5.00036831	
5.522736	5	5.00909495	5	5.00036831	
5.532926	5	5.00909495	5	5.00036831	
5.543097	5	5.00909495	5	5.00036831	
5.553279	5	5.00909495	5	5.00036831	
5.563381	5	5.00909495	5	5.00036831	
5.573647	5	5.00909495	5	5.00036831	
5.583716	5	5.00909495	5	5.00036831	
5.593861	5	5.00909495	5	5.00036831	
5.612979	5	5.00909495	5	5.00036831	
5.617494	5	5.00909495	5	5.00036831	
5.627602	5	5.00909495	5	5.00036831	
5.637789	5	5.00909495	5	5.00036831	
5.647947	5	5.00909495	5	5.00036831	
5.658098	5	5.00909495	5	5.00036831	
5.668249	5	5.00909495	5	5.00036831	
5.67837	5	5.00909495	5	5.00036831	
5.68851	5	5.00909495	5	5.00036831	
5.698692	5	5.00909495	5	5.00036831	
5.708884	5	5.00909495	5	5.00036831	
5.720545	5	5.00909495	5	5.00036831	
5.729214	5	5.00909495	5	5.00036831	
5.739355	5	5.00909495	5	5.00036831	
5.749544	5	5.00909495	5	5.00036831	
5.759622	5	5.00909495	5	5.00036831	
5.769813	5	5.00909495	5	5.00036831	
5.779974	5	5.00909495	5	5.00036831	
5.790123	5	5.00909495	5	5.00036831	
5.800284	5	5.00909495	5	5.00036831	
5.810392	5	5.00909495	5	5.00036831	
5.820605	5	5.00909495	5	5.00036831	
5.830744	5	5.00909495	5	5.00036831	
5.840891	5	5.00909495	5	5.00036831	
5.85107	5	5.00909495	5	5.00036831	
5.861219	5	5.00909495	5	5.00036831	
5.871357	5	5.00909495	5	5.00036831	
5.88146	5	5.00909495	5	5.00036831	
5.891679	5	5.00909495	5	5.00036831	
5.902635	5	5.00909495	5	5.00036831	
5.911956	5	5.00909495	5	5.00036831	
5.92207	5	5.00909495	5	5.00036831	
5.932252	5	5.00909495	5	5.00036831	
5.942433	5	5.00909495	5	5.00036831	
5.952555	5	5.00909495	5	5.00036831	
5.962708	5	5.00909495	5	5.00036831	
5.972868	5	5.00909495	5	5.00036831	
5.98308	5	5.00909495	5	5.00036831	
5.993181	5	5.00909495	5	5.00036831	
6.003296	5	5.00909495	5	5.00036831	
6.013498	5	5.00909495	5	5.00036831	
6.023593	5	5.00909495	5	5.00036831	
6.035288	5	5.00909495	5	5.00036831	
6.04436	5	5.00909495	5	5.00036831	
6.054454	5	5.00909495	5	5.00036831	
6.064602	5	5.00909495	5	5.00036831	
6.074743	5	5.00909495	5	5.00036831	
6.085064	5	5.00909495	5	5.00036831	
6.095202	5	5.00909495	5	5.00036831	
6.105235	5	5.00909495	5	5.00036831	
6.115366	5	5.00909495	5	5.00036831	
6.125559	5	5.00909495	5	5.00036831	
6.135665	5	5.00909495	5	5.00036831	
6.1458	5	5.00909495	5	5.00036831	
6.155941	5	5.00909495	5	5.00036831	
6.166109	5	5.00909495	5	5.00036831	
6.176295	5	5.00909495	5	5.00036831	
6.189847	5.00165462	5.00909495	5.00165462	5.00036831	
6.199669	5.00332089	5.00909495	5.00332089	5.00036831	
6.209774	5.0056553	5.00909495	5.0056553	5.00036831	
6.219895	5.00861123	5.00909495	5.00861123	5.00036831	
6.23012	5.01222794	5.00909495	5.01222794	5.00036831	
6.240235	5.01641501	5.00909495	5.01641501	5.00036831	
6.250382	5.02123395	5.00909495	5.02123395	5.00909495	
6.260594	5.02671449	5.00909495	5.02671449	5.00909495	
6.270682	5.03272897	5.00909495	5.03272897	5.00909495	
6.280824	5.03939823	5.00909495	5.03939823	5.00909495	
6.291294	5.04695773	5.00909495	5.04695773	5.0178216	
6.301194	5.05466504	5.00909495	5.05466504	5.02654825	
6.311384	5.06323582	5.00909495	5.06323582	5.03527489	
6.321556	5.07240975	5.00909495	5.07240975	5.04400154	
6.331619	5.08209573	5.00909495	5.08209573	5.04400154	
6.341861	5.09258261	5.00909495	5.09258261	5.04400154	
6.351967	5.10353864	5.00909495	5.10353864	5.06145483	
6.362098	5.11514307	5.0178216	5.11514307	5.07018148	
6.372374	5.12755184	5.0178216	5.12755184	5.07890812	
6.384252	5.14280419	5.0178216	5.14280419	5.08763477	
6.394323	5.15627774	5.02654825	5.15627774	5.09636142	
6.404633	5.17072329	5.03527489	5.17072329	5.10508806	
6.414878	5.18570567	5.04400154	5.18570567	5.11381471	
6.424982	5.20107735	5.04400154	5.20107735	5.11381471	
6.435549	5.21785784	5.05272818	5.21785784	5.131268	
6.445255	5.23380206	5.07018148	5.23380206	5.131268	
6.455372	5.25104619	5.07890812	5.25104619	5.13999465	
6.465528	5.26897846	5.08763477	5.26897846	5.14872129	
6.475765	5.28769644	5.10508806	5.28769644	5.14872129	
6.485853	5.30673495	5.11381471	5.30673495	5.16617459	
6.496048	5.32660414	5.131268	5.32660414	5.17490123	
6.506149	5.34689932	5.14872129	5.34689932	5.18362788	
6.524432	5.38609898	5.17490123	5.38609898	5.20108117	
6.528881	5.39555736	5.18362788	5.39555736	5.20108117	
6.539079	5.4180741	5.20108117	5.4180741	5.21853446	
6.549214	5.44105946	5.21853446	5.44105946	5.22726111	
6.559383	5.46474341	5.2447144	5.46474341	5.25344105	
6.569519	5.4889709	5.26216769	5.4889709	5.26216769	
6.579646	5.51377694	5.28834763	5.51377694	5.28834763	
6.589857	5.53943211	5.31452757	5.53943211	5.31452757	
6.600055	5.5656758	5.33198086	5.5656758	5.33198086	
6.610173	5.59232012	5.3581608	5.59232012	5.3581608	
6.620387	5.61985162	5.38434074	5.61985162	5.39306739	
6.630461	5.64760205	5.41052068	5.64760205	5.41924733	
6.640644	5.67628678	5.44542727	5.67628678	5.45415391	
6.650787	5.70547205	5.47160721	5.70547205	5.4890605	
6.66099	5.73545338	5.49778714	5.73545338	5.52396708	
6.671189	5.76605302	5.53269373	5.76605302	5.55887367	
6.681264	5.79689866	5.56760031	5.79689866	5.59378025	
6.69143	5.82862055	5.6025069	5.82862055	5.62868684	
6.701742	5.86144686	5.63741348	5.86144686	5.67232007	
6.711777	5.89398707	5.68104672	5.89398707	5.70722665	
6.721941	5.92758964	5.7159533	5.92758964	5.74213324	
6.732157	5.96195788	5.75958653	5.96195788	5.79449312	
6.74225	5.9965401	5.80321976	5.9965401	5.83812635	
6.752493	6.0322669	5.84685299	6.0322669	5.88175958	
6.762621	6.06819363	5.88175958	6.06819363	5.91666616	
6.772771	6.10483536	5.92539281	6.10483536	5.96902604	
6.782909	6.14204282	5.96902604	6.14204282	6.01265927	
6.793018	6.17977904	6.01265927	6.17977904	6.0562925	
6.803294	6.21876222	6.0562925	6.21876222	6.09119909	
6.813387	6.25761383	6.10865238	6.25761383	6.13483232	
6.823554	6.29741999	6.15228561	6.29741999	6.1871922	
6.833721	6.33783045	6.19591884	6.33783045	6.23082543	
6.844161	6.38000088	6.24827872	6.38000088	6.28318531	
6.85401	6.42032422	6.29191195	6.42032422	6.33554518	
6.864155	6.46251995	6.33554518	6.46251995	6.37917842	
6.874256	6.50511392	6.38790506	6.50511392	6.43153829	
6.884429	6.54866496	6.43153829	6.54866496	6.47517152	
6.895982	6.59897966	6.47517152	6.59897966	6.51880476	
6.905921	6.64278712	6.5275314	6.64278712	6.57989128	
6.915039	6.68340233	6.57989128	6.68340233	6.61479787	
6.925248	6.72959592	6.62352451	6.72959592	6.67588439	
6.935365	6.77599875	6.67588439	6.77599875	6.71951762	
6.945721	6.82412032	6.71951762	6.82412032	6.7718775	
6.955655	6.87085987	6.7718775	6.87085987	6.82423738	
6.965882	6.91961942	6.82423738	6.91961942	6.86787061	
6.975933	6.96815524	6.86787061	6.96815524	6.92023048	
6.986046	7.01759121	6.92023048	7.01759121	6.96386372	
6.997522	7.07458336	6.96386372	7.07458336	7.02495024	
7.006512	7.11957264	7.01622359	7.11957264	7.06858347	
7.016561	7.17051296	7.06858347	7.17051296	7.12966999	
7.026729	7.2227115	7.12094335	7.2227115	7.17330323	
7.053162	7.3639047	7.17330323	7.3639047	7.23438975	
7.057653	7.38768233	7.27802298	7.38768233	7.3391095	
7.067811	7.44233335	7.33038286	7.44233335	7.38274274	
7.077983	7.49766999	7.38274274	7.49766999	7.44382926	
7.088081	7.5534148	7.44382926	7.5534148	7.49618914	
7.099043	7.61433241	7.49618914	7.61433241	7.55727566	
7.108538	7.66766191	7.54854901	7.66766191	7.60963554	
7.118638	7.72506237	7.60090889	7.72506237	7.66199542	
7.128781	7.78334896	7.66199542	7.78334896	7.72308194	
7.139075	7.8431615	7.71435529	7.8431615	7.76671517	
7.14912	7.90205497	7.76671517	7.90205497	7.83652834	
7.159328	7.96257626	7.8278017	7.96257626	7.88888822	
7.169423	8.02305387	7.88888822	8.02305387	7.94997474	
7.179589	8.0845609	7.9412481	8.0845609	8.01106127	
7.189801	8.14695474	8.00233462	8.14695474	8.07214779	
7.200582	8.21364191	8.06342114	8.21364191	8.12450767	
7.210127	8.27306024	8.12450767	8.27306024	8.18559419	
7.220283	8.33696703	8.18559419	8.33696703	8.24668072	
7.230409	8.40131182	8.25540736	8.40131182	8.30776724	
7.240558	8.46647343	8.31649389	8.46647343	8.36885376	
7.250839	8.53307509	8.37758041	8.53307509	8.42994029	
7.261141	8.60043034	8.43866693	8.60043034	8.49975346	
7.271141	8.66642785	8.5084801	8.66642785	8.56956663	
7.28123	8.73363297	8.56956663	8.73363297	8.63065315	
7.291385	8.80185777	8.6393798	8.80185777	8.70046632	
7.30213	8.87486244	8.70919297	8.87486244	8.76155285	
7.311767	8.94072767	8.77900614	8.94072767	8.83136602	
7.32188	9.01053936	8.84881931	9.01053936	8.90117919	
7.332088	9.08165609	8.91863248	9.08165609	8.97099236	
7.342178	9.15252285	8.98844565	9.15252285	9.03207888	
7.352394	9.22493323	9.05825882	9.22493323	9.10189205	
7.36252	9.29730388	9.12807199	9.29730388	9.17170522	
7.372708	9.37073494	9.19788516	9.37073494	9.25024504	
7.38281	9.4441702	9.27642497	9.4441702	9.32005821	
7.392917	9.51832165	9.34623814	9.51832165	9.38987138	
7.403817	9.5989809	9.42477796	9.5989809	9.45968455	
7.413662	9.67231068	9.49459113	9.67231068	9.53822436	
7.42349	9.74613756	9.57313095	9.74613756	9.60803753	
7.433679	9.82333331	9.65167076	9.82333331	9.68657735	
7.443772	9.90038725	9.72148393	9.90038725	9.75639052	
7.454144	9.98025658	9.80002375	9.98025658	9.82620369	
7.464065	10.0571609	9.87856357	10.0571609	9.90474351	
7.474289	10.1371223	9.95710338	10.1371223	9.98328332	
7.484358	10.2164439	10.0356432	10.2164439	10.0618231	
7.494471	10.2967029	10.114183	10.2967029	10.140363	
7.505351	10.3839078	10.1927228	10.3839078	10.2189028	
7.515121	10.4629537	10.2799893	10.4629537	10.2974426	
7.525014	10.5429787	10.3585291	10.5429787	10.384709	
7.535103	10.6255134	10.4457956	10.6255134	10.4632489	
7.545216	10.7088919	10.5243354	10.7088919	10.559242	
7.555649	10.7956052	10.6116019	10.7956052	10.6290551	
7.565565	10.8785058	10.6988683	10.8785058	10.7250483	
7.575683	10.9637499	10.7861348	10.9637499	10.8035881	
7.585821	11.0497967	10.8734012	11.0497967	10.8995812	
7.595942	11.1363306	10.9606677	11.1363306	10.978121	
7.606878	11.230663	11.0479342	11.230663	11.0741141	
7.624519	11.3848331	11.2137404	11.3848331	11.2224671	
7.629078	11.4245911	11.248647	11.4245911	11.274827	
7.639297	11.514598	11.3446401	11.514598	11.3620934	
7.649358	11.6038246	11.4319066	11.6038246	11.4580865	
7.659546	11.6948401	11.5278997	11.6948401	11.545353	
7.669755	11.7866061	11.6151662	11.7866061	11.6413461	
7.679813	11.8776439	11.7111593	11.8776439	11.7373392	
7.689992	11.9703931	11.8071524	11.9703931	11.8333323	
7.700113	12.0632543	11.9031455	12.0632543	11.9205988	
7.711633	12.1698498	11.9991386	12.1698498	12.0253185	
7.720459	12.2517724	12.0951317	12.2517724	12.112585	
7.73059	12.3465502	12.1911248	12.3465502	12.2173048	
7.740748	12.442229	12.2871179	12.442229	12.3045712	
7.750883	12.5382784	12.3918377	12.5382784	12.409291	
7.761082	12.6337005	12.4878308	12.6337005	12.5052841	
7.771283	12.7288595	12.5838239	12.7288595	12.6100038	
7.781398	12.8219197	12.6885437	12.8219197	12.705997	
7.791512	12.9147089	12.7845368	12.9147089	12.8019901	
7.801639	13.0070038	12.8805299	13.0070038	12.8979832	
7.813176	13.1114388	12.9852496	13.1114388	13.0027029	
7.822049	13.1911658	13.0812427	13.1911658	13.1074227	
7.832143	13.2812759	13.1772359	13.2812759	13.2121424	
7.842302	13.3718225	13.2819556	13.3718225	13.3081355	
7.852571	13.4633326	13.3779487	13.4633326	13.4041287	
7.871713	13.6278342	13.5612083	13.6278342	13.5961149	
7.876352	13.6680829	13.6048415	13.6680829	13.6310215	
7.88654	13.7558055	13.7008346	13.7558055	13.7357412	
7.896538	13.8412079	13.7968277	13.8412079	13.8317343	
7.907673	13.9356849	13.8928208	13.9356849	13.9277274	
7.917405	14.017626	13.988814	14.017626	14.0149939	
7.935132	14.1646285	14.1546202	14.1646285	14.1808002	
7.939637	14.2020227	14.1895268	14.2020227	14.2244334	
7.949856	14.2860971	14.2855199	14.2860971	14.3204265	
7.959979	14.3687893	14.3727864	14.3687893	14.407693	
7.970107	14.4508939	14.4600529	14.4508939	14.4949594	
7.980292	14.5328719	14.5473193	14.5328719	14.5822259	
7.990452	14.6140017	14.6433124	14.6140017	14.678219	
8.000555	14.6940614	14.7218522	14.6940614	14.7654855	
8.010734	14.7741268	14.8091187	14.7741268	14.8440253	
8.020968	14.8540138	14.8876585	14.8540138	14.9225651	
8.031072	14.9322427	14.974925	14.9322427	15.0098316	
8.050514	15.0800269	15.1320046	15.0800269	15.1669112	
8.05507	15.1147013	15.1669112	15.1147013	15.2018178	
8.065664	15.1945551	15.245451	15.1945551	15.2803576	
8.075309	15.2666929	15.3239908	15.2666929	15.3588974	
8.085539	15.3426031	15.4025306	15.3426031	15.4374372	
8.095655	15.4170465	15.4810705	15.4170465	15.5159771	
8.105762	15.4907939	15.5508836	15.4907939	15.5857902	
8.125356	15.6310438	15.6294235	15.6310438	15.6556034	
8.129942	15.6638525	15.7341432	15.6638525	15.7603231	
8.140091	15.7358806	15.812683	15.7358806	15.8301363	
8.150248	15.8072953	15.8824962	15.8072953	15.8999495	
8.160375	15.8779176	15.9523094	15.8779176	15.9697627	
8.170562	15.9483595	16.0221225	15.9483595	16.0395758	
8.180759	16.0182176	16.0919357	16.0182176	16.109389	
8.190897	16.0870755	16.1617489	16.0870755	16.1704755	
8.201028	16.1552757	16.231562	16.1552757	16.2402887	
8.211136	16.2227208	16.3013752	16.2227208	16.3013752	
8.221433	16.2908168	16.3624617	16.2908168	16.3711884	
8.231541	16.3569837	16.4322749	16.3569837	16.4322749	
8.241698	16.4229154	16.4933614	16.4229154	16.4933614	
8.251851	16.4882086	16.5631746	16.4882086	16.5631746	
8.262038	16.5530838	16.6242611	16.5530838	16.6242611	
8.272171	16.6170069	16.6940743	16.6170069	16.6940743	
8.282267	16.6800863	16.7551608	16.6800863	16.7551608	
8.292526	16.7435913	16.8162473	16.7435913	16.8162473	
8.302636	16.8055293	16.8773339	16.8055293	16.8773339	
8.312846	16.8675184	16.9384204	16.8675184	16.947147	
8.32303	16.9286989	16.9995069	16.9286989	16.9995069	
8.333545	16.9911777	17.0605934	16.9911777	17.0605934	
8.343564	17.0501167	17.12168	17.0501167	17.12168	
8.35363	17.1087593	17.1740398	17.1087593	17.1914931	
8.364089	17.1690589	17.2351264	17.1690589	17.243853	
8.373952	17.2253081	17.2962129	17.2253081	17.3049395	
8.384047	17.282293	17.3485728	17.282293	17.3660261	
8.3942	17.3390204	17.4009326	17.3390204	17.4183859	
8.404341	17.3950497	17.4620192	17.3950497	17.4707458	
8.414498	17.450556	17.514379	17.450556	17.540559	
8.424665	17.5055045	17.5754656	17.5055045	17.5929189	
8.442854	17.6014388	17.6278254	17.6014388	17.6452787	
8.447496	17.6259492	17.6976386	17.6259492	17.7150919	
8.457589	17.6785134	17.7499985	17.6785134	17.7761784	
8.467787	17.7310425	17.8023584	17.7310425	17.8198117	
8.478082	17.7834212	17.8547182	17.7834212	17.8896248	
8.488204	17.8343195	17.9070781	17.8343195	17.9332581	
8.498463	17.8853053	17.959438	17.8853053	17.9943446	
8.50854	17.9347585	18.0117979	17.9347585	18.0379778	
8.518678	17.9839171	18.0641578	17.9839171	18.0990643	
8.528924	18.0330093	18.1165176	18.0330093	18.1426976	
8.538984	18.0805489	18.1688775	18.0805489	18.1950575	
8.549179	18.1281565	18.2125107	18.1281565	18.2386907	
8.559364	18.1751013	18.2648706	18.1751013	18.2910506	
8.569486	18.2211401	18.3172305	18.2211401	18.3434104	
8.579635	18.2667119	18.3608637	18.2667119	18.3870437	
8.589838	18.311898	18.4132236	18.311898	18.4394035	
8.599952	18.3560817	18.4568568	18.3560817	18.4830368	
8.610088	18.3997776	18.5004901	18.3997776	18.5353967	
8.620256	18.4430061	18.5441233	18.4430061	18.5790299	
8.63075	18.4869783	18.5877565	18.4869783	18.6226631	
8.640596	18.5276123	18.6313898	18.5276123	18.6575697	
8.650737	18.5688931	18.675023	18.5688931	18.7012029	
8.660863	18.6095267	18.7186562	18.6095267	18.7448362	
8.671035	18.6497279	18.7622895	18.6497279	18.7884694	
8.681144	18.6890783	18.797196	18.6890783	18.8321026	
8.691363	18.7282447	18.8408293	18.7282447	18.8670092	
8.701483	18.7664229	18.8757359	18.7664229	18.9019158	
8.711696	18.8043491	18.9193691	18.8043491	18.9542757	
8.721787	18.8412257	18.9542757	18.8412257	18.9891823	
8.732024	18.8780461	18.9891823	18.8780461	19.0240888	
8.742177	18.9139077	19.0240888	18.9139077	19.0589954	
8.752263	18.9489677	19.0589954	18.9489677	19.093902	
8.762435	18.9837126	19.093902	18.9837126	19.1375352	
8.772826	19.0185948	19.1288086	19.0185948	19.1724418	
8.782743	19.0512904	19.1637152	19.0512904	19.2073484	
8.792827	19.0839518	19.1898951	19.0839518	19.2335284	
8.803001	19.1162988	19.2248017	19.1162988	19.2684349	
8.813312	19.1484763	19.2597083	19.1484763	19.3033415	
8.823929	19.180927	19.2858882	19.180927	19.3382481	
8.833732	19.210357	19.3207948	19.210357	19.3731547	
8.843791	19.2399569	19.3469748	19.2399569	19.3993346	
8.853998	19.2693744	19.3731547	19.2693744	19.4255146	
8.87326	19.3222585	19.4255146	19.3222585	19.4866011	
8.877899	19.3350507	19.4429679	19.3350507	19.4953277	
8.887992	19.3621611	19.4691478	19.3621611	19.5215077	
8.89813	19.3887999	19.4953277	19.3887999	19.5476876	
8.909017	19.4167164	19.512781	19.4167164	19.5651409	
8.928314	19.4635511	19.5651409	19.4635511	19.6262274	
8.933019	19.4750439	19.5738676	19.4750439	19.6349541	
8.943114	19.4989376	19.6000475	19.4989376	19.661134	
8.95321	19.5222657	19.6262274	19.5222657	19.687314	
8.963403	19.5452268	19.6436807	19.5452268	19.7047673	
8.974375	19.5692333	19.6698607	19.5692333	19.7309472	
8.983664	19.5890962	19.687314	19.5890962	19.7571271	
8.993802	19.6101666	19.7047673	19.6101666	19.7745804	
9.003938	19.630656	19.7309472	19.630656	19.7920337	
9.014104	19.6506082	19.7484005	19.6506082	19.809487	
9.024245	19.6699396	19.7658538	19.6699396	19.8356669	
9.034586	19.6890473	19.7833071	19.6890473	19.8443936	
9.044618	19.7069963	19.8007604	19.7069963	19.8705735	
9.054729	19.7245202	19.8182137	19.7245202	19.8793002	
9.072831	19.7536557	19.8356669	19.7536557	19.9054801	
9.077391	19.7610429	19.8531202	19.7610429	19.9142068	
9.087593	19.7768485	19.8705735	19.7768485	19.9316601	
9.097715	19.7919547	19.8793002	19.7919547	19.9491134	
9.107863	19.8065329	19.8967535	19.8065329	19.9665666	
9.118073	19.8206198	19.9054801	19.8206198	19.9752933	
9.128188	19.8340164	19.9142068	19.8340164	19.9840199	
9.138732	19.8473595	19.9316601	19.8473595	20.0014732	
9.148626	19.8593515	19.9403867	19.8593515	20.0189265	
9.158715	19.8710254	19.9491134	19.8710254	20.0189265	
9.168837	19.8821784	19.95784	19.8821784	20.0276532	
9.179025	19.8928446	19.9665666	19.8928446	20.0363798	
9.189187	19.9029322	19.9752933	19.9029322	20.0363798	
9.199415	19.9125184	19.9840199	19.9125184	20.0451065	
9.209491	19.9214271	19.9927466	19.9214271	20.0451065	
9.219625	19.9298497	20.0014732	19.9298497	20.0451065	
9.229848	19.9377998	20.0014732	19.9377998	20.0451065	
9.240477	19.9454672	20.0014732	19.9454672	20.0363798	
9.250246	19.9520425	20.0014732	19.9520425	20.0363798	
9.260435	19.9583708	20.0014732	19.9583708	20.0363798	
9.270555	19.9641434	20.0014732	19.9641434	20.0363798	
9.280702	19.9694265	20.0014732	19.9694265	20.0363798	
9.290836	19.9742055	20.0014732	19.9742055	20.0363798	
9.30102	19.978517	20.0014732	19.978517	20.0363798	
9.311189	19.9823471	20.0014732	19.9823471	20.0363798	
9.321282	19.9856925	20.0014732	19.9856925	20.0363798	
9.331519	19.9886317	20.0014732	19.9886317	20.0363798	
9.341701	19.9911283	20.0014732	19.9911283	20.0276532	
9.351812	19.9932089	20.0014732	19.9932089	20.0189265	
9.361961	19.9949224	20.0014732	19.9949224	20.0189265	
9.372114	20	20.0014732	20	20.0189265	
9.382259	20	20.0014732	20	20.0189265	
9.392465	20	20.0014732	20	20.0189265	
9.402592	20	20.0014732	20	20.0189265	
9.412783	20	20.0014732	20	20.0101999	
9.42288	20	20.0014732	20	20.0014732	
9.432986	20	19.9927466	20	20.0014732	
9.443252	20	19.9927466	20	20.0014732	
9.453362	20	19.9927466	20	20.0014732	
9.463594	20	19.9927466	20	20.0014732	
9.47373	20	19.9927466	20	20.0014732	
9.48415	20	19.9927466	20	20.0014732	
9.494067	20	19.9927466	20	20.0101999	
9.504129	20	19.9927466	20	20.0101999	
9.514275	20	19.9927466	20	20.0101999	
9.524411	20	19.9927466	20	20.0101999	
9.534544	20	19.9927466	20	20.0101999	
9.544723	20	19.9927466	20	20.0101999	
9.554915	20	19.9927466	20	20.0101999	
9.565048	20	19.9927466	20	20.0101999	
9.575191	20	19.9927466	20	20.0101999	
9.585296	20	19.9927466	20	20.0101999	
9.595472	20	19.9927466	20	20.0101999	
9.605593	20	19.9927466	20	20.0101999	
9.615754	20	19.9927466	20	20.0101999	
9.625894	20	19.9927466	20	20.0101999	
9.635996	20	19.9927466	20	20.0101999	
9.64623	20	19.9927466	20	20.0101999	
9.656397	20	19.9927466	20	20.0101999	
9.666468	20	19.9927466	20	20.0101999	
9.676668	20	19.9927466	20	20.0101999	
9.686797	20	19.9927466	20	20.0101999	
9.696942	20	19.9927466	20	20.0101999	
9.707096	20	19.9927466	20	20.0101999	
9.717311	20	19.9927466	20	20.0101999	
9.727535	20	19.9927466	20	20.0101999	
9.737619	20	19.9927466	20	20.0101999	
9.747791	20	19.9927466	20	20.0101999	
9.758061	20	19.9927466	20	20.0101999	
9.768131	20	19.9927466	20	20.0101999	
9.778283	20	19.9927466	20	20.0101999	
9.788402	20	19.9927466	20	20.0101999	
9.798594	20	19.9927466	20	20.0101999	
9.808745	20	19.9927466	20	20.0101999	
9.818931	20	19.9927466	20	20.0101999	
9.829077	20	19.9927466	20	20.0101999	
9.839233	20	19.9927466	20	20.0101999	
9.849387	20	19.9927466	20	20.0101999	
9.859593	20	19.9927466	20	20.0101999	
9.869734	20	19.9927466	20	20.0101999	
9.879827	20	19.9927466	20	20.0101999	
9.890002	20	19.9927466	20	20.0101999	
9.900164	20	19.9927466	20	20.0101999	
9.911019	20	19.9927466	20	20.0101999	
9.921097	20	19.9927466	20	20.0101999	
9.931241	20	19.9927466	20	20.0101999	
9.941366	20	19.9927466	20	20.0101999	
9.951636	20	19.9927466	20	20.0101999	
9.961869	20	19.9927466	20	20.0101999	
9.97188	20	19.9927466	20	20.0101999	
9.982135	20	19.9927466	20	20.0101999	
9.992197	20	19.9927466	20	20.0101999	
10.00239	20	19.9927466	20	20.0101999	
10.01251	20	19.9927466	20	20.0101999	
10.02267	20	19.9927466	20	20.0101999	
10.03293	20	19.9927466	20	20.0101999	
10.05205	20	19.9927466	20	20.0101999	
10.05692	20	19.9927466	20	20.0101999	
10.06682	20	19.9927466	20	20.0101999	
10.07697	20	19.9927466	20	20.0101999	
10.08711	20	19.9927466	20	20.0101999	
10.09728	20	19.9927466	20	20.0101999	
10.10743	20	19.9927466	20	20.0101999	
10.11757	20	19.9927466	20	20.0101999	
10.12779	20	19.9927466	20	20.0101999	
10.13794	20	19.9927466	20	20.0101999	
10.14902	20	19.9927466	20	20.0101999	
10.15914	20	19.9927466	20	20.0101999	
10.16946	20	19.9927466	20	20.0101999	
10.1794	20	19.9927466	20	20.0101999	
10.18956	20	19.9927466	20	20.0101999	
10.19975	20	19.9927466	20	20.0101999	
10.2099	20	19.9927466	20	20.0101999	
10.22007	20	19.9927466	20	20.0101999	
10.23026	20	19.9927466	20	20.0101999	
10.24034	20	19.9927466	20	20.0101999	
10.25054	20	19.9927466	20	20.0101999	
10.26076	20	19.9927466	20	20.0101999	
10.27087	20	19.9927466	20	20.0101999	
10.281	20	19.9927466	20	20.0101999	
10.29114	20	19.9927466	20	20.0101999	
10.3014	20	19.9927466	20	20.0101999	
10.31164	20	19.9927466	20	20.0101999	
10.3217	20	19.9927466	20	20.0101999	
10.33185	20	19.9927466	20	20.0101999	
10.34209	20	19.9927466	20	20.0101999	
10.35212	20	19.9927466	20	20.0101999	
10.36231	20	19.9927466	20	20.0101999	
10.37247	20	19.9927466	20	20.0101999	
10.38265	20	19.9927466	20	20.0101999	
10.39278	20	19.9927466	20	20.0101999	
10.40291	20	19.9927466	20	20.0101999	
10.41311	20	19.9927466	20	20.0101999	
10.42324	20	19.9927466	20	20.0101999	
10.43332	20	19.9927466	20	20.0101999	
10.44357	20	19.9927466	20	20.0101999	
10.45366	20	19.9927466	20	20.0101999	
10.46382	20	19.9927466	20	20.0101999	
10.47392	20	19.9927466	20	20.0101999	
10.48442	20	19.9927466	20	20.0101999	
10.49429	20	19.9927466	20	20.0101999	
10.50439	20	19.9927466	20	20.0101999	
10.51452	20	19.9927466	20	20.0101999	
10.5247	20	19.9927466	20	20.0101999	
10.53488	20	19.9927466	20	20.0101999	
10.54501	20	19.9927466	20	20.0101999	
10.55511	20	19.9927466	20	20.0101999	
10.56524	20	19.9927466	20	20.0101999	
10.57569	20	19.9927466	20	20.0101999	
10.58554	20	19.9927466	20	20.0101999	
10.5957	20	19.9927466	20	20.0101999	
10.60586	20	19.9927466	20	20.0101999	
10.616	20	19.9927466	20	20.0101999	
10.62614	20	19.9927466	20	20.0101999	
10.63635	20	19.9927466	20	20.0101999	
10.64653	20	19.9927466	20	20.0101999	
10.65666	20	19.9927466	20	20.0101999	
10.66678	20	19.9927466	20	20.0101999	
10.67693	20	19.9927466	20	20.0101999	
10.68711	20	19.9927466	20	20.0101999	
10.69729	20	19.9927466	20	20.0101999	
10.70745	20	19.9927466	20	20.0101999	
10.71761	20	19.9927466	20	20.0101999	
10.72778	20	19.9927466	20	20.0101999	
10.73794	20	19.9927466	20	20.0101999	
10.7481	20	19.9927466	20	20.0101999	
10.75831	20	19.9927466	20	20.0101999	
10.76841	20	19.9927466	20	20.0101999	
10.77857	20	19.9927466	20	20.0101999	
10.78874	20	19.9927466	20	20.0101999	
10.79892	20	19.9927466	20	20.0101999	
10.80905	20	19.9927466	20	20.0101999	
10.8192	20	19.9927466	20	20.0101999	
10.82942	20	19.9927466	20	20.0101999	
10.83965	20	19.9927466	20	20.0101999	
10.84971	20	19.9927466	20	20.0101999	
10.8599	20	19.9927466	20	20.0101999	
10.87068	20	19.9927466	20	20.0101999	
10.88037	20	19.9927466	20	20.0101999	
10.89055	20	19.9927466	20	20.0101999	
10.90081	20	19.9927466	20	20.0101999	
10.91146	20	19.9927466	20	20.0101999	
10.92098	20	19.9927466	20	20.0101999	
10.93119	20	19.9927466	20	20.0101999	
10.94125	20	19.9927466	20	20.0101999	
10.95145	20	19.9927466	20	20.0101999	
10.96158	20	19.9927466	20	20.0101999	
10.97175	20	19.9927466	20	20.0101999	
10.9819	20	19.9927466	20	20.0101999	
10.99203	20	19.9927466	20	20.0101999	
11.0022	20	19.9927466	20	20.0101999	
11.01237	20	19.9927466	20	20.0101999	
11.02258	20	19.9927466	20	20.0101999	
11.03268	20	19.9927466	20	20.0101999	
11.04276	20	19.9927466	20	20.0101999	
11.05765	20.0019989	19.9927466	20.0019989	20.0101999	
11.06759	20.0037743	19.9927466	20.0037743	20.0101999	
11.07769	20.0061969	19.9927466	20.0061969	20.0101999	
11.08783	20.0092491	19.9927466	20.0092491	20.0189265	
11.09803	20.0129418	19.9927466	20.0129418	20.0189265	
11.10819	20.0172433	19.9927466	20.0172433	20.0189265	
11.11839	20.0221821	19.9927466	20.0221821	20.0276532	
11.12849	20.027681	19.9927466	20.027681	20.0363798	
11.13861	20.0338096	19.9927466	20.0338096	20.0451065	
11.14886	20.0406545	19.9927466	20.0406545	20.0538331	
11.15904	20.0480658	19.9927466	20.0480658	20.0538331	
11.1692	20.0560808	19.9927466	20.0560808	20.0625598	
11.17934	20.0647008	19.9927466	20.0647008	20.0712864	
11.18949	20.0739489	19.9927466	20.0739489	20.0712864	
11.19968	20.0838549	19.9927466	20.0838549	20.080013	
11.20981	20.0943152	19.9927466	20.0943152	20.080013	
11.21998	20.1054434	19.9927466	20.1054434	20.080013	
11.23022	20.117271	19.9927466	20.117271	20.080013	
11.2403	20.1295154	19.9927466	20.1295154	20.080013	
11.2504	20.1424098	19.9927466	20.1424098	20.080013	
11.26067	20.1561697	19.9927466	20.1561697	20.080013	
11.27083	20.1703714	19.9927466	20.1703714	20.080013	
11.28091	20.185086	20.0014732	20.185086	20.080013	
11.29107	20.2005187	20.0014732	20.2005187	20.080013	
11.30722	20.2269505	20.0014732	20.2269505	20.080013	
11.31748	20.2441842	20.0014732	20.2441842	20.080013	
11.32803	20.2625712	20.0014732	20.2625712	20.080013	
11.34669	20.2976493	20.0014732	20.2976493	20.080013	
11.35717	20.3177337	20.0101999	20.3177337	20.080013	
11.36704	20.3372406	20.0189265	20.3372406	20.080013	
11.37721	20.3579704	20.0189265	20.3579704	20.0887397	
11.38817	20.3810526	20.0363798	20.3810526	20.0887397	
11.39758	20.4013413	20.0538331	20.4013413	20.106193	
11.41596	20.4435105	20.080013	20.4435105	20.1236463	
11.42074	20.454406	20.0887397	20.454406	20.1236463	
11.43099	20.4786052	20.106193	20.4786052	20.1498262	
11.44118	20.5032918	20.1236463	20.5032918	20.1585529	
11.4514	20.5286666	20.1498262	20.5286666	20.1934594	
11.46248	20.5569364	20.1760062	20.5569364	20.2109127	
11.47258	20.5832825	20.2021861	20.5832825	20.2370927	
11.4828	20.6105772	20.228366	20.6105772	20.2632726	
11.49307	20.6386397	20.2632726	20.6386397	20.2981792	
11.50327	20.6671386	20.2981792	20.6671386	20.3330858	
11.51346	20.6962295	20.3330858	20.6962295	20.3679924	
11.52377	20.7262954	20.3679924	20.7262954	20.402899	
11.5339	20.7564707	20.402899	20.7564707	20.4378055	
11.54413	20.7875472	20.4378055	20.7875472	20.4814388	
11.55439	20.8193724	20.4814388	20.8193724	20.525072	
11.56455	20.8515043	20.525072	20.8515043	20.5687052	
11.57482	20.8845942	20.5599786	20.8845942	20.6123385	
11.58503	20.9181239	20.6036118	20.9181239	20.6472451	
11.59526	20.952358	20.6472451	20.952358	20.6996049	
11.60556	20.9874408	20.6908783	20.9874408	20.7432382	
11.61563	21.0223692	20.7432382	21.0223692	20.7868714	
11.62584	21.0584131	20.7868714	21.0584131	20.8392313	
11.63606	21.0950829	20.8392313	21.0950829	20.8915911	
11.65458	21.1641374	20.8828645	21.1641374	20.9352244	
11.65988	21.1838015	20.943951	21.1838015	20.9963109	
11.66963	21.2207901	20.9963109	21.2207901	21.0573974	
11.68816	21.2935734	21.092304	21.2935734	21.1359372	
11.693	21.3125231	21.1097573	21.3125231	21.1708438	
11.70316	21.3531039	21.1621172	21.3531039	21.2144771	
11.71342	21.3946817	21.2144771	21.3946817	21.2755636	
11.72379	21.4373997	21.2668369	21.4373997	21.3191968	
11.73388	21.4795508	21.3104702	21.4795508	21.3715567	
11.74413	21.5230013	21.36283	21.5230013	21.4151899	
11.7544	21.5671436	21.4151899	21.5671436	21.4762764	
11.76523	21.6144512	21.4675498	21.6144512	21.5199097	
11.77542	21.6595629	21.5199097	21.6595629	21.5722696	
11.78555	21.7050367	21.5722696	21.7050367	21.6246294	
11.79581	21.7517114	21.6246294	21.7517114	21.6769893	
11.80601	21.7987261	21.6769893	21.7987261	21.7206225	
11.8162	21.8463124	21.7293492	21.8463124	21.7642558	
11.82653	21.8952355	21.7817091	21.8952355	21.8253423	
11.83673	21.9441348	21.8340689	21.9441348	21.8689755	
11.84694	21.9937127	21.8864288	21.9937127	21.9300621	
11.85721	22.0441815	21.9387887	22.0441815	21.9736953	
11.86741	22.0950033	21.9824219	22.0950033	22.0260552	
11.87761	22.146435	22.0347818	22.146435	22.078415	
11.88793	22.1990422	22.0871417	22.1990422	22.1220483	
11.89799	22.2509945	22.1395016	22.2509945	22.1831348	
11.90825	22.3045964	22.1831348	22.3045964	22.226768	
11.91852	22.35883	22.2354947	22.35883	22.2791279	
11.92864	22.4129231	22.2878545	22.4129231	22.3227611	
11.93885	22.4681529	22.3402144	22.4681529	22.375121	
11.94913	22.5243813	22.3925743	22.5243813	22.4274809	
11.95928	22.5805186	22.4536608	22.5805186	22.4798408	
11.96948	22.6375243	22.5060207	22.6375243	22.5322006	
11.97971	22.695326	22.5583806	22.695326	22.5932872	
11.98996	22.7539004	22.6107405	22.7539004	22.645647	
12.00014	22.8127356	22.671827	22.8127356	22.7067336	
12.01039	22.8725255	22.7241869	22.8725255	22.7678201	
12.02062	22.9328553	22.7852734	22.9328553	22.82018	
12.03085	22.9938128	22.8463599	22.9938128	22.8812665	
12.04106	23.0552882	22.9074464	23.0552882	22.942353	
12.05145	23.1185068	22.968533	23.1185068	23.0034395	
12.06147	23.1800536	23.0296195	23.1800536	23.0645261	
12.07189	23.2447781	23.090706	23.2447781	23.1256126	
12.08189	23.3074145	23.1517925	23.3074145	23.1954258	
12.09212	23.3721137	23.2216057	23.3721137	23.2565123	
12.11065	23.4919067	23.2826922	23.4919067	23.3263255	
12.11584	23.5253779	23.3699587	23.5253779	23.4048653	
12.1257	23.5897505	23.4397719	23.5897505	23.4746784	
12.13598	23.6574785	23.5008584	23.6574785	23.5444916	
12.14606	23.7244445	23.5706715	23.7244445	23.6143048	
12.15642	23.7940328	23.6404847	23.7940328	23.6753913	
12.17439	23.9170432	23.7626578	23.9170432	23.7888377	
12.17916	23.9496494	23.7888377	23.9496494	23.8237443	
12.18943	24.0205687	23.8673775	24.0205687	23.9022841	
12.19963	24.091696	23.9371907	24.091696	23.9720973	
12.20989	24.1638754	24.0070039	24.1638754	24.0419104	
12.22003	24.2358313	24.0855437	24.2358313	24.1204503	
12.23033	24.3095352	24.1553568	24.3095352	24.1902634	
12.24044	24.3824941	24.2338967	24.3824941	24.2688032	
12.25062	24.4565378	24.3124365	24.4565378	24.3473431	
12.26103	24.5329567	24.3822497	24.5329567	24.4171562	
12.2711	24.6075378	24.4607895	24.6075378	24.4869694	
12.28126	24.6833324	24.5393293	24.6833324	24.5655092	
12.29155	24.7607742	24.6178691	24.7607742	24.644049	
12.30176	24.8382221	24.6964089	24.8382221	24.7313155	
12.31205	24.9168992	24.7749487	24.9168992	24.8011287	
12.3222	24.9950805	24.8534885	24.9950805	24.8883951	
12.33246	25.0748147	24.9320284	25.0748147	24.9669349	
12.34264	25.1544915	25.0105682	25.1544915	25.0454748	
12.35285	25.2350771	25.0978346	25.2350771	25.1240146	
12.36306	25.3162561	25.1763745	25.3162561	25.211281	
12.37333	25.3986279	25.2549143	25.3986279	25.2898209	
12.38355	25.4811352	25.3421807	25.4811352	25.3770873	
12.39372	25.5638327	25.4294472	25.5638327	25.4643538	
12.40394	25.6476723	25.507987	25.6476723	25.5516202	
12.41424	25.7327325	25.5952535	25.7327325	25.6388867	
12.42438	25.8170576	25.6737933	25.8170576	25.7174265	
12.43459	25.902643	25.7610598	25.902643	25.804693	
12.44485	25.9892637	25.8483262	25.9892637	25.8832328	
12.4551	26.07649	25.9355927	26.07649	25.9792259	
12.46549	26.165456	26.0228591	26.165456	26.0577657	
12.47551	26.2519209	26.1101256	26.2519209	26.1537588	
12.48569	26.3404107	26.1973921	26.3404107	26.2322987	
12.49599	26.4305132	26.2846585	26.4305132	26.3282918	
12.50614	26.5198897	26.371925	26.5198897	26.4155582	
12.51631	26.6101256	26.4591915	26.6101256	26.5028247	
12.54469	26.8683017	26.6249977	26.8683017	26.6599043	
12.54944	26.9112828	26.7558974	26.9112828	26.790804	
12.55939	27.0020863	26.8431639	27.0020863	26.8867971	
12.57067	27.1059145	26.9304304	27.1059145	26.9740636	
12.57977	27.1900469	27.0264235	27.1900469	27.0700567	
12.58985	27.2838636	27.1224166	27.2838636	27.1660498	
12.59999	27.3789517	27.209683	27.3789517	27.2533163	
12.61013	27.4745715	27.3056761	27.4745715	27.3493094	
12.62033	27.5714596	27.4016693	27.5714596	27.4453025	
12.63052	27.6688661	27.4889357	27.6688661	27.532569	
12.64062	27.7660317	27.5936555	27.7660317	27.6285621	
12.65078	27.8643276	27.6896486	27.8643276	27.7332818	
12.66093	27.9632325	27.7856417	27.9632325	27.8292749	
12.67227	28.0745303	27.8816348	28.0745303	27.925268	
12.68125	28.1629354	27.9776279	28.1629354	28.0212611	
12.6914	28.2637066	28.0823477	28.2637066	28.1172542	
12.70161	28.3655804	28.1783408	28.3655804	28.221974	
12.71968	28.548464	28.3616003	28.548464	28.3965069	
12.72425	28.5945623	28.4052336	28.5945623	28.4401402	
12.73443	28.6982416	28.5012267	28.6982416	28.5361333	
12.74451	28.8014789	28.6059464	28.8014789	28.640853	
12.75462	28.9056273	28.7106662	28.9056273	28.7455728	
12.76517	29.0150006	28.815386	29.0150006	28.8415659	
12.78445	29.2176166	29.0248255	29.2176166	29.0422788	
12.78903	29.2655725	29.0684587	29.2655725	29.0946386	
12.79917	29.372741	29.1731784	29.372741	29.1993584	
12.80927	29.4801725	29.2866248	29.4801725	29.3040781	
12.81947	29.5891982	29.3913446	29.5891982	29.4087979	
12.82967	29.6987936	29.504791	29.6987936	29.5135177	
12.83989	29.8094159	29.6182374	29.8094159	29.6182374	
12.84996	29.9188568	29.7316838	29.9188568	29.7229572	
12.86011	30.0298316	29.8451302	30.0298316	29.8451302	
12.87072	30.1482351	29.9585766	30.1482351	29.94985	
12.88067	30.256615	30.072023	30.256615	30.0632964	
12.89062	30.3671624	30.1854694	30.3671624	30.1767428	
12.90077	30.4806018	30.2989158	30.4806018	30.2814625	
12.91181	30.6048754	30.4123622	30.6048754	30.3949089	
12.92107	30.7094578	30.5258086	30.7094578	30.517082	
12.9312	30.8244995	30.639255	30.8244995	30.6305284	
12.94134	30.9403061	30.7614281	30.9403061	30.7527014	
12.95151	31.0570884	30.8748745	31.0570884	30.8661478	
12.96165	31.1741537	30.9970475	31.1741537	30.9795942	
12.97181	31.2920466	31.1104939	31.2920466	31.1104939	
12.98204	31.4114759	31.232667	31.4114759	31.2239403	
12.99217	31.5301748	31.35484	31.5301748	31.3461134	
13.00229	31.6500942	31.4682864	31.6500942	31.4682864	
13.01246	31.7700376	31.5904595	31.7700376	31.5904595	
13.02277	31.8937886	31.7126325	31.8937886	31.7126325	
13.03276	32.0124209	31.8348056	32.0124209	31.8435322	
13.04284	32.1334169	31.9569786	32.1334169	31.9657053	
13.05307	32.2561529	32.0791517	32.2561529	32.0878783	
13.06319	32.3775569	32.2013247	32.3775569	32.2100513	
13.07328	32.4986249	32.3322244	32.4986249	32.340951	
13.08366	32.6232449	32.4543974	32.6232449	32.4631241	
13.09384	32.7453929	32.5765705	32.7453929	32.5852971	
13.11173	32.9600489	32.7947366	32.9600489	32.8209166	
13.11628	33.0146729	32.8558232	33.0146729	32.8645498	
13.13472	33.2359169	33.082716	33.2359169	33.1001693	
13.13927	33.2904809	33.1350758	33.2904809	33.1612558	
13.14944	33.4125209	33.2572489	33.4125209	33.2834288	
13.15959	33.5343809	33.3881486	33.5343809	33.4056019	
13.1697	33.6556889	33.5103216	33.6556889	33.5277749	
13.18139	33.7959809	33.6324947	33.7959809	33.6674013	
13.19011	33.9006329	33.7633944	33.9006329	33.7808477	
13.20025	34.0223729	33.8855674	34.0223729	33.9117474	
13.21037	34.1437169	34.0077405	34.1437169	34.0426471	
13.2205	34.2652649	34.1299135	34.2652649	34.1560935	
13.23076	34.3884089	34.2608132	34.3884089	34.2957198	
13.24083	34.5091769	34.3829863	34.5091769	34.4178928	
13.25095	34.6307129	34.5051593	34.6307129	34.5400659	
13.26134	34.7554289	34.636059	34.7554289	34.6535123	
13.27128	34.8745889	34.7582321	34.8745889	34.784412	
13.28284	35.0134769	34.8804051	35.0134769	34.906585	
13.2916	35.1184769	35.0025781	35.1184769	35.0287581	
13.30179	35.2408409	35.1334778	35.2408409	35.1509311	
13.31202	35.3635769	35.2556509	35.3635769	35.2731042	
13.32209	35.4842849	35.3778239	35.4842849	35.4040039	
13.33227	35.6065769	35.499997	35.6065769	35.5174503	
13.34252	35.7294929	35.62217	35.7294929	35.64835	
13.35258	35.8502249	35.7443431	35.8502249	35.7617964	
13.36273	35.9719529	35.8665161	35.9719529	35.8926961	
13.37287	36.0937169	35.9886892	36.0937169	36.0061425	
13.38451	36.2334569	36.1108622	36.2334569	36.1370422	
13.39322	36.3378689	36.2417619	36.3378689	36.2504886	
13.40332	36.4591169	36.363935	36.4591169	36.3813883	
13.41354	36.5817689	36.486108	36.5817689	36.512288	
13.424	36.7072769	36.6082811	36.7072769	36.634461	
13.43387	36.8256809	36.7304541	36.8256809	36.756634	
13.44392	36.9466889	36.8526272	36.9466889	36.8788071	
13.45409	37.0683569	36.9748002	37.0683569	37.0009801	
13.46421	37.1898089	37.0969733	37.1898089	37.1231532	
13.47435	37.3115009	37.2191463	37.3115009	37.2453262	
13.48612	37.4527649	37.3413193	37.4527649	37.3674993	
13.49473	37.5560489	37.472219	37.5560489	37.4896723	
13.5049	37.6780649	37.5943921	37.6780649	37.6118454	
13.51505	37.7999249	37.7165651	37.7999249	37.7427451	
13.52515	37.9210649	37.8387382	37.9210649	37.8561915	
13.53565	38.0460909	37.9609112	38.0460909	37.9870912	
13.54542	38.161913	38.0830843	38.161913	38.1092642	
13.55552	38.2808985	38.2052573	38.2808985	38.2401639	
13.56584	38.4019882	38.3274304	38.4019882	38.3536103	
13.58478	38.6214904	38.5455965	38.6214904	38.5805031	
13.58946	38.6757566	38.6154097	38.6757566	38.6503163	
13.59961	38.7927567	38.7288561	38.7927567	38.7637627	
13.60976	38.9090861	38.8510291	38.9090861	38.8859357	
13.61992	39.0254131	38.9732022	39.0254131	39.0081088	
13.63005	39.1398937	39.0953752	39.1398937	39.1302818	
13.64025	39.2549878	39.2088216	39.2549878	39.2437282	
13.65038	39.368683	39.3309947	39.368683	39.3571746	
13.66055	39.4822541	39.4444411	39.4822541	39.4793477	
13.67073	39.5952527	39.5666141	39.5952527	39.6015207	
13.68083	39.7068022	39.6800605	39.7068022	39.7149671	
13.69106	39.8190943	39.8022336	39.8190943	39.8371402	
13.70128	39.9306988	39.91568	39.9306988	39.9505866	
13.71141	40.0407014	40.0203997	40.0407014	40.0553063	
13.72156	40.150393	40.1425728	40.150393	40.1774794	
13.73168	40.2590125	40.2560192	40.2590125	40.2909258	
13.74187	40.3677854	40.3694656	40.3677854	40.4043722	
13.75206	40.4760354	40.4741854	40.4760354	40.5090919	
13.76218	40.5828712	40.5789051	40.5828712	40.6225383	
13.77238	40.6899613	40.6923515	40.6899613	40.7359847	
13.78273	40.7988212	40.7970713	40.7988212	40.8319779	
13.79265	40.9009348	40.901791	40.9009348	40.9454243	
13.80287	41.0062871	41.0065108	41.0062871	41.050144	
13.81305	41.1106629	41.1112305	41.1106629	41.1548638	
13.82316	41.2137859	41.2159503	41.2137859	41.2595835	
13.83326	41.3161293	41.3293967	41.3161293	41.3643033	
13.8435	41.4193237	41.4341164	41.4193237	41.4602964	
13.85363	41.5207032	41.5301096	41.5207032	41.5650161	
13.86374	41.6214039	41.6348293	41.6214039	41.6610092	
13.87522	41.7348507	41.7308224	41.7348507	41.765729	
13.88428	41.8239619	41.8355422	41.8239619	41.8617221	
13.89425	41.9214042	41.9402619	41.9214042	41.9664419	
13.9044	42.019872	42.036255	42.019872	42.062435	
13.91535	42.1255816	42.1409748	42.1255816	42.1497014	
13.92465	42.2147184	42.2369679	42.2147184	42.2544212	
13.94334	42.3915407	42.332961	42.3915407	42.3591409	
13.94797	42.4355709	42.4638607	42.4355709	42.481314	
13.95812	42.5306039	42.5598538	42.5306039	42.5685805	
13.96825	42.6251394	42.6558469	42.6251394	42.6733002	
13.97879	42.7228007	42.75184	42.7228007	42.77802	
13.98894	42.8163657	42.8478331	42.8163657	42.8740131	
13.9994	42.9120704	42.9438262	42.9120704	42.9700062	
14.00927	43.0016369	43.0398194	43.0016369	43.0572726	
14.01942	43.0933444	43.1270858	43.0933444	43.1619924	
14.02958	43.1844391	43.2230789	43.1844391	43.2492589	
14.05174	43.3795359	43.4237918	43.3795359	43.4412451	
14.05647	43.4211775	43.467425	43.4211775	43.493605	
14.06659	43.5097086	43.5546915	43.5097086	43.5808714	
14.07672	43.5977521	43.6419579	43.5977521	43.6768645	
14.08703	43.6867226	43.7379511	43.6867226	43.764131	
14.09725	43.7742058	43.8252175	43.7742058	43.8601241	
14.10742	43.8607166	43.912484	43.8607166	43.9386639	
14.11756	43.9463296	43.9997504	43.9463296	44.034657	
14.12769	44.0312997	44.0870169	44.0312997	44.1131968	
14.1379	44.1163029	44.1742834	44.1163029	44.2004633	
14.14806	44.2002463	44.2615498	44.2002463	44.2790031	
14.15821	44.2834967	44.3488163	44.2834967	44.3662696	
14.16834	44.3660076	44.4273561	44.3660076	44.453536	
14.17847	44.4479178	44.5146226	44.4479178	44.5408025	
14.18867	44.5297509	44.5931624	44.5297509	44.6193423	
14.19891	44.6113531	44.6717022	44.6113531	44.6978821	
14.20904	44.6913875	44.7589687	44.6913875	44.7851486	
14.21916	44.7707674	44.8375085	44.7707674	44.8636884	
14.22935	44.8500404	44.9160483	44.8500404	44.9422282	
14.23963	44.929492	44.9945881	44.929492	45.0120414	
14.24966	45.0062873	45.0731279	45.0062873	45.0993079	
14.25988	45.0842453	45.1516677	45.0842453	45.1778477	
14.26998	45.160172	45.2214809	45.160172	45.2563875	
14.28013	45.2361342	45.2912941	45.2361342	45.3262007	
14.29024	45.3111414	45.3698339	45.3111414	45.3960138	
14.30048	45.3865036	45.4483737	45.3865036	45.465827	
14.31071	45.4612164	45.5181869	45.4612164	45.5443668	
14.32082	45.5344083	45.5880001	45.5344083	45.61418	
14.33098	45.6073075	45.6665399	45.6073075	45.6927198	
14.34113	45.6796037	45.736353	45.6796037	45.762533	
14.35132	45.7515967	45.8061662	45.7515967	45.8323462	
14.36143	45.8223319	45.8759794	45.8223319	45.9021593	
14.37159	45.8928467	45.9457926	45.8928467	45.9719725	
14.38181	45.9631517	46.0156057	45.9631517	46.0417857	
14.40124	46.0941436	46.1465054	46.0941436	46.1726854	
14.40597	46.1260389	46.1726854	46.1260389	46.2075919	
14.42391	46.244614	46.2948584	46.244614	46.329765	
14.42844	46.2745279	46.3210383	46.2745279	46.3559449	
14.43867	46.3415028	46.3908515	46.3415028	46.4170315	
14.44879	46.4071493	46.451938	46.4071493	46.4868446	
14.45897	46.4724883	46.5130246	46.4724883	46.5479312	
14.46915	46.5373107	46.5828377	46.5373107	46.6177443	
14.47923	46.6008556	46.6439243	46.6008556	46.6875575	
14.48941	46.6644597	46.7137374	46.6644597	46.748644	
14.50012	46.7306605	46.774824	46.7306605	46.8097305	
14.50978	46.7897917	46.8359105	46.7897917	46.8620904	
14.51992	46.8512551	46.896997	46.8512551	46.9319036	
14.53004	46.912024	46.9580835	46.912024	46.9929901	
14.54018	46.972312	47.01917	46.972312	47.04535	
14.55036	47.0322315	47.0715299	47.0322315	47.1064365	
14.56055	47.0915915	47.1326165	47.0915915	47.1587964	
14.57067	47.1499366	47.193703	47.1499366	47.2111563	
14.58083	47.2078974	47.2460629	47.2078974	47.2809694	
14.59098	47.2652115	47.3071494	47.2652115	47.3333293	
14.60167	47.3249443	47.3682359	47.3249443	47.3856892	
14.61136	47.3784508	47.4205958	47.3784508	47.4380491	
14.62149	47.4337893	47.4729557	47.4337893	47.4904089	
14.63165	47.4887002	47.5253155	47.4887002	47.5427688	
14.64175	47.542736	47.5776754	47.542736	47.5951287	
14.652	47.5969143	47.6300353	47.5969143	47.6474886	
14.66224	47.6504544	47.6911218	47.6504544	47.6998485	
14.67224	47.7020929	47.7434817	47.7020929	47.760935	
14.68246	47.7543141	47.7958416	47.7543141	47.8045682	
14.69279	47.8064612	47.8394748	47.8064612	47.8656547	
14.70329	47.8587836	47.9005613	47.8587836	47.909288	
14.71292	47.9062695	47.9441946	47.9062695	47.9703745	
14.72306	47.9555934	47.9965544	47.9555934	48.0140077	
14.73325	48.0045982	48.0489143	48.0045982	48.0663676	
14.7433	48.0523741	48.1012742	48.0523741	48.1187275	
14.75355	48.100431	48.1536341	48.100431	48.1710874	
14.76386	48.1481627	48.1972673	48.1481627	48.2234472	
14.77383	48.1937433	48.2496272	48.1937433	48.2583538	
14.78395	48.2394008	48.2932604	48.2394008	48.3107137	
14.79423	48.2851653	48.3456203	48.2851653	48.3630736	
14.80547	48.3344402	48.3892535	48.3344402	48.3979802	
14.81448	48.3735123	48.4328867	48.3735123	48.45034	
14.82456	48.4165692	48.4852466	48.4165692	48.5026999	
14.83469	48.4592762	48.5288799	48.4592762	48.5376065	
14.84488	48.5016352	48.5725131	48.5016352	48.5899664	
14.85546	48.5449201	48.6161463	48.5449201	48.6335996	
14.86512	48.583945	48.6597795	48.583945	48.6772328	
14.87652	48.629176	48.6946861	48.629176	48.7121394	
14.88549	48.6643383	48.7383194	48.6643383	48.7644993	
14.89554	48.7031194	48.7819526	48.7031194	48.7994059	
14.90704	48.7467076	48.8168592	48.7467076	48.8430391	
14.91661	48.7824816	48.8604924	48.7824816	48.8866723	
14.92601	48.8170994	48.895399	48.8170994	48.9215789	
14.93617	48.8539189	48.9390322	48.8539189	48.9564855	
14.95427	48.9171823	49.0001187	48.9171823	49.0262987	
14.9589	48.9333979	49.017572	48.9333979	49.0524786	
14.96901	48.9680803	49.0612053	48.9680803	49.0873852	
14.97916	49.0023475	49.0961119	49.0023475	49.1222918	
14.98935	49.0360967	49.1310184	49.0360967	49.1571984	
14.99944	49.0689596	49.165925	49.0689596	49.192105	
15.01011	49.1030483	49.2008316	49.1030483	49.2357382	
15.01982	49.13351	49.2357382	49.13351	49.2619181	
15.02996	49.1646996	49.2706448	49.1646996	49.2968247	
15.04016	49.1954982	49.2968247	49.1954982	49.3317313	
15.05026	49.2254259	49.3317313	49.2254259	49.3666379	
15.06044	49.2549866	49.3579112	49.2549866	49.3928178	
15.07069	49.2841227	49.3928178	49.2841227	49.4277244	
15.08077	49.3121979	49.4189978	49.3121979	49.4539044	
15.09093	49.339897	49.4539044	49.339897	49.4800843	
15.10104	49.3668813	49.4800843	49.3668813	49.5149909	
15.12097	49.4172724	49.5324442	49.4172724	49.5673508	
15.12558	49.4289646	49.5498975	49.4289646	49.584804	
15.13571	49.453992	49.5760774	49.453992	49.610984	
15.14581	49.4783628	49.6022573	49.4783628	49.6371639	
15.15607	49.5025136	49.6284373	49.5025136	49.6546172	
15.16617	49.5256928	49.6546172	49.5256928	49.6895238	
15.1764	49.5485736	49.6807972	49.5485736	49.7069771	
15.18652	49.5706525	49.6982505	49.5706525	49.7244304	
15.19663	49.5921061	49.7244304	49.5921061	49.759337	
15.20702	49.6135462	49.7506103	49.6135462	49.7855169	
15.21742	49.6344055	49.7680636	49.6344055	49.8029702	
15.22734	49.6537406	49.7855169	49.6537406	49.8291501	
15.23753	49.6730213	49.8116969	49.6730213	49.8466034	
15.24762	49.6915243	49.8291501	49.6915243	49.8640567	
15.25778	49.7095909	49.8466034	49.7095909	49.8902367	
15.26798	49.7271923	49.8640567	49.7271923	49.9164166	
15.2781	49.743966	49.88151	49.743966	49.9338699	
15.29624	49.7719153	49.8989633	49.7719153	49.9513232	
15.30078	49.7789517	49.9164166	49.7789517	49.9687765	
15.31184	49.7952671	49.9338699	49.7952671	49.9949564	
15.32117	49.8085711	49.9513232	49.8085711	50.0036831	
15.33128	49.822403	49.9687765	49.822403	50.0211364	
15.34146	49.835771	49.9775031	49.835771	50.029863	
15.35157	49.8484844	49.9949564	49.8484844	50.0385897	
15.36176	49.8607447	50.0036831	49.8607447	50.0385897	
15.37191	49.8723891	50.0211364	49.8723891	50.0385897	
15.38206	49.8834745	50.029863	49.8834745	50.0385897	
15.3923	49.8941486	50.0385897	49.8941486	50.0473163	
15.40268	49.9043816	50.0473163	49.9043816	50.0473163	
15.41354	49.914316	50.0473163	49.914316	50.0385897	
15.42285	49.9224778	50.0473163	49.9224778	50.0385897	
15.43284	49.9307092	50.0473163	49.9307092	50.0385897	
15.44304	49.938559	50.0473163	49.938559	50.0385897	
15.45321	49.9458631	50.0385897	49.9458631	50.0385897	
15.46329	49.9525909	50.0385897	49.9525909	50.0473163	
15.47352	49.9588792	50.0385897	49.9588792	50.0560429	
15.48382	49.9646819	50.0385897	49.9646819	50.0560429	
15.49378	49.9698205	50.0385897	49.9698205	50.0473163	
15.50392	49.9745545	50.0385897	49.9745545	50.0385897	
15.51508	49.9791557	50.0385897	49.9791557	50.0385897	
15.52427	49.9825992	50.0385897	49.9825992	50.0385897	
15.53437	49.9859076	50.0385897	49.9859076	50.0385897	
15.54449	49.9887871	50.0385897	49.9887871	50.029863	
15.55463	49.991248	50.0385897	49.991248	50.0211364	
15.56532	49.9933871	50.029863	49.9933871	50.0211364	
15.57504	49.9950146	50.029863	49.9950146	50.0036831	
15.5851	50	50.0211364	50	50.0036831	
15.59526	50	50.0211364	50	50.0036831	
15.60543	50	50.0124097	50	50.0036831	
15.61698	50	50.0124097	50	50.0036831	
15.62578	50	50.0036831	50	50.0036831	
15.63588	50	50.0036831	50	50.0036831	
15.64605	50	50.0036831	50	50.0036831	
15.65623	50	50.0036831	50	50.0036831	
15.67462	50	50.0036831	50	50.0036831	
15.67915	50	50.0036831	50	50.0036831	
15.68933	50	50.0036831	50	50.0036831	
15.69948	50	50.0036831	50	50.0036831	
15.70963	50	50.0036831	50	50.0036831	
15.71983	50	50.0124097	50	50.0036831	
15.72995	50	50.0124097	50	50.0036831	
15.74016	50	50.0124097	50	50.0036831	
15.7503	50	50.0124097	50	50.0036831	
15.76043	50	50.0124097	50	50.0036831	
15.77058	50	50.0124097	50	50.0036831	
15.78073	50	50.0124097	50	50.0036831	
15.79092	50	50.0124097	50	50.0036831	
15.80106	50	50.0124097	50	50.0036831	
15.81124	50	50.0124097	50	50.0036831	
15.82137	50	50.0124097	50	50.0036831	
15.83153	50	50.0124097	50	50.0036831	
15.84167	50	50.0124097	50	50.0036831	
15.85183	50	50.0124097	50	50.0036831	
15.86201	50	50.0124097	50	50.0036831	
15.87231	50	50.0124097	50	50.0036831	
15.88246	50	50.0124097	50	50.0036831	
15.89256	50	50.0124097	50	50.0036831	
15.9028	50	50.0124097	50	50.0036831	
15.91304	50	50.0124097	50	50.0036831	
15.923	50	50.0124097	50	50.0036831	
15.93312	50	50.0124097	50	50.0036831	
15.94326	50	50.0124097	50	50.0036831	
15.9535	50	50.0124097	50	50.0036831	
15.96362	50	50.0124097	50	50.0036831	
15.97377	50	50.0124097	50	50.0036831	
15.98393	50	50.0124097	50	50.0036831	
15.99405	50	50.0124097	50	50.0036831	
16.0042	50	50.0124097	50	50.0036831	
16.01436	50	50.0124097	50	50.0036831	
16.0245	50	50.0124097	50	50.0036831	
16.03571	50	50.0124097	50	50.0036831	
16.04485	50	50.0124097	50	50.0036831	
16.05502	50	50.0124097	50	50.0036831	
16.06511	50	50.0124097	50	50.0036831	
16.07524	50	50.0124097	50	50.0036831	
16.08544	50	50.0124097	50	50.0036831	
16.09553	50	50.0124097	50	50.0036831	
16.10566	50	50.0124097	50	50.0036831	
16.11582	50	50.0124097	50	50.0036831	
16.126	50	50.0124097	50	50.0036831	
16.13619	50	50.0124097	50	50.0036831	
16.1463	50	50.0124097	50	50.0036831	
16.17532	50	50.0124097	50	50.0036831	
16.18107	50	50.0124097	50	50.0036831	
