0.7208379	340.104704	340.103585	339.816724	339.815605	
0.7309156	340.106291	340.103585	339.818312	339.815605	
0.7410423	340.108504	340.112311	339.820524	339.815605	
0.7513689	340.111406	340.112311	339.823427	339.824332	
0.7617586	340.114975	340.112311	339.826996	339.824332	
0.7715063	340.118874	340.121038	339.830894	339.824332	
0.781635	340.123554	340.129765	339.835575	339.824332	
0.7918486	340.128903	340.129765	339.840923	339.824332	
0.8019433	340.134795	340.138491	339.846816	339.824332	
0.812106	340.141354	340.147218	339.853374	339.824332	
0.8223687	340.148609	340.147218	339.86063	339.824332	
0.8324563	340.156339	340.155945	339.868359	339.824332	
0.842731	340.16486	340.164671	339.876881	339.824332	
0.8527757	340.173783	340.164671	339.885804	339.824332	
0.8633854	340.183909	340.173398	339.89593	339.833059	
0.873136	340.193753	340.182125	339.905774	339.833059	
0.8832397	340.204579	340.182125	339.9166	339.833059	
0.8933904	340.216076	340.182125	339.928097	339.833059	
0.9035241	340.228172	340.190851	339.940192	339.833059	
0.9136907	340.24093	340.199578	339.952951	339.833059	
0.9241344	340.2547	340.208304	339.96672	339.833059	
0.9341821	340.268531	340.217031	339.980552	339.841785	
0.9442478	340.282994	340.217031	339.995014	339.850512	
0.9544344	340.298266	340.217031	340.010286	339.850512	
0.9646881	340.314275	340.225758	340.026295	339.867965	
0.9748428	340.330731	340.234484	340.042752	339.885419	
0.9850495	340.347907	340.243211	340.059928	339.894145	
0.9951271	340.36547	340.251938	340.07749	339.911598	
1.005265	340.383753	340.260664	340.095774	339.929052	
1.015432	340.402722	340.278118	340.114742	339.955232	
1.025987	340.423095	340.286844	340.135116	339.972685	
1.035845	340.442661	340.304298	340.154682	339.990138	
1.046143	340.463776	340.321751	340.175797	340.016318	
1.056219	340.485026	340.339204	340.197047	340.042498	
1.066331	340.506973	340.356657	340.218994	340.068678	
1.076529	340.529729	340.391564	340.241749	340.094858	
1.086674	340.552984	340.417744	340.265005	340.129765	
1.096867	340.576972	340.443924	340.288993	340.155945	
1.106984	340.601393	340.47883	340.313414	340.190851	
1.1171	340.626436	340.513737	340.338456	340.225758	
1.127587	340.653079	340.539917	340.365099	340.251938	
1.137535	340.678889	340.574824	340.390909	340.286844	
1.147654	340.705789	340.60973	340.41781	340.321751	
1.15782	340.733444	340.644637	340.445465	340.365384	
1.167981	340.76168	340.679543	340.4737	340.400291	
1.178115	340.790475	340.723177	340.502496	340.443924	
1.188252	340.819885	340.758083	340.531905	340.47883	
1.198383	340.849898	340.801716	340.561919	340.513737	
1.208562	340.88068	340.84535	340.5927	340.55737	
1.218706	340.911972	340.880256	340.623993	340.601004	
1.22901	340.94441	340.932616	340.656431	340.63591	
1.239066	340.976641	340.967523	340.688661	340.679543	
1.249249	341.009911	341.011156	340.721931	340.723177	
1.259349	341.043533	341.054789	340.755553	340.76681	
1.269466	341.077819	341.089696	340.78984	340.810443	
1.279657	341.112982	341.124602	340.825002	340.854076	
1.289946	341.14912	341.176962	340.861141	340.888983	
1.299946	341.184828	341.220595	340.896849	340.932616	
1.310117	341.221784	341.264229	340.933804	340.976249	
1.320455	341.260265	341.299135	340.972286	341.019883	
1.330522	341.297819	341.342768	341.00984	341.063516	
1.340591	341.336223	341.386402	341.048244	341.107149	
1.350726	341.375509	341.421308	341.087529	341.142056	
1.360892	341.415531	341.473668	341.127552	341.194415	
1.370998	341.455957	341.508575	341.167978	341.229322	
1.381209	341.49739	341.543481	341.209411	341.272955	
1.391303	341.538977	341.578388	341.250998	341.316589	
1.401526	341.581726	341.613294	341.293747	341.360222	
1.411606	341.624491	341.665654	341.336512	341.403855	
1.422112	341.669744	341.700561	341.381764	341.438762	
1.431985	341.712841	341.735468	341.424862	341.482395	
1.442092	341.757517	341.779101	341.469538	341.526028	
1.452225	341.802979	341.814007	341.514999	341.560935	
1.462346	341.848996	341.848914	341.561017	341.613294	
1.472926	341.897787	341.892547	341.609808	341.648201	
1.482752	341.943644	341.927454	341.655664	341.691834	
1.492848	341.991395	341.96236	341.703415	341.735468	
1.502983	342.039938	342.01472	341.751959	341.779101	
1.513171	342.089359	342.058353	341.80138	341.822734	
1.523416	342.139704	342.101987	341.851724	341.866367	
1.533783	342.191296	342.154347	341.903317	341.91	
1.543608	342.240766	342.206706	341.952787	341.96236	
1.553752	342.292432	342.241613	342.004453	342.01472	
1.563863	342.344537	342.3027	342.056558	342.058353	
1.582352	342.442392	342.389966	342.154413	342.14562	
1.586981	342.466796	342.416146	342.178816	342.1718	
1.59713	342.521155	342.477232	342.233176	342.22416	
1.607254	342.57599	342.520866	342.28801	342.27652	
1.627404	342.681016	342.651765	342.393037	342.389966	
1.633574	342.713214	342.669219	342.425234	342.407419	
1.642151	342.757461	342.730305	342.469482	342.468506	
1.652314	342.809266	342.791392	342.521287	342.529592	
1.662436	342.860272	342.852478	342.572292	342.590679	
1.680561	342.949345	342.913565	342.661366	342.643039	
1.685147	342.971921	342.992105	342.683941	342.721579	
1.695324	343.021291	343.053191	342.733312	342.782665	
1.705536	343.070248	343.114278	342.782269	342.852478	
1.715801	343.11885	343.175364	342.830871	342.913565	
1.72573	343.165285	343.227724	342.877306	342.965925	
1.736371	343.214446	343.288811	342.926466	343.027011	
1.746515	343.260671	343.349897	342.972692	343.088098	
1.756647	343.306269	343.402257	343.01829	343.149184	
1.7668	343.351378	343.454617	343.063399	343.201544	
1.776902	343.395692	343.49825	343.107713	343.262631	
1.787275	343.440577	343.55061	343.152597	343.306264	
1.797288	343.483305	343.594243	343.195325	343.36735	
1.807408	343.525941	343.637876	343.237961	343.410984	
1.817609	343.568298	343.68151	343.280318	343.463343	
1.827689	343.609593	343.725143	343.321614	343.515703	
1.837933	343.650966	343.768776	343.362986	343.559337	
1.848103	343.691437	343.812409	343.403458	343.60297	
1.859361	343.735502	343.847316	343.447523	343.646603	
1.86836	343.770284	343.882223	343.482304	343.690236	
1.878496	343.80887	343.917129	343.52089	343.725143	
1.888655	343.846967	343.952036	343.558988	343.760049	
1.898888	343.884741	343.986942	343.596762	343.803683	
1.908989	343.921439	344.021849	343.633459	343.838589	
1.919134	343.957725	344.056755	343.669746	343.873496	
1.929308	343.993528	344.091662	343.705548	343.908402	
1.939518	344.028875	344.117842	343.740896	343.943309	
1.94976	344.063711	344.152749	343.775732	343.978216	
1.959879	344.097566	344.187655	343.809586	344.004396	
1.970105	344.131181	344.213835	343.843201	344.039302	
1.98044	344.164874	344.248742	343.876894	344.074209	
1.99035	344.196004	344.274922	343.908024	344.100389	
2.000495	344.22761	344.301102	343.939631	344.135295	
2.01068	344.258769	344.336008	343.97079	344.161475	
2.020777	344.289072	344.362188	344.001093	344.187655	
2.030864	344.318787	344.388368	344.030807	344.213835	
2.049254	344.37062	344.405821	344.082641	344.248742	
2.053839	344.383582	344.440728	344.095602	344.274922	
2.064	344.411613	344.475634	344.123633	344.301102	
2.074153	344.439041	344.501814	344.151062	344.327281	
2.084638	344.466743	344.527994	344.178764	344.353461	
2.094749	344.492887	344.554174	344.204908	344.379641	
2.10487	344.518487	344.580354	344.230507	344.397095	
2.115015	344.543574	344.606534	344.255594	344.414548	
2.125156	344.568081	344.632714	344.280102	344.414548	
2.135345	344.59212	344.650167	344.30414	344.423275	
2.145725	344.616017	344.685074	344.328037	344.423275	
2.155688	344.638387	344.702527	344.350407	344.432001	
2.165866	344.660669	344.719981	344.37269	344.440728	
2.176012	344.682314	344.754887	344.394334	344.449455	
2.186187	344.703449	344.763614	344.41547	344.458181	
2.196315	344.723917	344.789794	344.435938	344.475634	
2.206469	344.743863	344.807247	344.455884	344.493088	
2.216667	344.763331	344.8247	344.475351	344.501814	
2.226804	344.782113	344.842154	344.494134	344.519268	
2.236964	344.800364	344.859607	344.512384	344.527994	
2.247533	344.818741	344.868334	344.530762	344.545448	
2.257373	344.835319	344.885787	344.547339	344.562901	
2.267425	344.851707	344.894513	344.563728	344.571628	
2.277602	344.867736	344.911967	344.579757	344.589081	
2.287946	344.883443	344.92942	344.595463	344.606534	
2.297961	344.898102	344.938147	344.610123	344.615261	
2.308071	344.912352	344.9556	344.624372	344.632714	
2.318356	344.926279	344.964327	344.638299	344.650167	
2.328372	344.939299	344.98178	344.65132	344.658894	
2.33859	344.952026	344.999233	344.664046	344.667621	
2.349022	344.964435	344.999233	344.676455	344.685074	
2.358885	344.975654	345.016687	344.687675	344.693801	
2.369077	344.9867	345.03414	344.698721	344.702527	
2.379206	344.997139	345.03414	344.709159	344.719981	
2.389304	345.007003	345.051593	344.719024	344.728707	
2.399498	345.016427	345.06032	344.728447	344.737434	
2.409838	345.025429	345.069046	344.73745	344.746161	
2.419799	345.033596	345.0865	344.745617	344.754887	
2.42997	345.041409	345.095226	344.75343	344.77234	
2.440435	345.04893	345.103953	344.760951	344.77234	
2.45038	345.055508	345.103953	344.767528	344.781067	
2.460525	345.06175	345.103953	344.773771	344.789794	
2.470694	345.067502	345.095226	344.779523	344.789794	
2.480806	345.072734	345.0865	344.784755	344.781067	
2.490937	345.077493	345.069046	344.789513	344.77234	
2.501095	345.081784	345.069046	344.793804	344.77234	
2.51129	345.08562	345.069046	344.797641	344.77234	
2.521464	345.088997	345.06032	344.801017	344.77234	
2.531561	345.091916	345.069046	344.803937	344.781067	
2.541854	345.094459	345.069046	344.80648	344.789794	
2.551996	345.096572	345.069046	344.808593	344.79852	
2.562072	345.098305	345.0865	344.810326	344.79852	
2.572198	345.103585	345.103953	344.815605	344.79852	
2.582364	345.103585	345.11268	344.815605	344.789794	
2.600865	345.103585	345.121406	344.815605	344.789794	
2.605438	345.103585	345.13886	344.815605	344.781067	
2.615576	345.103585	345.13886	344.815605	344.789794	
2.625752	345.103585	345.13886	344.815605	344.789794	
2.635861	345.103585	345.13886	344.815605	344.79852	
2.64778	345.103585	345.13886	344.815605	344.79852	
2.656285	345.103585	345.121406	344.815605	344.807247	
2.666425	345.103585	345.11268	344.815605	344.807247	
2.676555	345.103585	345.103953	344.815605	344.807247	
2.686702	345.103585	345.095226	344.815605	344.807247	
2.696902	345.103585	345.077773	344.815605	344.807247	
2.707189	345.103585	345.069046	344.815605	344.79852	
2.717187	345.103585	345.069046	344.815605	344.79852	
2.727333	345.103585	345.06032	344.815605	344.79852	
2.737503	345.103585	345.06032	344.815605	344.79852	
2.747654	345.103585	345.069046	344.815605	344.79852	
2.757804	345.103585	345.069046	344.815605	344.79852	
2.768001	345.103585	345.0865	344.815605	344.79852	
2.778106	345.103585	345.095226	344.815605	344.79852	
2.788464	345.103585	345.103953	344.815605	344.79852	
2.798457	345.103585	345.121406	344.815605	344.79852	
2.808615	345.103585	345.130133	344.815605	344.79852	
2.818833	345.103585	345.13886	344.815605	344.79852	
2.828899	345.103585	345.13886	344.815605	344.79852	
2.839052	345.103585	345.13886	344.815605	344.79852	
2.849288	345.103585	345.13886	344.815605	344.79852	
2.859785	345.103585	345.130133	344.815605	344.79852	
2.869493	345.103585	345.121406	344.815605	344.79852	
2.879638	345.103585	345.103953	344.815605	344.79852	
2.889772	345.103585	345.095226	344.815605	344.79852	
2.899914	345.103585	345.0865	344.815605	344.79852	
2.910135	345.103585	345.069046	344.815605	344.79852	
2.920261	345.103585	345.06032	344.815605	344.79852	
2.930442	345.103585	345.051593	344.815605	344.79852	
2.94059	345.103585	345.051593	344.815605	344.79852	
2.950766	345.103585	345.06032	344.815605	344.79852	
2.960848	345.103585	345.069046	344.815605	344.79852	
2.971024	345.103585	345.069046	344.815605	344.79852	
2.981354	345.103585	345.0865	344.815605	344.79852	
2.991323	345.103585	345.103953	344.815605	344.79852	
3.001515	345.103585	345.121406	344.815605	344.79852	
3.011714	345.103585	345.130133	344.815605	344.79852	
3.021789	345.103585	345.13886	344.815605	344.79852	
3.031932	345.103585	345.156313	344.815605	344.79852	
3.042028	345.103585	345.156313	344.815605	344.79852	
3.052224	345.103585	345.156313	344.815605	344.79852	
3.062361	345.103585	345.13886	344.815605	344.79852	
3.072605	345.103585	345.13886	344.815605	344.79852	
3.082755	345.103585	345.121406	344.815605	344.79852	
3.093014	345.103585	345.103953	344.815605	344.79852	
3.103263	345.103585	345.095226	344.815605	344.79852	
3.114342	345.103585	345.077773	344.815605	344.79852	
3.132006	345.103585	345.06032	344.815605	344.79852	
3.136535	345.103585	345.051593	344.815605	344.79852	
3.146746	345.103585	345.042866	344.815605	344.79852	
3.156893	345.103585	345.03414	344.815605	344.79852	
3.16703	345.103585	345.03414	344.815605	344.79852	
3.17722	345.103585	345.042866	344.815605	344.79852	
3.187328	345.103585	345.051593	344.815605	344.79852	
3.197442	345.103585	345.069046	344.815605	344.79852	
3.212227	345.105556	345.069046	344.817576	344.79852	
3.21798	345.106362	345.095226	344.818383	344.79852	
3.227957	345.108487	345.103953	344.820508	344.79852	
3.238043	345.11125	345.130133	344.82327	344.807247	
3.248217	345.114659	345.13886	344.826679	344.807247	
3.258404	345.118697	345.173766	344.830718	344.807247	
3.268509	345.123312	345.182493	344.835333	344.807247	
3.278666	345.128594	345.199946	344.840615	344.815974	
3.289039	345.1346	345.208673	344.846621	344.815974	
3.299	345.140962	345.208673	344.852983	344.8247	
3.309173	345.148095	345.199946	344.860116	344.8247	
3.319424	345.155919	345.191219	344.867939	344.833427	
3.329581	345.164273	345.182493	344.876294	344.842154	
3.339663	345.173182	345.173766	344.885202	344.842154	
3.349821	345.182778	345.173766	344.894799	344.859607	
3.359964	345.192977	345.173766	344.904997	344.868334	
3.370127	345.203819	345.173766	344.91584	344.87706	
3.380265	345.215245	345.173766	344.927265	344.87706	
3.390421	345.227317	345.191219	344.939338	344.885787	
3.400591	345.240021	345.208673	344.952042	344.894513	
3.41074	345.253324	345.208673	344.965345	344.90324	
3.420922	345.26729	345.226126	344.97931	344.90324	
3.431065	345.281817	345.243579	344.993837	344.911967	
3.441271	345.297054	345.243579	345.009075	344.911967	
3.451548	345.313043	345.261033	345.025064	344.920693	
3.461879	345.329753	345.278486	345.041774	344.920693	
3.471642	345.346096	345.287213	345.058117	344.92942	
3.481813	345.363771	345.304666	345.075792	344.938147	
3.491936	345.381966	345.313393	345.093987	344.946873	
3.50206	345.400768	345.330846	345.112788	344.964327	
3.512256	345.420345	345.348299	345.132365	344.98178	
3.522467	345.440575	345.357026	345.152595	344.999233	
3.532663	345.46139	345.374479	345.173411	345.016687	
3.542789	345.482678	345.383206	345.194698	345.03414	
3.553643	345.50624	345.409386	345.21826	345.06032	
3.563495	345.528165	345.418112	345.240186	345.0865	
3.573215	345.550357	345.453019	345.262377	345.11268	
3.583358	345.574156	345.470472	345.286177	345.13886	
3.593524	345.598618	345.487925	345.310639	345.16504	
3.603601	345.62348	345.522832	345.335501	345.199946	
3.628957	345.691093	345.549012	345.403114	345.226126	
3.63361	345.703306	345.601372	345.415326	345.295939	
3.651697	345.753602	345.662458	345.465622	345.365752	
3.656259	345.766206	345.671185	345.478227	345.383206	
3.666427	345.795125	345.706092	345.507146	345.418112	
3.676551	345.824539	345.740998	345.53656	345.461745	
3.686687	345.854595	345.775905	345.566616	345.505379	
3.696868	345.88542	345.819538	345.597441	345.540285	
3.707007	345.916731	345.854445	345.628752	345.583919	
3.717175	345.948743	345.898078	345.660763	345.627552	
3.727524	345.981999	345.941711	345.694019	345.671185	
3.737576	346.014879	345.976618	345.7269	345.714818	
3.747708	346.048636	346.011524	345.760656	345.758451	
3.757804	346.082869	346.046431	345.794889	345.802085	
3.76805	346.11827	346.090064	345.83029	345.845718	
3.778119	346.153651	346.133697	345.865672	345.889351	
3.788284	346.189993	346.17733	345.902014	345.924258	
3.798487	346.227126	346.220964	345.939147	345.967891	
3.808631	346.264612	346.25587	345.976633	346.011524	
3.818878	346.303135	346.30823	346.015155	346.055157	
3.829032	346.341954	346.36059	346.053975	346.098791	
3.839129	346.381104	346.395497	346.093124	346.133697	
3.849377	346.421513	346.430403	346.133534	346.17733	
3.859437	346.461763	346.482763	346.173783	346.220964	
3.869632	346.503201	346.526396	346.215221	346.264597	
3.879769	346.54501	346.57003	346.25703	346.299504	
3.889895	346.587388	346.604936	346.299409	346.343137	
3.90011	346.630777	346.657296	346.342797	346.38677	
3.910243	346.674404	346.700929	346.386425	346.430403	
3.920551	346.719468	346.744562	346.431489	346.46531	
3.930647	346.764212	346.788196	346.476232	346.508943	
3.940727	346.809434	346.831829	346.521455	346.552576	
3.950938	346.855911	346.875462	346.567932	346.59621	
3.960977	346.902209	346.919095	346.61423	346.639843	
3.97115	346.949745	346.962729	346.661766	346.683476	
3.981327	346.997903	347.015089	346.709923	346.727109	
3.991465	347.046524	347.058722	346.758545	346.770742	
4.001668	347.09605	347.102355	346.808071	346.814376	
4.01173	347.145514	347.154715	346.857535	346.866736	
4.02194	347.196351	347.198348	346.908371	346.910369	
4.032131	347.247746	347.250708	346.959767	346.962729	
4.042236	347.299216	347.303068	347.011237	347.006362	
4.052784	347.353714	347.346701	347.065735	347.058722	
4.062545	347.404634	347.399061	347.116655	347.111082	
4.07315	347.460704	347.451421	347.172724	347.163442	
4.082922	347.512897	347.512507	347.224918	347.215801	
4.09297	347.567184	347.564867	347.279205	347.268161	
4.103094	347.62251	347.617227	347.334531	347.320521	
4.113265	347.678726	347.678314	347.390747	347.381608	
4.123427	347.73549	347.7394	347.44751	347.442694	
4.133609	347.793016	347.79176	347.505037	347.503781	
4.143699	347.850585	347.861573	347.562606	347.564867	
4.153853	347.909157	347.913933	347.621178	347.625954	
4.164024	347.968472	347.966293	347.680492	347.68704	
4.18244	348.078328	348.079739	347.790349	347.800487	
4.187065	348.10583	348.105919	347.817851	347.826667	
4.197255	348.167276	348.167006	347.879297	347.89648	
4.207404	348.229111	348.228092	347.941132	347.957566	
4.217666	348.292232	348.280452	348.004253	348.027379	
4.229001	348.362787	348.350265	348.074807	348.088466	
4.238139	348.420084	348.420079	348.132105	348.158279	
4.248337	348.484705	348.489892	348.196725	348.228092	
4.258474	348.549515	348.550978	348.261536	348.297906	
4.26858	348.614784	348.612065	348.326804	348.358992	
4.278748	348.681069	348.673151	348.39309	348.428805	
4.288903	348.747888	348.742964	348.459909	348.498618	
4.299124	348.81575	348.812778	348.52777	348.568432	
4.309243	348.883559	348.882591	348.59558	348.638245	
4.319761	348.954718	348.952404	348.666739	348.708058	
4.330563	349.028557	349.022217	348.740577	348.777871	
4.340114	349.094278	349.09203	348.806298	348.847684	
4.350246	349.164639	349.17057	348.87666	348.926224	
4.360384	349.235701	349.24911	348.947722	348.996037	
4.370593	349.307903	349.32765	349.019923	349.06585	
4.380706	349.379957	349.397463	349.091978	349.14439	
4.39088	349.453156	349.467276	349.165177	349.22293	
4.401001	349.526529	349.537089	349.23855	349.30147	
4.411215	349.601219	349.606902	349.31324	349.371283	
4.421696	349.678567	349.685442	349.390588	349.449823	
4.432761	349.760978	349.763982	349.472998	349.528363	
4.441664	349.827657	349.842522	349.539678	349.606902	
4.451745	349.903799	349.912335	349.61582	349.685442	
4.461888	349.981067	349.990875	349.693088	349.763982	
4.472036	350.058984	350.060688	349.771005	349.833795	
4.482212	350.137769	350.147955	349.84979	349.921062	
4.492326	350.216623	350.226494	349.928644	349.999602	
4.502476	350.296401	350.296308	350.008422	350.078141	
4.512683	350.377286	350.374847	350.089306	350.147955	
4.522787	350.457907	350.462114	350.169928	350.235221	
4.534374	350.551313	350.54938	350.263334	350.313761	
4.543114	350.622085	350.619193	350.334106	350.392301	
4.553255	350.704873	350.715187	350.416894	350.479567	
4.563391	350.788245	350.793726	350.500266	350.558107	
4.573491	350.871931	350.889719	350.583952	350.636647	
4.583695	350.9572	350.968259	350.66922	350.723913	
4.595773	351.058964	351.055526	350.770984	350.81118	
4.60394	351.128051	351.142792	350.840072	350.889719	
4.61761	351.245086	351.247512	350.957106	350.985713	
4.624259	351.302123	351.317325	351.014143	351.055526	
4.635978	351.403737	351.422045	351.115757	351.142792	
4.645105	351.483237	351.509311	351.195258	351.230059	
4.655002	351.570058	351.596578	351.282078	351.317325	
4.665148	351.659715	351.692571	351.371735	351.404592	
4.67526	351.749675	351.779837	351.461695	351.491858	
4.685449	351.840981	351.87583	351.553002	351.579125	
4.695609	351.932601	351.971824	351.644622	351.675118	
4.713845	352.099564	352.146357	351.811585	351.840924	
4.718386	352.141002	352.18999	351.853022	351.884557	
4.728547	352.234684	352.285983	351.946705	351.971824	
4.740256	352.343513	352.390703	352.055534	352.08527	
4.750405	352.43836	352.486696	352.150381	352.172536	
4.760535	352.533663	352.582689	352.245684	352.277256	
4.770676	352.629707	352.678682	352.341727	352.373249	
4.780781	352.724207	352.783402	352.436227	352.469242	
4.791164	352.820617	352.879395	352.532638	352.565236	
4.801133	352.912604	352.984115	352.624624	352.661229	
4.811284	353.005623	353.080108	352.717644	352.765948	
4.821413	353.097875	353.176101	352.809896	352.861942	
4.831881	353.192569	353.272094	352.90459	352.966661	
4.841789	353.281613	353.376814	352.993633	353.062654	
4.851897	353.371829	353.481533	353.08385	353.167374	
4.862062	353.46192	353.577527	353.173941	353.263367	
4.872285	353.551954	353.67352	353.263974	353.35936	
4.882383	353.64023	353.760786	353.352251	353.46408	
4.892622	353.729129	353.865506	353.44115	353.560073	
4.902749	353.816422	353.961499	353.528443	353.656066	
4.912852	353.902936	354.048765	353.614957	353.752059	
4.922972	353.988993	354.144759	353.701014	353.848053	
4.933372	354.076762	354.232025	353.788783	353.944046	
4.94332	354.160148	354.319291	353.872169	354.031312	
4.953655	354.246131	354.406558	353.958152	354.127305	
4.963848	354.330343	354.485098	354.042363	354.214572	
4.973745	354.41143	354.563638	354.12345	354.301838	
4.983924	354.494294	354.650904	354.206315	354.380378	
4.994579	354.580358	354.73817	354.292379	354.467644	
5.004415	354.659194	354.807984	354.371214	354.546184	
5.022395	354.801019	354.877797	354.51304	354.633451	
5.026984	354.837263	354.982517	354.549284	354.729444	
5.037124	354.916563	355.05233	354.628584	354.807984	
5.047431	354.996596	355.122143	354.708616	354.886523	
5.057549	355.074489	355.200683	354.78651	354.956337	
5.067655	355.151752	355.270496	354.863772	355.034876	
5.077772	355.228407	355.340309	354.940428	355.10469	
5.096031	355.364449	355.471209	355.07647	355.235589	
5.10064	355.398811	355.506115	355.110832	355.261769	
5.110793	355.473792	355.575929	355.185813	355.331582	
5.120932	355.548038	355.645742	355.260059	355.401396	
5.131129	355.622133	355.715555	355.334154	355.471209	
5.142144	355.701444	355.776641	355.413465	355.541022	
5.151761	355.770136	355.846455	355.482156	355.602108	
5.161646	355.840119	355.916268	355.55214	355.671922	
5.171707	355.910785	355.977354	355.622806	355.733008	
5.181839	355.981333	356.038441	355.693353	355.802821	
5.191996	356.051489	356.099527	355.76351	355.872634	
5.202181	356.121168	356.16934	355.833189	355.933721	
5.212276	356.189616	356.230427	355.901637	355.994808	
5.222414	356.257766	356.291514	355.969786	356.055894	
5.240561	356.377414	356.343873	356.089435	356.116981	
5.2466	356.417247	356.43114	356.129268	356.19552	
5.255384	356.474587	356.4835	356.186607	356.256607	
5.265563	356.540401	356.553313	356.252422	356.32642	
5.275635	356.604958	356.614399	356.316979	356.37878	
5.285765	356.66924	356.675486	356.38126	356.439866	
5.296054	356.733942	356.736572	356.445963	356.500953	
5.306352	356.798036	356.797659	356.510057	356.56204	
5.316291	356.859315	356.867472	356.571336	356.623126	
5.326452	356.921371	356.928559	356.633391	356.684213	
5.33663	356.982928	356.989645	356.694948	356.745299	
5.348204	357.052085	357.042005	356.764106	356.797659	
5.35695	357.103928	357.111818	356.815949	356.858746	
5.367114	357.163545	357.181631	356.875566	356.919832	
5.37726	357.222454	357.242718	356.934475	356.972192	
5.387354	357.280444	357.303804	356.992465	357.033278	
5.397563	357.338509	357.356164	357.05053	357.085638	
5.407709	357.395582	357.425978	357.107602	357.146725	
5.41791	357.452369	357.478337	357.16439	357.199085	
5.428008	357.507974	357.530697	357.219994	357.251445	
5.438123	357.563046	357.591784	357.275067	357.303804	
5.449775	357.625715	357.65287	357.337736	357.364891	
5.458546	357.672444	357.70523	357.384465	357.417251	
5.468624	357.725493	357.766317	357.437513	357.469611	
5.478771	357.778336	357.80995	357.490357	357.521971	
5.488923	357.830588	357.871036	357.542609	357.574331	
5.499172	357.882717	357.923396	357.594738	357.62669	
5.50928	357.933536	357.975756	357.645556	357.67905	
5.519429	357.983952	358.028116	357.695973	357.722683	
5.529628	358.033993	358.080476	357.746014	357.775043	
5.539757	358.08308	358.124109	357.7951	357.827403	
5.55138	358.138614	358.176469	357.850635	357.871036	
5.56023	358.180458	358.228829	357.892479	357.923396	
5.57033	358.227611	358.272462	357.939632	357.96703	
5.580453	358.274255	358.324822	357.986275	358.010663	
5.590611	358.320465	358.368455	358.032486	358.054296	
5.600756	358.365986	358.412089	358.078006	358.106656	
5.611158	358.412715	358.464448	358.124735	358.141563	
5.629716	358.491745	358.542988	358.203765	358.228829	
5.634304	358.511514	358.560442	358.223535	358.246282	
5.644671	358.55537	358.604075	358.267391	358.289915	
5.654891	358.597996	358.647708	358.310017	358.333549	
5.665093	358.639934	358.682615	358.351954	358.368455	
5.675237	358.681032	358.717521	358.393053	358.412089	
5.685361	358.72145	358.769881	358.433471	358.455722	
5.695547	358.761522	358.804788	358.473543	358.490628	
5.705934	358.801751	358.848421	358.513772	358.525535	
5.71585	358.839554	358.892054	358.551574	358.560442	
5.725992	358.877641	358.926961	358.589662	358.595348	
5.736149	358.915174	358.961867	358.627195	358.638981	
5.746315	358.952159	358.996774	358.664179	358.673888	
5.756508	358.988609	359.03168	358.70063	358.708795	
5.766701	359.024461	359.066587	358.736482	358.743701	
5.776792	359.059367	359.101494	358.771388	358.778608	
5.787045	359.09421	359.1364	358.80623	358.813514	
5.797092	359.127771	359.171307	358.839791	358.848421	
5.807273	359.161182	359.206213	358.873203	358.883327	
5.81748	359.194053	359.24112	358.906074	358.918234	
5.827596	359.226071	359.276027	358.938091	358.953141	
5.837738	359.257541	359.310933	358.969562	358.979321	
5.847854	359.288348	359.34584	359.000369	359.014227	
5.858103	359.318958	359.37202	359.030979	359.049134	
5.870203	359.35419	359.3982	359.066211	359.075314	
5.878358	359.377602	359.42438	359.089622	359.101494	
5.888487	359.406073	359.450559	359.118094	359.127674	
5.898621	359.433957	359.485466	359.145978	359.153853	
5.908791	359.461349	359.511646	359.17337	359.18876	
5.918938	359.488166	359.537826	359.200186	359.21494	
5.929109	359.514278	359.555279	359.226299	359.24112	
5.939303	359.539937	359.590186	359.251958	359.276027	
5.949406	359.564776	359.625092	359.276797	359.29348	
5.959598	359.589258	359.651272	359.301279	359.328386	
5.969852	359.613263	359.677452	359.325284	359.354566	
5.979929	359.636277	359.694906	359.348298	359.380746	
5.990098	359.658916	359.729812	359.370937	359.3982	
6.000462	359.681521	359.755992	359.393542	359.42438	
6.010411	359.702354	359.782172	359.414374	359.450559	
6.020525	359.72311	359.799625	359.43513	359.468013	
6.030646	359.743301	359.825805	359.455322	359.494193	
6.040898	359.763153	359.851985	359.475174	359.511646	
6.060298	359.798087	359.886892	359.510107	359.555279	
6.064885	359.806419	359.904345	359.51844	359.564006	
6.075116	359.82424	359.913072	359.536261	359.581459	
6.0852	359.841252	359.930525	359.553273	359.607639	
6.095329	359.857764	359.939252	359.569785	359.633819	
6.105549	359.873836	359.939252	359.585857	359.651272	
6.115652	359.889157	359.939252	359.601178	359.668726	
6.125815	359.903996	359.930525	359.616016	359.677452	
6.13596	359.918242	359.921798	359.630262	359.686179	
6.146118	359.931929	359.930525	359.64395	359.686179	
6.157679	359.946737	359.939252	359.658758	359.677452	
6.167182	359.95846	359.939252	359.670481	359.677452	
6.176641	359.969639	359.947978	359.681659	359.677452	
6.186784	359.98105	359.956705	359.693071	359.677452	
6.196899	359.991879	359.974158	359.703899	359.677452	
6.207149	360.00229	359.974158	359.71431	359.686179	
6.217264	360.012007	359.991612	359.724028	359.694906	
6.227411	360.021214	360.009065	359.733235	359.703632	
6.237544	360.029866	360.009065	359.741887	359.712359	
6.247694	360.037992	360.026518	359.750012	359.712359	
6.259197	360.046477	360.035245	359.758498	359.721085	
6.268014	360.052635	360.043971	359.764656	359.729812	
6.278134	360.059155	360.061425	359.771175	359.738539	
6.288392	360.06523	360.070151	359.777251	359.747265	
6.298464	360.070699	360.078878	359.78272	359.755992	
6.308662	360.075727	360.078878	359.787748	359.773445	
6.318796	360.080233	360.070151	359.792254	359.782172	
6.328956	360.084272	360.061425	359.796292	359.782172	
6.339203	360.087865	360.043971	359.799885	359.782172	
6.349472	360.091004	360.035245	359.803024	359.782172	
6.360795	360.0939	360.026518	359.80592	359.782172	
6.369921	360.095948	360.017791	359.807968	359.764719	
6.379764	360.097777	360.017791	359.809798	359.755992	
6.389914	360.103585	360.026518	359.815605	359.747265	
6.400101	360.103585	360.035245	359.815605	359.738539	
6.410305	360.103585	360.043971	359.815605	359.729812	
6.420368	360.103585	360.043971	359.815605	359.729812	
6.43051	360.103585	360.061425	359.815605	359.729812	
6.440665	360.103585	360.078878	359.815605	359.729812	
6.450807	360.103585	360.096331	359.815605	359.729812	
6.462313	360.103585	360.096331	359.815605	359.738539	
6.471234	360.103585	360.096331	359.815605	359.747265	
6.481294	360.103585	360.096331	359.815605	359.755992	
6.491461	360.103585	360.096331	359.815605	359.764719	
6.501588	360.103585	360.087605	359.815605	359.782172	
6.511931	360.103585	360.087605	359.815605	359.799625	
6.521928	360.103585	360.078878	359.815605	359.799625	
6.532038	360.103585	360.078878	359.815605	359.799625	
6.542176	360.103585	360.078878	359.815605	359.799625	
6.552349	360.103585	360.087605	359.815605	359.799625	
6.564201	360.103585	360.096331	359.815605	359.799625	
6.572772	360.103585	360.105058	359.815605	359.799625	
6.582799	360.103585	360.113785	359.815605	359.799625	
6.593006	360.103585	360.113785	359.815605	359.799625	
6.603128	360.103585	360.113785	359.815605	359.799625	
6.613471	360.103585	360.113785	359.815605	359.799625	
6.623424	360.103585	360.113785	359.815605	359.790899	
6.633591	360.103585	360.113785	359.815605	359.790899	
6.64371	360.103585	360.113785	359.815605	359.790899	
6.653801	360.103585	360.113785	359.815605	359.799625	
6.6644	360.103585	360.113785	359.815605	359.808352	
6.674194	360.103585	360.113785	359.815605	359.808352	
6.684277	360.103585	360.113785	359.815605	359.817079	
6.694633	360.103585	360.113785	359.815605	359.817079	
6.704984	360.103585	360.113785	359.815605	359.817079	
6.714832	360.103585	360.113785	359.815605	359.808352	
6.724962	360.103585	360.113785	359.815605	359.808352	
6.735145	360.103585	360.113785	359.815605	359.808352	
6.745283	360.103585	360.113785	359.815605	359.808352	
6.755385	360.103585	360.113785	359.815605	359.808352	
6.765578	360.103585	360.113785	359.815605	359.808352	
6.775731	360.103585	360.113785	359.815605	359.808352	
6.785961	360.103585	360.113785	359.815605	359.808352	
6.804216	360.103585	360.113785	359.815605	359.808352	
6.808757	360.103585	360.113785	359.815605	359.808352	
6.818904	360.103585	360.113785	359.815605	359.808352	
6.829054	360.103585	360.113785	359.815605	359.808352	
6.839213	360.103585	360.113785	359.815605	359.808352	
6.84935	360.103585	360.113785	359.815605	359.808352	
6.859503	360.103585	360.113785	359.815605	359.808352	
6.87116	360.103585	360.113785	359.815605	359.808352	
6.879785	360.103585	360.113785	359.815605	359.808352	
6.889954	360.103585	360.113785	359.815605	359.808352	
6.900152	360.103585	360.113785	359.815605	359.808352	
6.910203	360.103585	360.113785	359.815605	359.808352	
6.920577	360.103585	360.113785	359.815605	359.808352	
6.930601	360.103585	360.113785	359.815605	359.808352	
6.940742	360.103585	360.113785	359.815605	359.808352	
6.950875	360.103585	360.113785	359.815605	359.808352	
6.961025	360.103585	360.113785	359.815605	359.808352	
6.971681	360.103585	360.113785	359.815605	359.808352	
6.981364	360.103585	360.113785	359.815605	359.808352	
6.991484	360.103585	360.113785	359.815605	359.808352	
7.0017	360.103585	360.113785	359.815605	359.808352	
7.011845	360.103585	360.113785	359.815605	359.808352	
7.021967	360.103585	360.113785	359.815605	359.808352	
7.032086	360.103585	360.113785	359.815605	359.808352	
7.042233	360.103585	360.113785	359.815605	359.808352	
7.052448	360.103585	360.113785	359.815605	359.808352	
7.062627	360.103585	360.113785	359.815605	359.808352	
7.07274	360.103585	360.113785	359.815605	359.808352	
7.082966	360.103585	360.113785	359.815605	359.808352	
7.092982	360.103585	360.113785	359.815605	359.808352	
7.103439	360.103585	360.113785	359.815605	359.808352	
7.113309	360.103585	360.113785	359.815605	359.808352	
7.123432	360.103585	360.113785	359.815605	359.808352	
7.13358	360.103585	360.113785	359.815605	359.808352	
7.143732	360.103585	360.113785	359.815605	359.808352	
7.153927	360.103585	360.113785	359.815605	359.808352	
7.16409	360.103585	360.113785	359.815605	359.808352	
7.174209	360.103585	360.113785	359.815605	359.808352	
7.184423	360.103585	360.113785	359.815605	359.808352	
7.194556	360.103585	360.113785	359.815605	359.808352	
7.204714	360.103585	360.113785	359.815605	359.808352	
7.219015	360.105427	360.113785	359.817448	359.808352	
7.225026	360.106267	360.113785	359.818287	359.808352	
7.235235	360.108449	360.105058	359.82047	359.808352	
7.245279	360.111196	360.105058	359.823217	359.817079	
7.255431	360.114596	360.105058	359.826616	359.817079	
7.265624	360.118632	360.113785	359.830653	359.817079	
7.275722	360.123241	360.113785	359.835261	359.817079	
7.285873	360.128492	360.122511	359.840512	359.817079	
7.296088	360.134409	360.131238	359.84643	359.817079	
7.306186	360.14086	360.139965	359.852881	359.817079	
7.317631	360.149013	360.148691	359.861034	359.825805	
7.32658	360.155795	360.148691	359.867815	359.825805	
7.336738	360.164147	360.148691	359.876167	359.834532	
7.346896	360.173123	360.166144	359.885143	359.843259	
7.357014	360.182676	360.166144	359.894696	359.851985	
7.367214	360.192968	360.174871	359.904989	359.851985	
7.377347	360.203739	360.183598	359.91576	359.860712	
7.387493	360.21517	360.183598	359.927191	359.869438	
7.397678	360.227276	360.192324	359.939297	359.886892	
7.407777	360.239886	360.201051	359.951907	359.895618	
7.419161	360.254931	360.209778	359.966952	359.904345	
7.428165	360.267239	360.218504	359.97926	359.921798	
7.438287	360.281728	360.218504	359.993748	359.930525	
7.448467	360.29693	360.235958	360.008951	359.947978	
7.458574	360.312631	360.244684	360.024652	359.956705	
7.468769	360.32909	360.253411	360.041111	359.974158	
7.478893	360.346056	360.262138	360.058076	359.991612	
7.489103	360.363794	360.279591	360.075815	360.009065	
7.499532	360.382568	360.288317	360.094589	360.026518	
7.509397	360.400889	360.305771	360.112909	360.035245	
7.520789	360.422903	360.323224	360.134923	360.052698	
7.529838	360.440785	360.340677	360.152805	360.070151	
7.539918	360.461358	360.358131	360.173379	360.087605	
7.550108	360.482798	360.375584	360.194819	360.105058	
7.560242	360.504722	360.393037	360.216742	360.131238	
7.570559	360.527685	360.419217	360.239706	360.148691	
7.58054	360.550489	360.43667	360.262509	360.166144	
7.590671	360.574258	360.46285	360.286278	360.192324	
7.600813	360.598665	360.48903	360.310685	360.218504	
7.61113	360.624606	360.51521	360.336627	360.244684	
7.62231	360.652557	360.532664	360.364577	360.270864	
7.631472	360.676247	360.56757	360.388268	360.305771	
7.641552	360.702972	360.59375	360.414993	360.331951	
7.652007	360.73137	360.61993	360.443391	360.366857	
7.661813	360.758533	360.64611	360.470554	360.393037	
7.671954	360.787286	360.67229	360.499306	360.427944	
7.682145	360.816785	360.707197	360.528805	360.46285	
7.692242	360.846617	360.742103	360.558637	360.497757	
7.70241	360.877306	360.77701	360.589327	360.532664	
7.712747	360.909139	360.811916	360.62116	360.56757	
7.723827	360.944028	360.846823	360.656049	360.602477	
7.73307	360.97357	360.881729	360.685591	360.637383	
7.743208	361.006627	360.916636	360.718648	360.67229	
7.753327	361.040243	360.951543	360.752264	360.715923	
7.763455	361.074501	360.995176	360.786522	360.75083	
7.773608	361.109473	361.038809	360.821494	360.794463	
7.783758	361.145053	361.082442	360.857074	360.82937	
7.793952	361.181391	361.117349	360.893411	360.873003	
7.811967	361.248018	361.195889	360.960039	360.942816	
7.816544	361.264868	361.213342	360.976889	360.968996	
7.828154	361.308755	361.256975	361.020776	361.003902	
7.836819	361.34179	361.300608	361.053811	361.047536	
7.846964	361.381193	361.344242	361.093213	361.091169	
7.857132	361.421309	361.396602	361.13333	361.134802	
7.867316	361.462104	361.440235	361.174125	361.178435	
7.87749	361.503492	361.483868	361.215513	361.222069	
7.887612	361.545265	361.536228	361.257286	361.274429	
7.897787	361.5879	361.579861	361.299921	361.318062	
7.907872	361.630741	361.623494	361.342761	361.361695	
7.918023	361.674512	361.675854	361.386533	361.414055	
7.929698	361.725725	361.719487	361.437745	361.457688	
7.938451	361.764458	361.771847	361.476478	361.510048	
7.948591	361.810019	361.824207	361.52204	361.553681	
7.958694	361.856035	361.859114	361.568055	361.597314	
7.968827	361.902809	361.911474	361.614829	361.649674	
7.979002	361.950371	361.963834	361.662391	361.702034	
7.989141	361.998404	362.007467	361.710424	361.754394	
7.999285	362.04723	362.0511	361.75925	361.798027	
8.009453	362.096464	362.10346	361.808485	361.850387	
8.019596	362.146405	362.15582	361.858425	361.902747	
8.031288	362.204985	362.20818	361.917005	361.94638	
8.039927	362.248309	362.243086	361.960329	361.99874	
8.050224	362.300854	362.295446	362.012875	362.0511	
8.060221	362.352448	362.347806	362.064468	362.10346	
8.070574	362.406576	362.391439	362.118597	362.15582	
8.080548	362.459288	362.443799	362.171308	362.20818	
8.090659	362.513347	362.496159	362.225367	362.26054	
8.100796	362.56814	362.557246	362.280161	362.312899	
8.110954	362.623683	362.600879	362.335704	362.365259	
8.121118	362.679901	362.661965	362.391922	362.417619	
8.132887	362.745893	362.714325	362.457914	362.469979	
8.141469	362.794293	362.766685	362.506314	362.531066	
8.151632	362.852356	362.827772	362.564376	362.583425	
8.169565	362.957143	362.880131	362.669163	362.635785	
8.182443	363.033205	363.002304	362.745226	362.749232	
8.186968	363.059899	363.028484	362.77192	362.775412	
8.197109	363.120585	363.098298	362.832606	362.836498	
8.2073	363.182403	363.150657	362.894424	362.888858	
8.217398	363.243863	363.220471	362.955884	362.958671	
8.227623	363.306945	363.290284	363.018965	363.011031	
8.237823	363.370508	363.360097	363.082529	363.080844	
8.247967	363.434282	363.421183	363.146303	363.141931	
8.258161	363.499033	363.490997	363.211054	363.203017	
8.268211	363.563458	363.56081	363.275479	363.272831	
8.278358	363.629139	363.630623	363.34116	363.342644	
8.288601	363.696068	363.700436	363.408088	363.40373	
8.298727	363.762863	363.770249	363.474884	363.473543	
8.308854	363.830234	363.848789	363.542254	363.543357	
8.318994	363.898328	363.918602	363.610349	363.61317	
8.329115	363.966923	363.988416	363.678943	363.682983	
8.339422	364.037442	364.058229	363.749462	363.752796	
8.349531	364.107144	364.128042	363.819165	363.822609	
8.359665	364.177699	364.197855	363.889719	363.892422	
8.369956	364.249987	364.276395	363.962008	363.970962	
8.379939	364.320637	364.354935	364.032657	364.040775	
8.390166	364.393714	364.433474	364.105734	364.119315	
8.40029	364.466653	364.503288	364.178673	364.189128	
8.410482	364.540692	364.581827	364.252713	364.267668	
8.420608	364.614865	364.651641	364.326886	364.346208	
8.430687	364.689347	364.738907	364.401367	364.424748	
8.440968	364.765931	364.817447	364.477952	364.494561	
8.451058	364.84166	364.895987	364.553681	364.581827	
8.461258	364.918865	364.9658	364.630886	364.660367	
8.47139	364.996161	365.035613	364.708182	364.738907	
8.481741	365.075825	365.12288	364.787846	364.80872	
8.491658	365.15268	365.210146	364.864701	364.895987	
8.501817	365.232037	365.279959	364.944058	364.974527	
8.511955	365.311886	365.358499	365.023907	365.053066	
8.522116	365.392497	365.445765	365.104518	365.140333	
8.532244	365.473492	365.524305	365.185513	365.218873	
8.542493	365.556113	365.611572	365.268134	365.297412	
8.552677	365.638758	365.698838	365.350779	365.384679	
8.562747	365.72109	365.768651	365.433111	365.471945	
8.572831	365.804171	365.855918	365.516192	365.550485	
8.583443	365.892346	365.943184	365.604367	365.637752	
8.593166	365.973579	366.030451	365.685599	365.725018	
8.603375	366.059574	366.117717	365.771594	365.812285	
8.613486	366.145371	366.196257	365.857391	365.899551	
8.623594	366.231729	366.29225	365.94375	365.986817	
8.633848	366.319988	366.37079	366.032009	366.074084	
8.644412	366.411604	366.466783	366.123624	366.170077	
8.654409	366.498789	366.55405	366.21081	366.257344	
8.664588	366.588242	366.641316	366.300263	366.34461	
8.674702	366.67779	366.728582	366.38981	366.440603	
8.684885	366.768518	366.815849	366.480539	366.52787	
8.695092	366.860123	366.911842	366.572144	366.623863	
8.705237	366.951805	366.999108	366.663826	366.711129	
8.715459	367.044721	367.095102	366.756741	366.807122	
8.725533	367.13695	367.182368	366.84897	366.903115	
8.735693	367.230597	367.269634	366.942618	366.999108	
8.746006	367.326345	367.374354	367.038365	367.086375	
8.756078	367.420335	367.461621	367.132356	367.182368	
8.76624	367.515892	367.548887	367.227913	367.287088	
8.776353	367.611544	367.653607	367.323565	367.374354	
8.786553	367.708655	367.7496	367.420676	367.470347	
8.79669	367.80582	367.836867	367.517841	367.56634	
8.806854	367.903816	367.93286	367.615836	367.67106	
8.817053	368.002774	368.037579	367.714794	367.767053	
8.827146	368.10134	368.133572	367.813361	367.871773	
8.837336	368.20147	368.238292	367.913491	367.967766	
8.847526	368.302303	368.334285	368.014324	368.072486	
8.857698	368.403429	368.430278	368.11545	368.177206	
8.867818	368.50471	368.534998	368.216731	368.281925	
8.879087	368.618353	368.648445	368.330374	368.395372	
8.888277	368.711377	368.735711	368.423398	368.482638	
8.898452	368.815121	368.840431	368.527142	368.596085	
8.908553	368.918659	368.945151	368.63068	368.700804	
8.918754	369.023912	369.04987	368.735933	368.805524	
8.928916	369.129329	369.15459	368.84135	368.910244	
8.939036	369.234924	369.25931	368.946944	369.014964	
8.949298	369.342699	369.36403	369.05472	369.12841	
8.959377	369.449478	369.468749	369.161499	369.23313	
8.969583	369.55748	369.573469	369.269501	369.33785	
8.979713	369.665651	369.695642	369.377672	369.442569	
8.989795	369.77395	369.800362	369.485971	369.556016	
9.000005	369.884253	369.913808	369.596274	369.660736	
9.010183	369.994799	370.027255	369.706819	369.774182	
9.020308	370.105414	370.131974	369.817435	369.878902	
9.030429	370.216568	370.245421	369.928589	369.992348	
9.040611	370.329082	370.358867	370.041103	370.105795	
9.05096	370.444067	370.472314	370.156087	370.219241	
9.060942	370.555471	370.58576	370.267492	370.323961	
9.071116	370.669726	370.699206	370.381747	370.42868	
9.08128	370.784499	370.812653	370.49652	370.542127	
9.091795	370.903887	370.934826	370.615907	370.655573	
9.101562	371.015309	371.056999	370.72733	370.760293	
9.111677	371.131361	371.170445	370.843382	370.873739	
9.121859	371.248783	371.283892	370.960803	370.987186	
9.131954	371.36581	371.414791	371.07783	371.109359	
9.14212	371.484364	371.528238	371.196385	371.222805	
9.152324	371.603917	371.650411	371.315938	371.336252	
9.162463	371.723264	371.772584	371.435285	371.458425	
9.172693	371.844384	371.903484	371.556405	371.580598	
9.182766	371.964238	372.01693	371.676259	371.694044	
9.193277	372.090017	372.14783	371.802037	371.816217	
9.203066	372.207639	372.270003	371.91966	371.93839	
9.213179	372.329007	372.400902	372.041028	372.06929	
9.223356	372.451083	372.523076	372.163104	372.191463	
9.233444	372.572163	372.645249	372.284184	372.313636	
9.243654	372.694743	372.776148	372.406764	372.444536	
9.253877	372.817395	372.898321	372.529416	372.566709	
9.263944	372.938187	373.029221	372.650208	372.697608	
9.282111	373.156191	373.256114	372.868212	372.924501	
9.28663	373.210395	373.308474	372.922416	372.985588	
9.296928	373.334067	373.430647	373.046088	373.116487	
9.307008	373.454955	373.55282	373.166976	373.247387	
9.317523	373.581159	373.683719	373.29318	373.378287	
9.327275	373.698147	373.797166	373.410168	373.50046	
9.337435	373.820079	373.928066	373.5321	373.63136	
9.348302	373.950591	374.041512	373.662612	373.762259	
9.357848	374.065059	374.172412	373.77708	373.893159	
9.367968	374.186463	374.285858	373.898484	374.024059	
9.378235	374.309679	374.416758	374.0217	374.146232	
9.388245	374.429763	374.530204	374.141784	374.277131	
9.398435	374.552103	374.661104	374.264124	374.408031	
9.408634	374.674467	374.77455	374.386488	374.530204	
9.418735	374.795655	374.90545	374.507676	374.652377	
9.42887	374.917287	375.018896	374.629308	374.783277	
9.438998	375.038799	375.141069	374.75082	374.90545	
9.449836	375.168975	375.263242	374.880996	375.027623	
9.459473	375.284559	375.376689	374.99658	375.149796	
9.469497	375.404787	375.498862	375.116808	375.271969	
9.47963	375.526395	375.612308	375.238416	375.394142	
9.489797	375.648423	375.743208	375.360444	375.516315	
9.499927	375.769947	375.856654	375.481968	375.629762	
9.510104	375.892107	375.978827	375.604128	375.751935	
9.520276	376.014183	376.101001	375.726204	375.874108	
9.53037	376.135299	376.223174	375.84732	375.987554	
9.540543	376.257411	376.345347	375.969432	376.101001	
9.552123	376.396431	376.458793	376.108452	376.223174	
9.560931	376.502055	376.589693	376.214076	376.33662	
9.570998	376.622799	376.694412	376.33482	376.450066	
9.581125	376.744371	376.825312	376.456392	376.563513	
9.591299	376.866459	376.938759	376.57848	376.676959	
9.603552	377.013531	377.078385	376.725552	376.816586	
9.624503	377.264943	377.209285	376.976964	376.930032	
9.629031	377.319195	377.392544	377.031216	377.104565	
9.639233	377.441631	377.514717	377.153652	377.226738	
9.649325	377.562783	377.63689	377.274804	377.340184	
9.667789	377.784387	377.863783	377.496408	377.549624	
9.672351	377.839095	377.916143	377.551116	377.61071	
9.682565	377.961651	378.038316	377.673672	377.724157	
9.700668	378.175996	378.160489	377.888016	377.84633	
9.70531	378.230998	378.317569	377.943018	377.994683	
9.715495	378.350898	378.439742	378.062919	378.116856	
9.725556	378.468754	378.561915	378.180775	378.239029	
9.735715	378.587201	378.684088	378.299222	378.361202	
9.7459	378.705254	378.806261	378.417275	378.483375	
9.756583	378.828516	378.928434	378.540536	378.596821	
9.766255	378.939469	379.050607	378.65149	378.727721	
9.776326	379.054366	379.17278	378.766386	378.841167	
9.786504	379.169912	379.286226	378.881933	378.96334	
9.796619	379.284195	379.417126	378.996216	379.085514	
9.806809	379.398662	379.521846	379.110683	379.207687	
9.816976	379.512226	379.635292	379.224247	379.32986	
9.827127	379.625035	379.748739	379.337056	379.443306	
9.837278	379.737233	379.870912	379.449254	379.556752	
9.847427	379.84882	379.975631	379.560841	379.678925	
9.858221	379.966841	380.080351	379.678862	379.783645	
9.867774	380.070656	380.202524	379.782676	379.905818	
9.879901	380.201593	380.307244	379.913614	380.019265	
9.887996	380.28863	380.411964	380.00065	380.132711	
9.898162	380.397316	380.516684	380.109337	380.237431	
9.908296	380.505064	380.621403	380.217084	380.350877	
9.91847	380.612612	380.726123	380.324633	380.455597	
9.928667	380.719818	380.830843	380.431839	380.560317	
9.93879	380.82559	380.926836	380.537611	380.665037	
9.94887	380.930354	381.031556	380.642375	380.769756	
9.959783	381.043104	381.127549	380.755125	380.865749	
9.969262	381.140423	381.232269	380.852444	380.970469	
9.97943	381.244239	381.328262	380.956259	381.075189	
9.989528	381.346748	381.424255	381.058769	381.179909	
9.999667	381.449074	381.520248	381.161095	381.275902	
10.00991	381.551776	381.616241	381.263797	381.371895	
10.02001	381.652534	381.720961	381.364554	381.467888	
10.03014	381.752913	381.816954	381.464933	381.563881	
10.04029	381.85289	381.912947	381.56491	381.668601	
10.05057	381.953547	382.000213	381.665568	381.764594	
10.06142	382.05907	382.104933	381.771091	381.85186	
10.07078	382.149608	382.200926	381.861629	381.947854	
10.08094	382.24725	382.288193	381.959271	382.043847	
10.09104	382.343695	382.384186	382.055715	382.131113	
10.10116	382.439715	382.480179	382.151735	382.227106	
10.11134	382.535755	382.576172	382.247776	382.314373	
10.1215	382.630997	382.663438	382.343018	382.401639	
10.13167	382.725637	382.768158	382.437658	382.497632	
10.14175	382.818897	382.855425	382.530918	382.584899	
10.15196	382.912767	382.942691	382.624787	382.672165	
10.16355	383.018396	383.047411	382.730416	382.759432	
10.17247	383.09938	383.143404	382.8114	382.855425	
10.18269	383.19135	383.230671	382.90337	382.933965	
10.19282	383.282066	383.326664	382.994086	383.029958	
10.2029	383.371691	383.422657	383.083711	383.108497	
10.21358	383.465878	383.509923	383.177898	383.204491	
10.22323	383.550533	383.605916	383.262554	383.28303	
10.23337	383.638882	383.693183	383.350902	383.370297	
10.24356	383.726956	383.780449	383.438976	383.457563	
10.25362	383.813423	383.867716	383.525444	383.54483	
10.26513	383.911505	383.954982	383.623526	383.62337	
10.27402	383.986796	384.042249	383.698817	383.710636	
10.29202	384.136881	384.199328	383.848902	383.867716	
10.29663	384.175401	384.234235	383.887422	383.902622	
10.30672	384.258935	384.321501	383.970956	383.989889	
10.31712	384.344346	384.408768	384.056366	384.068429	
10.3271	384.42574	384.487308	384.13776	384.146968	
10.33728	384.508123	384.574574	384.220144	384.234235	
10.34746	384.589928	384.653114	384.301948	384.321501	
10.35755	384.670427	384.731654	384.382447	384.400041	
10.36822	384.754886	384.81892	384.466906	384.478581	
10.37795	384.831305	384.89746	384.543326	384.565847	
10.38804	384.909997	384.967273	384.622018	384.635661	
10.39818	384.988425	385.045813	384.700445	384.722927	
10.40835	385.066474	385.124353	384.778495	384.801467	
10.41852	385.143974	385.194166	384.855995	384.880007	
10.42867	385.2207	385.281432	384.932721	384.94982	
10.43882	385.296699	385.351246	385.00872	385.02836	
10.44898	385.372336	385.421059	385.084357	385.106899	
10.45908	385.44686	385.490872	385.158881	385.176713	
10.46981	385.525327	385.560685	385.237347	385.255252	
10.47948	385.595485	385.630498	385.307506	385.325066	
10.48958	385.668188	385.700311	385.380209	385.403605	
10.49974	385.740684	385.770125	385.452705	385.473419	
10.50984	385.812189	385.831211	385.52421	385.543232	
10.52029	385.88558	385.892298	385.597601	385.613045	
10.53021	385.954571	385.953384	385.666591	385.682858	
10.54036	386.024617	386.023197	385.736638	385.752671	
10.55048	386.093801	386.084284	385.805822	385.822484	
10.56065	386.162805	386.154097	385.874825	385.892298	
10.57181	386.23772	386.22391	385.949741	385.962111	
10.58098	386.298761	386.284997	386.010782	386.031924	
10.59106	386.365339	386.346083	386.07736	386.09301	
10.60128	386.432145	386.40717	386.144165	386.154097	
10.61171	386.499768	386.468256	386.211789	386.22391	
10.62151	386.562681	386.538069	386.274701	386.284997	
10.63167	386.627313	386.607883	386.339334	386.346083	
10.64179	386.691091	386.660242	386.403112	386.415896	
10.65193	386.754391	386.730056	386.466411	386.476983	
10.66209	386.817281	386.782416	386.529302	386.538069	
10.67315	386.884921	386.852229	386.596942	386.590429	
10.68246	386.94135	386.922042	386.653371	386.660242	
10.69264	387.002459	386.983128	386.714479	386.721329	
10.70273	387.062491	387.044215	386.774511	386.782416	
10.71324	387.124259	387.105301	386.83628	386.834775	
10.72301	387.181206	387.166388	386.893226	386.904589	
10.73315	387.239688	387.227474	386.951709	386.956948	
10.74333	387.297769	387.279834	387.00979	387.018035	
10.75341	387.354665	387.340921	387.066686	387.079122	
10.76369	387.412154	387.402007	387.124175	387.131481	
10.77476	387.473251	387.445641	387.185272	387.192568	
10.78402	387.523927	387.506727	387.235947	387.244928	
10.79425	387.579202	387.55036	387.291223	387.297288	
10.80433	387.633187	387.611447	387.345208	387.358374	
10.81464	387.687684	387.65508	387.399704	387.410734	
10.82476	387.740592	387.716167	387.452613	387.463094	
10.83487	387.792856	387.7598	387.504877	387.515454	
10.84502	387.844728	387.820886	387.556749	387.567814	
10.85517	387.896023	387.86452	387.608044	387.620174	
10.86532	387.946675	387.91688	387.658696	387.672533	
10.87637	388.001122	387.969239	387.713142	387.716167	
10.88566	388.046424	388.012873	387.758445	387.768527	
10.89578	388.095103	388.065233	387.807124	387.81216	
10.90594	388.143418	388.108866	387.855439	387.86452	
10.91606	388.190951	388.161226	387.902972	387.908153	
10.92626	388.238272	388.213586	387.950293	387.951786	
10.9364	388.28464	388.248492	387.996661	387.995419	
10.94671	388.331229	388.300852	388.043249	388.039053	
10.95669	388.375742	388.344485	388.087762	388.082686	
10.96682	388.420325	388.388118	388.132346	388.126319	
10.97805	388.468986	388.423025	388.181007	388.169952	
10.9872	388.508129	388.475385	388.22015	388.213586	
10.99733	388.550921	388.519018	388.262941	388.257219	
11.00753	388.593347	388.562651	388.305367	388.292125	
11.01762	388.634767	388.606285	388.346787	388.335759	
11.02777	388.675824	388.649918	388.387844	388.370665	
11.03797	388.716473	388.693551	388.428494	388.414298	
11.04832	388.757116	388.737184	388.469137	388.449205	
11.05832	388.7958	388.772091	388.507821	388.484112	
11.06838	388.834126	388.806997	388.546147	388.527745	
11.0797	388.876481	388.841904	388.588502	388.562651	
11.0888	388.910065	388.885537	388.622086	388.597558	
11.09891	388.946794	388.920444	388.658814	388.632465	
11.10908	388.983128	388.964077	388.695149	388.667371	
11.11916	389.018549	388.998984	388.73057	388.702278	
11.12942	389.054002	389.042617	388.766023	388.737184	
11.13963	389.088691	389.077524	388.800711	388.772091	
11.14975	389.122477	389.121157	388.834498	388.806997	
11.15992	389.155797	389.156063	388.867817	388.841904	
11.17022	389.189562	389.19097	388.901583	388.876811	
11.18136	389.224098	389.225876	388.936118	388.911717	
11.19043	389.252265	389.260783	388.964286	388.946624	
11.20052	389.282976	389.286963	388.994997	388.972804	
11.21068	389.313343	389.32187	389.025363	389.00771	
11.22075	389.34283	389.34805	389.054851	389.03389	
11.23094	389.372069	389.382956	389.084089	389.068797	
11.24111	389.400651	389.409136	389.112672	389.094977	
11.25128	389.428665	389.435316	389.140686	389.121157	
11.26145	389.456072	389.470223	389.168093	389.156063	
11.27177	389.483277	389.505129	389.195298	389.182243	
11.28314	389.51247	389.531309	389.22449	389.208423	
11.2919	389.534569	389.557489	389.24659	389.234603	
11.30224	389.560032	389.583669	389.272052	389.260783	
11.31216	389.583878	389.609849	389.295899	389.286963	
11.32237	389.60786	389.644756	389.31988	389.313143	
11.33247	389.630969	389.662209	389.34299	389.339323	
11.3427	389.653792	389.679662	389.365812	389.365503	
11.35282	389.675787	389.714569	389.387807	389.391683	
11.36299	389.697325	389.740749	389.409346	389.417863	
11.37342	389.718764	389.758202	389.430785	389.435316	
11.38472	389.741267	389.784382	389.453287	389.461496	
11.39339	389.758153	389.810562	389.470173	389.487676	
11.40354	389.777315	389.828015	389.489336	389.505129	
11.41367	389.795853	389.854195	389.507874	389.531309	
11.42378	389.813795	389.880375	389.525816	389.557489	
11.43402	389.831372	389.889102	389.543392	389.574942	
11.45197	389.859984	389.924008	389.572005	389.609849	
11.45654	389.867316	389.924008	389.579337	389.618576	
11.4667	389.882912	389.932735	389.594932	389.636029	
11.4768	389.897849	389.941461	389.609869	389.644756	
11.48747	389.912987	389.932735	389.625008	389.653482	
11.49769	389.926921	389.924008	389.638942	389.653482	
11.50781	389.940157	389.924008	389.652178	389.644756	
11.51795	389.952871	389.924008	389.664891	389.644756	
11.52805	389.964974	389.924008	389.676994	389.636029	
11.53831	389.976695	389.924008	389.688715	389.627302	
11.54841	389.987687	389.941461	389.699708	389.636029	
11.55853	389.998159	389.950188	389.71018	389.636029	
11.56872	390.008145	389.958915	389.720165	389.644756	
11.57882	390.017501	389.958915	389.729522	389.653482	
11.58908	390.026448	389.976368	389.738469	389.662209	
11.59924	390.034769	389.985095	389.74679	389.662209	
11.60935	390.042526	389.993821	389.754546	389.670935	
11.62847	390.054869	390.011275	389.76689	389.688389	
11.63344	390.058141	390.011275	389.770162	389.688389	
11.6432	390.063971	390.028728	389.775992	389.697115	
11.65333	390.06952	390.028728	389.781541	389.705842	
11.66347	390.074585	390.037455	389.786606	389.714569	
11.67365	390.079185	390.054908	389.791205	389.723295	
11.68385	390.083309	390.063635	389.795329	389.732022	
11.69425	390.08703	390.063635	389.799051	389.749475	
11.70421	390.090175	390.063635	389.802195	389.758202	
11.71438	390.092946	390.063635	389.804967	389.758202	
11.72443	390.095289	390.054908	389.807309	389.758202	
11.73478	390.097289	390.037455	389.80931	389.749475	
11.74496	390.098899	390.028728	389.81092	389.740749	
11.75509	390.103585	390.020001	389.815605	389.732022	
11.76528	390.103585	390.020001	389.815605	389.723295	
11.77537	390.103585	390.020001	389.815605	389.723295	
11.78558	390.103585	390.028728	389.815605	389.723295	
11.79586	390.103585	390.028728	389.815605	389.732022	
11.80597	390.103585	390.037455	389.815605	389.732022	
11.81611	390.103585	390.054908	389.815605	389.740749	
11.82632	390.103585	390.063635	389.815605	389.749475	
11.83645	390.103585	390.072361	389.815605	389.758202	
11.84661	390.103585	390.081088	389.815605	389.758202	
11.85679	390.103585	390.081088	389.815605	389.758202	
11.86693	390.103585	390.081088	389.815605	389.749475	
11.87704	390.103585	390.063635	389.815605	389.740749	
11.88724	390.103585	390.063635	389.815605	389.732022	
11.89754	390.103585	390.054908	389.815605	389.723295	
11.90753	390.103585	390.037455	389.815605	389.723295	
11.91764	390.103585	390.028728	389.815605	389.723295	
11.92779	390.103585	390.011275	389.815605	389.723295	
11.93798	390.103585	390.011275	389.815605	389.723295	
11.94809	390.103585	390.002548	389.815605	389.732022	
11.95821	390.103585	390.002548	389.815605	389.740749	
11.9684	390.103585	390.011275	389.815605	389.758202	
11.97855	390.103585	390.011275	389.815605	389.766929	
11.98871	390.103585	390.020001	389.815605	389.775655	
11.99893	390.103585	390.028728	389.815605	389.775655	
12.00907	390.103585	390.037455	389.815605	389.766929	
12.01919	390.103585	390.054908	389.815605	389.766929	
12.0293	390.103585	390.063635	389.815605	389.758202	
12.03944	390.103585	390.089814	389.815605	389.740749	
12.04965	390.103585	390.098541	389.815605	389.732022	
12.05989	390.103585	390.098541	389.815605	389.723295	
12.06997	390.103585	390.115994	389.815605	389.714569	
12.08015	390.103585	390.115994	389.815605	389.714569	
12.09048	390.103585	390.115994	389.815605	389.714569	
12.10055	390.103585	390.107268	389.815605	389.723295	
12.11062	390.103585	390.098541	389.815605	389.732022	
12.12079	390.103585	390.098541	389.815605	389.740749	
12.13092	390.103585	390.098541	389.815605	389.758202	
12.14102	390.103585	390.098541	389.815605	389.766929	
12.15127	390.103585	390.098541	389.815605	389.784382	
12.16137	390.103585	390.098541	389.815605	389.793108	
12.17151	390.103585	390.098541	389.815605	389.801835	
12.18162	390.103585	390.098541	389.815605	389.793108	
12.19192	390.103585	390.098541	389.815605	389.793108	
12.202	390.103585	390.098541	389.815605	389.784382	
12.2121	390.103585	390.098541	389.815605	389.784382	
12.22226	390.103585	390.098541	389.815605	389.793108	
12.23238	390.103585	390.098541	389.815605	389.793108	
12.25089	390.103585	390.098541	389.815605	389.801835	
12.25545	390.103585	390.098541	389.815605	389.801835	
12.26563	390.103585	390.098541	389.815605	389.801835	
12.27584	390.103585	390.098541	389.815605	389.801835	
12.28591	390.103585	390.098541	389.815605	389.801835	
12.29609	390.103585	390.098541	389.815605	389.801835	
12.30635	390.103585	390.098541	389.815605	389.801835	
12.31642	390.103585	390.098541	389.815605	389.801835	
12.32656	390.103585	390.098541	389.815605	389.801835	
12.33672	390.103585	390.098541	389.815605	389.801835	
12.34689	390.103585	390.098541	389.815605	389.801835	
12.35706	390.103585	390.098541	389.815605	389.801835	
12.36723	390.103585	390.098541	389.815605	389.801835	
12.37741	390.103585	390.098541	389.815605	389.801835	
12.38757	390.103585	390.098541	389.815605	389.801835	
12.3977	390.103585	390.098541	389.815605	389.801835	
12.4079	390.103585	390.098541	389.815605	389.801835	
12.41804	390.103585	390.098541	389.815605	389.801835	
12.42813	390.103585	390.098541	389.815605	389.801835	
12.43832	390.103585	390.098541	389.815605	389.801835	
12.44848	390.103585	390.098541	389.815605	389.801835	
12.45869	390.103585	390.098541	389.815605	389.801835	
12.46879	390.103585	390.098541	389.815605	389.801835	
12.47894	390.103585	390.098541	389.815605	389.801835	
12.48911	390.103585	390.098541	389.815605	389.801835	
12.49925	390.103585	390.098541	389.815605	389.801835	
12.50941	390.103585	390.098541	389.815605	389.801835	
12.51956	390.103585	390.098541	389.815605	389.801835	
12.52965	390.103585	390.098541	389.815605	389.801835	
12.53991	390.103585	390.098541	389.815605	389.801835	
12.55002	390.103585	390.098541	389.815605	389.801835	
12.56018	390.103585	390.098541	389.815605	389.801835	
